#
# There is insufficient memory for the Java Runtime Environment to continue.
# Native memory allocation (mmap) failed to map 201326592 bytes for G1 virtual space
# Possible reasons:
#   The system is out of physical RAM or swap space
#   The process is running with CompressedOops enabled, and the Java Heap may be blocking the growth of the native heap
# Possible solutions:
#   Reduce memory load on the system
#   Increase physical memory or swap space
#   Check if swap backing store is full
#   Decrease Java heap size (-Xmx/-Xms)
#   Decrease number of Java threads
#   Decrease Java thread stack sizes (-Xss)
#   Set larger code cache with -XX:ReservedCodeCacheSize=
#   JVM is running with Zero Based Compressed Oops mode in which the Java heap is
#     placed in the first 32GB address space. The Java Heap base address is the
#     maximum limit for the native heap growth. Please use -XX:HeapBaseMinAddress
#     to set the Java Heap base and to place the Java Heap above 32GB virtual address.
# This output file may be truncated or incomplete.
#
#  Out of Memory Error (os_windows.cpp:3550), pid=32396, tid=31436
#
# JRE version:  (17.0.8+9) (build )
# Java VM: Java HotSpot(TM) 64-Bit Server VM (17.0.8+9-LTS-211, mixed mode, sharing, tiered, compressed oops, compressed class ptrs, g1 gc, windows-amd64)
# No core dump will be written. Minidumps are not enabled by default on client versions of Windows
#

---------------  S U M M A R Y ------------

Command Line: -ea -Dfile.encoding=UTF-8 -XX:+ShowCodeDetailsInExceptionMessages org.eclipse.jdt.internal.junit.runner.RemoteTestRunner -version 3 -port 63452 -testLoaderClass org.eclipse.jdt.internal.junit5.runner.JUnit5TestLoader -loaderpluginname org.eclipse.jdt.junit5.runtime -test fr.gestionformation.web.SessionRestControllerTest:should_return_list_of_sessions

Host: Intel(R) Core(TM) i3-6006U CPU @ 2.00GHz, 4 cores, 11G,  Windows 10 , 64 bit Build 19041 (10.0.19041.3393)
Time: Sun Oct  1 21:24:28 2023 Paris, Madrid (heure duild 19041 (10.0.19041.3393) elapsed time: 0.059663 seconds (0d 0h 0m 0s)

---------------  T H R E A D  ---------------

Current thread (0x00000224901d3a00):  JavaThread "Unknown thread" [_thread_in_vm, id=31436, stack(0x000000cdd4b00000,0x000000cdd4c00000)]

Stack: [0x000000cdd4b00000,0x000000cdd4c00000]
Native frames: (J=compiled Java code, j=interpreted, Vv=VM code, C=native code)
V  [jvm.dll+0x677d0a]
V  [jvm.dll+0x7d8c54]
V  [jvm.dll+0x7da3fe]
V  [jvm.dll+0x7daa63]
V  [jvm.dll+0x245c5f]
V  [jvm.dll+0x674bb9]
V  [jvm.dll+0x6694f2]
V  [jvm.dll+0x3031d6]
V  [jvm.dll+0x30a756]
V  [jvm.dll+0x359f9e]
V  [jvm.dll+0x35a1cf]
V  [jvm.dll+0x2da3e8]
V  [jvm.dll+0x2db354]
V  [jvm.dll+0x7aa711]
V  [jvm.dll+0x367b51]
V  [jvm.dll+0x789979]
V  [jvm.dll+0x3eb05f]
V  [jvm.dll+0x3ecae1]
C  [jli.dll+0x5297]
C  [ucrtbase.dll+0x21bb2]
C  [KERNEL32.DLL+0x17344]
C  [ntdll.dll+0x526b1]


---------------  P R O C E S S  ---------------

Threads class SMR info:
_java_thread_list=0x00007ffed17b59d8, length=0, elements={
}

Java Threads: ( => current thread )

Other Threads:
  0x000002249022a3f0 GCTaskThread "GC Thread#0" [stack: 0x000000cdd4c00000,0x000000cdd4d00000] [id=24324]
  0x0000022490237960 ConcurrentGCThread "G1 Main Marker" [stack: 0x000000cdd4d00000,0x000000cdd4e00000] [id=36676]
  0x0000022490238370 ConcurrentGCThread "G1 Conc#0" [stack: 0x000000cdd4e00000,0x000000cdd4f00000] [id=36972]

[error occurred during error reporting (printing all threads), id 0xc0000005, EXCEPTION_ACCESS_VIOLATION (0xc0000005) at pc=0x00007ffed0feb047]

VM state: not at safepoint (not fully initialized)

VM Mutex/Monitor currently owned by a thread:  ([mutex/lock_event])
[0x00000224901ce6b0] Heap_lock - owner thread: 0x00000224901d3a00

Heap address: 0x0000000741600000, size: 3050 MB, Compressed Oops mode: Zero based, Oop shift amount: 3

CDS archive(s) mapped at: [0x0000000000000000-0x0000000000000000-0x0000000000000000), size 0, SharedBaseAddress: 0x0000000800000000, ArchiveRelocationMode: 1.
Narrow klass base: 0x0000000000000000, Narrow klass shift: 0, Narrow klass range: 0x0

GC Precious Log:
<Empty>

Heap:
 garbage-first heap   total 0K, used 0K [0x0000000741600000, 0x0000000800000000)
  region size 2048K, 0 young (0K), 0 survivors (0K)

[error occurred during error reporting (printing heap information), id 0xc0000005, EXCEPTION_ACCESS_VIOLATION (0xc0000005) at pc=0x00007ffed13d1499]

GC Heap History (0 events):
No events

Deoptimization events (0 events):
No events

Classes unloaded (0 events):
No events

Classes redefined (0 events):
No events

Internal exceptions (0 events):
No events

VM Operations (0 events):
No events

Events (1 events):
Event: 0.037 Loaded shared library C:\Program Files\Java\jdk-17\bin\java.dll


Dynamic libraries:
0x00007ff79ef70000 - 0x00007ff79ef80000 	C:\Program Files\Java\jdk-17\bin\javaw.exe
0x00007fff10110000 - 0x00007fff10308000 	C:\WINDOWS\SYSTEM32\ntdll.dll
0x00007fff0f100000 - 0x00007fff0f1bd000 	C:\WINDOWS\System32\KERNEL32.DLL
0x00007fff0d820000 - 0x00007fff0db16000 	C:\WINDOWS\System32\KERNELBASE.dll
0x00007fff0db20000 - 0x00007fff0dc20000 	C:\WINDOWS\System32\ucrtbase.dll
0x00007fff062d0000 - 0x00007fff062e9000 	C:\Program Files\Java\jdk-17\bin\jli.dll
0x00007fff0f800000 - 0x00007fff0f8ae000 	C:\WINDOWS\System32\ADVAPI32.dll
0x00007fff0fb10000 - 0x00007fff0fbae000 	C:\WINDOWS\System32\msvcrt.dll
0x00007fff0f220000 - 0x00007fff0f2bc000 	C:\WINDOWS\System32\sechost.dll
0x00007fff0fed0000 - 0x00007fff0fff6000 	C:\WINDOWS\System32\RPCRT4.dll
0x00007fff0e2f0000 - 0x00007fff0e48e000 	C:\WINDOWS\System32\USER32.dll
0x00007fff0d7f0000 - 0x00007fff0d812000 	C:\WINDOWS\System32\win32u.dll
0x00007fff0ec60000 - 0x00007fff0ec8c000 	C:\WINDOWS\System32\GDI32.dll
0x00007fff0df70000 - 0x00007fff0e08a000 	C:\WINDOWS\System32\gdi32full.dll
0x00007fff0dc90000 - 0x00007fff0dd2d000 	C:\WINDOWS\System32\msvcp_win.dll
0x00007fff05bb0000 - 0x00007fff05bcb000 	C:\Program Files\Java\jdk-17\bin\VCRUNTIME140.dll
0x00007ffefe830000 - 0x00007ffefeaca000 	C:\WINDOWS\WinSxS\amd64_microsoft.windows.common-controls_6595b64144ccf1df_6.0.19041.1110_none_60b5254171f9507e\COMCTL32.dll
0x00007fff06110000 - 0x00007fff0611a000 	C:\WINDOWS\SYSTEM32\VERSION.dll
0x00007fff0fa30000 - 0x00007fff0fa60000 	C:\WINDOWS\System32\IMM32.DLL
0x00007fff0ab60000 - 0x00007fff0ab6c000 	C:\Program Files\Java\jdk-17\bin\vcruntime140_1.dll
0x00007ffefd340000 - 0x00007ffefd3ce000 	C:\Program Files\Java\jdk-17\bin\msvcp140.dll
0x00007ffed0d00000 - 0x00007ffed18de000 	C:\Program Files\Java\jdk-17\bin\server\jvm.dll
0x00007fff0f7d0000 - 0x00007fff0f7d8000 	C:\WINDOWS\System32\PSAPI.DLL
0x00007ffef0550000 - 0x00007ffef0559000 	C:\WINDOWS\SYSTEM32\WSOCK32.dll
0x00007fff10000000 - 0x00007fff1006b000 	C:\WINDOWS\System32\WS2_32.dll
0x00007ffeefac0000 - 0x00007ffeefae7000 	C:\WINDOWS\SYSTEM32\WINMM.dll
0x00007fff0bfd0000 - 0x00007fff0bfe2000 	C:\WINDOWS\SYSTEM32\kernel.appcore.dll
0x00007fff090c0000 - 0x00007fff090ca000 	C:\Program Files\Java\jdk-17\bin\jimage.dll
0x00007fff0bdc0000 - 0x00007fff0bfa4000 	C:\WINDOWS\SYSTEM32\DBGHELP.DLL
0x00007ffeff4b0000 - 0x00007ffeff4e4000 	C:\WINDOWS\SYSTEM32\dbgcore.DLL
0x00007fff0dd30000 - 0x00007fff0ddb2000 	C:\WINDOWS\System32\bcryptPrimitives.dll
0x00007ffefde40000 - 0x00007ffefde65000 	C:\Program Files\Java\jdk-17\bin\java.dll

dbghelp: loaded successfully - version: 4.0.5 - missing functions: none
symbol engine: initialized successfully - sym options: 0x614 - pdb path: .;C:\Program Files\Java\jdk-17\bin;C:\WINDOWS\SYSTEM32;C:\WINDOWS\WinSxS\amd64_microsoft.windows.common-controls_6595b64144ccf1df_6.0.19041.1110_none_60b5254171f9507e;C:\Program Files\Java\jdk-17\bin\server

VM Arguments:
jvm_args: -ea -Dfile.encoding=UTF-8 -XX:+ShowCodeDetailsInExceptionMessages 
java_command: org.eclipse.jdt.internal.junit.runner.RemoteTestRunner -version 3 -port 63452 -testLoaderClass org.eclipse.jdt.internal.junit5.runner.JUnit5TestLoader -loaderpluginname org.eclipse.jdt.junit5.runtime -test fr.gestionformation.web.SessionRestControllerTest:should_return_list_of_sessions
java_class_path (initial): D:\Developpement\eclipse workspace\gestion_formation_backend\target\test-classes;D:\Developpement\eclipse workspace\gestion_formation_backend\target\classes;C:\Users\moulo\.m2\repository\org\springframework\boot\spring-boot-starter-actuator\3.1.4\spring-boot-starter-actuator-3.1.4.jar;C:\Users\moulo\.m2\repository\org\springframework\boot\spring-boot-starter\3.1.4\spring-boot-starter-3.1.4.jar;C:\Users\moulo\.m2\repository\org\springframework\boot\spring-boot-starter-logging\3.1.4\spring-boot-starter-logging-3.1.4.jar;C:\Users\moulo\.m2\repository\ch\qos\logback\logback-classic\1.4.11\logback-classic-1.4.11.jar;C:\Users\moulo\.m2\repository\ch\qos\logback\logback-core\1.4.11\logback-core-1.4.11.jar;C:\Users\moulo\.m2\repository\org\apache\logging\log4j\log4j-to-slf4j\2.20.0\log4j-to-slf4j-2.20.0.jar;C:\Users\moulo\.m2\repository\org\apache\logging\log4j\log4j-api\2.20.0\log4j-api-2.20.0.jar;C:\Users\moulo\.m2\repository\org\slf4j\jul-to-slf4j\2.0.9\jul-to-slf4j-2.0.9.jar;C:\Users\moulo\.m2\repository\jakarta\annotation\jakarta.annotation-api\2.1.1\jakarta.annotation-api-2.1.1.jar;C:\Users\moulo\.m2\repository\org\yaml\snakeyaml\1.33\snakeyaml-1.33.jar;C:\Users\moulo\.m2\repository\org\springframework\boot\spring-boot-actuator-autoconfigure\3.1.4\spring-boot-actuator-autoconfigure-3.1.4.jar;C:\Users\moulo\.m2\repository\org\springframework\boot\spring-boot-actuator\3.1.4\spring-boot-actuator-3.1.4.jar;C:\Users\moulo\.m2\repository\com\fasterxml\jackson\core\jackson-databind\2.15.2\jackson-databind-2.15.2.jar;C:\Users\moulo\.m2\repository\com\fasterxml\jackson\core\jackson-annotations\2.15.2\jackson-annotations-2.15.2.jar;C:\Users\moulo\.m2\repository\com\fasterxml\jackson\core\jackson-core\2.15.2\jackson-core-2.15.2.jar;C:\Users\moulo\.m2\repository\com\fasterxml\jackson\datatype\jackson-datatype-jsr310\2.15.2\jackson-datatype-jsr310-2.15.2.jar;C:\Users\moulo\.m2\repository\io\micrometer\micrometer-observation\1.11.4\micrometer-observatio
Launcher Type: SUN_STANDARD

[Global flags]
     intx CICompilerCount                          = 3                                         {product} {ergonomic}
     uint ConcGCThreads                            = 1                                         {product} {ergonomic}
     uint G1ConcRefinementThreads                  = 4                                         {product} {ergonomic}
   size_t G1HeapRegionSize                         = 2097152                                   {product} {ergonomic}
    uintx GCDrainStackTargetSize                   = 64                                        {product} {ergonomic}
   size_t InitialHeapSize                          = 201326592                                 {product} {ergonomic}
   size_t MarkStackSize                            = 4194304                                   {product} {ergonomic}
   size_t MaxHeapSize                              = 3198156800                                {product} {ergonomic}
   size_t MinHeapDeltaBytes                        = 2097152                                   {product} {ergonomic}
   size_t MinHeapSize                              = 8388608                                   {product} {ergonomic}
    uintx NonNMethodCodeHeapSize                   = 5832780                                {pd product} {ergonomic}
    uintx NonProfiledCodeHeapSize                  = 122912730                              {pd product} {ergonomic}
    uintx ProfiledCodeHeapSize                     = 122912730                              {pd product} {ergonomic}
    uintx ReservedCodeCacheSize                    = 251658240                              {pd product} {ergonomic}
     bool SegmentedCodeCache                       = true                                      {product} {ergonomic}
     bool ShowCodeDetailsInExceptionMessages       = true                                   {manageable} {command line}
   size_t SoftMaxHeapSize                          = 3198156800                             {manageable} {ergonomic}
     bool UseCompressedClassPointers               = true                           {product lp64_product} {ergonomic}
     bool UseCompressedOops                        = true                           {product lp64_product} {ergonomic}
     bool UseG1GC                                  = true                                      {product} {ergonomic}
     bool UseLargePagesIndividualAllocation        = false                                  {pd product} {ergonomic}

Logging:
Log output configuration:
 #0: stdout all=warning uptime,level,tags
 #1: stderr all=off uptime,level,tags

Environment Variables:
JAVA_HOME=C:\Program Files\Java\jdk-17\bin
PATH=C:\Python311\Scripts\;C:\Python311\;C:\Program Files\Common Files\Oracle\Java\javapath;C:\Users\moulo\AppData\Local\Programs\Python\Python38\Scripts\;C:\Users\moulo\AppData\Local\Programs\Python\Python38\;C:\oraclexe\app\oracle\product\11.2.0\server\bin;C:\Program Files\Python38\Scripts\;C:\Program Files\Python38\;C:\Program Files\Java\jdk-11.0.2\bin;C:\WINDOWS\system32;C:\WINDOWS;C:\WINDOWS\System32\Wbem;C:\WINDOWS\System32\WindowsPowerShell\v1.0\;C:\WINDOWS\System32\OpenSSH\;C:\Program Files (x86)\Intel\Intel(R) Management Engine Components\DAL;C:\Program Files\Intel\Intel(R) Management Engine Components\DAL;C:\Program Files\PuTTY\;C:\Program Files\Git\cmd;C:\Program Files\Java\jdk-17\bin;C:\ProgramData\chocolatey\bin;C:\Program Files\dotnet\;C:\Program Files\Microsoft SQL Server\130\Tools\Binn\;C:\Program Files\nodejs\;C:\Users\moulo\anaconda3;C:\Users\moulo\anaconda3\Library\mingw-w64\bin;C:\Users\moulo\anaconda3\Library\usr\bin;C:\Users\moulo\anaconda3\Library\bin;C:\Users\moulo\anaconda3\Scripts;C:\Users\moulo\scoop\apps\nodejs\current\bin;C:\Users\moulo\scoop\apps\nodejs\current;C:\Users\moulo\scoop\apps\yarn\current\Yarn\bin;C:\Users\moulo\scoop\apps\yarn\current\global\node_modules\.bin;C:\Users\moulo\scoop\shims;C:\Users\moulo\AppData\Local\Microsoft\WindowsApps;C:\Users\moulo\AppData\Local\Programs\Microsoft VS Code\bin;C:\Tools\flutter\bin;C:\Users\moulo\AppData\Local\GitHubDesktop\bin;C:\Users\moulo\AppData\Local\Microsoft\WindowsApps;C:\Program Files\JetBrains\IntelliJ IDEA Educational Edition 2020.2.3\bin;;C:\Program Files\JetBrains\PyCharm Edu 2020.2.3\bin;;C:\Program Files\JetBrains\WebStorm 2020.2.3\bin;;C:\Users\moulo\.dotnet\tools;C:\Tools\apache-cassandra-3.11.9\bin;C:\Python27;C:\wamp64\bin\mysql\mysql5.7.24\bin;C:\Tools\apache-maven-3.8.1\bin;C:\Program Files\MongoDB\Server\4.2\bin;C:\Program Files\JetBrains\IntelliJ IDEA 2021.2\bin;;C:\Users\moulo\AppData\Roaming\npm
USERNAME=moulo
OS=Windows_NT
PROCESSOR_IDENTIFIER=Intel64 Family 6 Model 78 Stepping 3, GenuineIntel



---------------  S Y S T E M  ---------------

OS:
 Windows 10 , 64 bit Build 19041 (10.0.19041.3393)
OS uptime: 18 days 6:19 hours
Hyper-V role detected

CPU: total 4 (initial active 4) (2 cores per cpu, 2 threads per core) family 6 model 78 stepping 3 microcode 0xcc, cx8, cmov, fxsr, ht, mmx, 3dnowpref, sse, sse2, sse3, ssse3, sse4.1, sse4.2, popcnt, lzcnt, tsc, tscinvbit, avx, avx2, aes, erms, clmul, bmi1, bmi2, adx, fma, vzeroupper, clflush, clflushopt, hv

Memory: 4k page, system-wide physical 12197M (386M free)
TotalPageFile size 27300M (AvailPageFile size 84M)
current process WorkingSet (physical memory assigned to process): 10M, peak: 10M
current process commit charge ("private bytes"): 51M, peak: 243M

vm_info: Java HotSpot(TM) 64-Bit Server VM (17.0.8+9-LTS-211) for windows-amd64 JRE (17.0.8+9-LTS-211), built on Jun 14 2023 10:34:31 by "mach5one" with MS VC++ 17.1 (VS2022)

END.
