#
# There is insufficient memory for the Java Runtime Environment to continue.
# Native memory allocation (mmap) failed to map 65536 bytes for Failed to commit metaspace.
# Possible reasons:
#   The system is out of physical RAM or swap space
#   The process is running with CompressedOops enabled, and the Java Heap may be blocking the growth of the native heap
# Possible solutions:
#   Reduce memory load on the system
#   Increase physical memory or swap space
#   Check if swap backing store is full
#   Decrease Java heap size (-Xmx/-Xms)
#   Decrease number of Java threads
#   Decrease Java thread stack sizes (-Xss)
#   Set larger code cache with -XX:ReservedCodeCacheSize=
#   JVM is running with Zero Based Compressed Oops mode in which the Java heap is
#     placed in the first 32GB address space. The Java Heap base address is the
#     maximum limit for the native heap growth. Please use -XX:HeapBaseMinAddress
#     to set the Java Heap base and to place the Java Heap above 32GB virtual address.
# This output file may be truncated or incomplete.
#
#  Out of Memory Error (virtualSpaceNode.cpp:110), pid=18940, tid=41848
#
# JRE version: Java(TM) SE Runtime Environment (17.0.8+9) (build 17.0.8+9-LTS-211)
# Java VM: Java HotSpot(TM) 64-Bit Server VM (17.0.8+9-LTS-211, mixed mode, sharing, tiered, compressed oops, compressed class ptrs, g1 gc, windows-amd64)
# No core dump will be written. Minidumps are not enabled by default on client versions of Windows
#

---------------  S U M M A R Y ------------

Command Line: -ea -Dfile.encoding=UTF-8 -XX:+ShowCodeDetailsInExceptionMessages org.eclipse.jdt.internal.junit.runner.RemoteTestRunner -version 3 -port 59603 -testLoaderClass org.eclipse.jdt.internal.junit5.runner.JUnit5TestLoader -loaderpluginname org.eclipse.jdt.junit5.runtime -test fr.gestionformation.web.SessionRestControllerTest:ShouldReturnBadRequestWhenIdNotExist

Host: Intel(R) Core(TM) i3-6006U CPU @ 2.00GHz, 4 cores, 11G,  Windows 10 , 64 bit Build 19041 (10.0.19041.3393)
Time: Thu Oct  5 00:35:10 2023 Paris, Madrid (heure duild 19041 (10.0.19041.3393) elapsed time: 2.093720 seconds (0d 0h 0m 2s)

---------------  T H R E A D  ---------------

Current thread (0x000001e9e32254d0):  JavaThread "C1 CompilerThread0" daemon [_thread_in_vm, id=41848, stack(0x0000005669300000,0x0000005669400000)]


Current CompileTask:
C1:   2093 1206       3       java.io.StreamTokenizer::nextToken (1266 bytes)

Stack: [0x0000005669300000,0x0000005669400000]
Native frames: (J=compiled Java code, j=interpreted, Vv=VM code, C=native code)
V  [jvm.dll+0x677d0a]
V  [jvm.dll+0x7d8c54]
V  [jvm.dll+0x7da3fe]
V  [jvm.dll+0x7daa63]
V  [jvm.dll+0x245c5f]
V  [jvm.dll+0x7d4d5b]
V  [jvm.dll+0x61dcf6]
V  [jvm.dll+0x61dd5a]
V  [jvm.dll+0x62057d]
V  [jvm.dll+0x61e6b6]
V  [jvm.dll+0x62f72a]
V  [jvm.dll+0x6286ca]
V  [jvm.dll+0x1cc020]
V  [jvm.dll+0x1cc210]
V  [jvm.dll+0x13459e]
V  [jvm.dll+0x1348c8]
V  [jvm.dll+0x133d61]
V  [jvm.dll+0x135a0d]
V  [jvm.dll+0x2270be]
V  [jvm.dll+0x22535b]
V  [jvm.dll+0x78e7bc]
V  [jvm.dll+0x788bba]
V  [jvm.dll+0x676b35]
C  [ucrtbase.dll+0x21bb2]
C  [KERNEL32.DLL+0x17344]
C  [ntdll.dll+0x526b1]


---------------  P R O C E S S  ---------------

Threads class SMR info:
_java_thread_list=0x000001e9e3c660a0, length=13, elements={
0x000001e9c12664e0, 0x000001e9e30766e0, 0x000001e9e3077c00, 0x000001e9e308ade0,
0x000001e9e308b8a0, 0x000001e9e308e270, 0x000001e9e308eb30, 0x000001e9e308f7d0,
0x000001e9e32254d0, 0x000001e9e3230180, 0x000001e9e32f04d0, 0x000001e9e330c690,
0x000001e9e3811fd0
}

Java Threads: ( => current thread )
  0x000001e9c12664e0 JavaThread "main" [_thread_blocked, id=38580, stack(0x0000005668500000,0x0000005668600000)]
  0x000001e9e30766e0 JavaThread "Reference Handler" daemon [_thread_blocked, id=38004, stack(0x0000005668c00000,0x0000005668d00000)]
  0x000001e9e3077c00 JavaThread "Finalizer" daemon [_thread_blocked, id=26376, stack(0x0000005668d00000,0x0000005668e00000)]
  0x000001e9e308ade0 JavaThread "Signal Dispatcher" daemon [_thread_blocked, id=43172, stack(0x0000005668e00000,0x0000005668f00000)]
  0x000001e9e308b8a0 JavaThread "Attach Listener" daemon [_thread_blocked, id=4452, stack(0x0000005668f00000,0x0000005669000000)]
  0x000001e9e308e270 JavaThread "Service Thread" daemon [_thread_blocked, id=43820, stack(0x0000005669000000,0x0000005669100000)]
  0x000001e9e308eb30 JavaThread "Monitor Deflation Thread" daemon [_thread_blocked, id=27780, stack(0x0000005669100000,0x0000005669200000)]
  0x000001e9e308f7d0 JavaThread "C2 CompilerThread0" daemon [_thread_in_native, id=39568, stack(0x0000005669200000,0x0000005669300000)]
=>0x000001e9e32254d0 JavaThread "C1 CompilerThread0" daemon [_thread_in_vm, id=41848, stack(0x0000005669300000,0x0000005669400000)]
  0x000001e9e3230180 JavaThread "Sweeper thread" daemon [_thread_blocked, id=3040, stack(0x0000005669400000,0x0000005669500000)]
  0x000001e9e32f04d0 JavaThread "Notification Thread" daemon [_thread_blocked, id=18192, stack(0x0000005669500000,0x0000005669600000)]
  0x000001e9e330c690 JavaThread "Common-Cleaner" daemon [_thread_blocked, id=948, stack(0x0000005669700000,0x0000005669800000)]
  0x000001e9e3811fd0 JavaThread "ReaderThread" [_thread_in_native, id=14128, stack(0x0000005669800000,0x0000005669900000)]

Other Threads:
  0x000001e9e3070b70 VMThread "VM Thread" [stack: 0x0000005668b00000,0x0000005668c00000] [id=40480]
  0x000001e9e32f69c0 WatcherThread [stack: 0x0000005669600000,0x0000005669700000] [id=42516]
  0x000001e9c12bcd00 GCTaskThread "GC Thread#0" [stack: 0x0000005668600000,0x0000005668700000] [id=43472]
  0x000001e9e38395a0 GCTaskThread "GC Thread#1" [stack: 0x0000005669a00000,0x0000005669b00000] [id=37628]
  0x000001e9e3b66740 GCTaskThread "GC Thread#2" [stack: 0x0000005669b00000,0x0000005669c00000] [id=24468]
  0x000001e9e3836440 GCTaskThread "GC Thread#3" [stack: 0x0000005669c00000,0x0000005669d00000] [id=28796]
  0x000001e9c12c99e0 ConcurrentGCThread "G1 Main Marker" [stack: 0x0000005668700000,0x0000005668800000] [id=33156]
  0x000001e9c12ca300 ConcurrentGCThread "G1 Conc#0" [stack: 0x0000005668800000,0x0000005668900000] [id=5912]
  0x000001e9e2f304a0 ConcurrentGCThread "G1 Refine#0" [stack: 0x0000005668900000,0x0000005668a00000] [id=32084]
  0x000001e9e2f30dd0 ConcurrentGCThread "G1 Service" [stack: 0x0000005668a00000,0x0000005668b00000] [id=42580]

Threads with active compile tasks:
C2 CompilerThread0     2182 1199       4       jdk.internal.org.objectweb.asm.Frame::execute (2305 bytes)
C1 CompilerThread0     2183 1206       3       java.io.StreamTokenizer::nextToken (1266 bytes)

VM state: not at safepoint (normal execution)

VM Mutex/Monitor currently owned by a thread:  ([mutex/lock_event])
[0x000001e9c12628d0] Metaspace_lock - owner thread: 0x000001e9e32254d0
[0x000001e9c1263020] MethodData_lock - owner thread: 0x000001e9e32254d0

Heap address: 0x0000000741600000, size: 3050 MB, Compressed Oops mode: Zero based, Oop shift amount: 3

CDS archive(s) mapped at: [0x000001e9e4000000-0x000001e9e4bd0000-0x000001e9e4bd0000), size 12386304, SharedBaseAddress: 0x000001e9e4000000, ArchiveRelocationMode: 1.
Compressed class space mapped at: 0x000001e9e5000000-0x000001ea25000000, reserved size: 1073741824
Narrow klass base: 0x000001e9e4000000, Narrow klass shift: 0, Narrow klass range: 0x100000000

GC Precious Log:
 CPUs: 4 total, 4 available
 Memory: 12197M
 Large Page Support: Disabled
 NUMA Support: Disabled
 Compressed Oops: Enabled (Zero based)
 Heap Region Size: 2M
 Heap Min Capacity: 8M
 Heap Initial Capacity: 192M
 Heap Max Capacity: 3050M
 Pre-touch: Disabled
 Parallel Workers: 4
 Concurrent Workers: 1
 Concurrent Refinement Workers: 4
 Periodic GC: Disabled

Heap:
 garbage-first heap   total 196608K, used 13127K [0x0000000741600000, 0x0000000800000000)
  region size 2048K, 5 young (10240K), 1 survivors (2048K)
 Metaspace       used 5718K, committed 5824K, reserved 1114112K
  class space    used 713K, committed 768K, reserved 1048576K

Heap Regions: E=young(eden), S=young(survivor), O=old, HS=humongous(starts), HC=humongous(continues), CS=collection set, F=free, OA=open archive, CA=closed archive, TAMS=top-at-mark-start (previous, next)
|   0|0x0000000741600000, 0x0000000741800000, 0x0000000741800000|100%| O|  |TAMS 0x0000000741600000, 0x0000000741600000| Untracked 
|   1|0x0000000741800000, 0x0000000741a00000, 0x0000000741a00000|100%| O|  |TAMS 0x0000000741800000, 0x0000000741800000| Untracked 
|   2|0x0000000741a00000, 0x0000000741c00000, 0x0000000741c00000|100%| O|  |TAMS 0x0000000741a00000, 0x0000000741a00000| Untracked 
|   3|0x0000000741c00000, 0x0000000741c6c200, 0x0000000741e00000| 21%| O|  |TAMS 0x0000000741c00000, 0x0000000741c00000| Untracked 
|   4|0x0000000741e00000, 0x0000000741e00000, 0x0000000742000000|  0%| F|  |TAMS 0x0000000741e00000, 0x0000000741e00000| Untracked 
|   5|0x0000000742000000, 0x0000000742000000, 0x0000000742200000|  0%| F|  |TAMS 0x0000000742000000, 0x0000000742000000| Untracked 
|   6|0x0000000742200000, 0x0000000742200000, 0x0000000742400000|  0%| F|  |TAMS 0x0000000742200000, 0x0000000742200000| Untracked 
|   7|0x0000000742400000, 0x0000000742400000, 0x0000000742600000|  0%| F|  |TAMS 0x0000000742400000, 0x0000000742400000| Untracked 
|   8|0x0000000742600000, 0x0000000742600000, 0x0000000742800000|  0%| F|  |TAMS 0x0000000742600000, 0x0000000742600000| Untracked 
|   9|0x0000000742800000, 0x0000000742800000, 0x0000000742a00000|  0%| F|  |TAMS 0x0000000742800000, 0x0000000742800000| Untracked 
|  10|0x0000000742a00000, 0x0000000742a00000, 0x0000000742c00000|  0%| F|  |TAMS 0x0000000742a00000, 0x0000000742a00000| Untracked 
|  11|0x0000000742c00000, 0x0000000742c00000, 0x0000000742e00000|  0%| F|  |TAMS 0x0000000742c00000, 0x0000000742c00000| Untracked 
|  12|0x0000000742e00000, 0x0000000742e00000, 0x0000000743000000|  0%| F|  |TAMS 0x0000000742e00000, 0x0000000742e00000| Untracked 
|  13|0x0000000743000000, 0x0000000743000000, 0x0000000743200000|  0%| F|  |TAMS 0x0000000743000000, 0x0000000743000000| Untracked 
|  14|0x0000000743200000, 0x0000000743200000, 0x0000000743400000|  0%| F|  |TAMS 0x0000000743200000, 0x0000000743200000| Untracked 
|  15|0x0000000743400000, 0x0000000743400000, 0x0000000743600000|  0%| F|  |TAMS 0x0000000743400000, 0x0000000743400000| Untracked 
|  16|0x0000000743600000, 0x0000000743600000, 0x0000000743800000|  0%| F|  |TAMS 0x0000000743600000, 0x0000000743600000| Untracked 
|  17|0x0000000743800000, 0x0000000743800000, 0x0000000743a00000|  0%| F|  |TAMS 0x0000000743800000, 0x0000000743800000| Untracked 
|  18|0x0000000743a00000, 0x0000000743a00000, 0x0000000743c00000|  0%| F|  |TAMS 0x0000000743a00000, 0x0000000743a00000| Untracked 
|  19|0x0000000743c00000, 0x0000000743c00000, 0x0000000743e00000|  0%| F|  |TAMS 0x0000000743c00000, 0x0000000743c00000| Untracked 
|  20|0x0000000743e00000, 0x0000000743e00000, 0x0000000744000000|  0%| F|  |TAMS 0x0000000743e00000, 0x0000000743e00000| Untracked 
|  21|0x0000000744000000, 0x0000000744000000, 0x0000000744200000|  0%| F|  |TAMS 0x0000000744000000, 0x0000000744000000| Untracked 
|  22|0x0000000744200000, 0x0000000744200000, 0x0000000744400000|  0%| F|  |TAMS 0x0000000744200000, 0x0000000744200000| Untracked 
|  23|0x0000000744400000, 0x0000000744400000, 0x0000000744600000|  0%| F|  |TAMS 0x0000000744400000, 0x0000000744400000| Untracked 
|  24|0x0000000744600000, 0x0000000744600000, 0x0000000744800000|  0%| F|  |TAMS 0x0000000744600000, 0x0000000744600000| Untracked 
|  25|0x0000000744800000, 0x0000000744800000, 0x0000000744a00000|  0%| F|  |TAMS 0x0000000744800000, 0x0000000744800000| Untracked 
|  26|0x0000000744a00000, 0x0000000744a00000, 0x0000000744c00000|  0%| F|  |TAMS 0x0000000744a00000, 0x0000000744a00000| Untracked 
|  27|0x0000000744c00000, 0x0000000744c00000, 0x0000000744e00000|  0%| F|  |TAMS 0x0000000744c00000, 0x0000000744c00000| Untracked 
|  28|0x0000000744e00000, 0x0000000744e00000, 0x0000000745000000|  0%| F|  |TAMS 0x0000000744e00000, 0x0000000744e00000| Untracked 
|  29|0x0000000745000000, 0x0000000745000000, 0x0000000745200000|  0%| F|  |TAMS 0x0000000745000000, 0x0000000745000000| Untracked 
|  30|0x0000000745200000, 0x0000000745200000, 0x0000000745400000|  0%| F|  |TAMS 0x0000000745200000, 0x0000000745200000| Untracked 
|  31|0x0000000745400000, 0x0000000745400000, 0x0000000745600000|  0%| F|  |TAMS 0x0000000745400000, 0x0000000745400000| Untracked 
|  32|0x0000000745600000, 0x0000000745600000, 0x0000000745800000|  0%| F|  |TAMS 0x0000000745600000, 0x0000000745600000| Untracked 
|  33|0x0000000745800000, 0x0000000745800000, 0x0000000745a00000|  0%| F|  |TAMS 0x0000000745800000, 0x0000000745800000| Untracked 
|  34|0x0000000745a00000, 0x0000000745a00000, 0x0000000745c00000|  0%| F|  |TAMS 0x0000000745a00000, 0x0000000745a00000| Untracked 
|  35|0x0000000745c00000, 0x0000000745c00000, 0x0000000745e00000|  0%| F|  |TAMS 0x0000000745c00000, 0x0000000745c00000| Untracked 
|  36|0x0000000745e00000, 0x0000000745e00000, 0x0000000746000000|  0%| F|  |TAMS 0x0000000745e00000, 0x0000000745e00000| Untracked 
|  37|0x0000000746000000, 0x0000000746000000, 0x0000000746200000|  0%| F|  |TAMS 0x0000000746000000, 0x0000000746000000| Untracked 
|  38|0x0000000746200000, 0x0000000746200000, 0x0000000746400000|  0%| F|  |TAMS 0x0000000746200000, 0x0000000746200000| Untracked 
|  39|0x0000000746400000, 0x0000000746400000, 0x0000000746600000|  0%| F|  |TAMS 0x0000000746400000, 0x0000000746400000| Untracked 
|  40|0x0000000746600000, 0x0000000746600000, 0x0000000746800000|  0%| F|  |TAMS 0x0000000746600000, 0x0000000746600000| Untracked 
|  41|0x0000000746800000, 0x0000000746800000, 0x0000000746a00000|  0%| F|  |TAMS 0x0000000746800000, 0x0000000746800000| Untracked 
|  42|0x0000000746a00000, 0x0000000746a00000, 0x0000000746c00000|  0%| F|  |TAMS 0x0000000746a00000, 0x0000000746a00000| Untracked 
|  43|0x0000000746c00000, 0x0000000746c00000, 0x0000000746e00000|  0%| F|  |TAMS 0x0000000746c00000, 0x0000000746c00000| Untracked 
|  44|0x0000000746e00000, 0x0000000746e00000, 0x0000000747000000|  0%| F|  |TAMS 0x0000000746e00000, 0x0000000746e00000| Untracked 
|  45|0x0000000747000000, 0x0000000747000000, 0x0000000747200000|  0%| F|  |TAMS 0x0000000747000000, 0x0000000747000000| Untracked 
|  46|0x0000000747200000, 0x0000000747200000, 0x0000000747400000|  0%| F|  |TAMS 0x0000000747200000, 0x0000000747200000| Untracked 
|  47|0x0000000747400000, 0x0000000747400000, 0x0000000747600000|  0%| F|  |TAMS 0x0000000747400000, 0x0000000747400000| Untracked 
|  48|0x0000000747600000, 0x0000000747600000, 0x0000000747800000|  0%| F|  |TAMS 0x0000000747600000, 0x0000000747600000| Untracked 
|  49|0x0000000747800000, 0x0000000747800000, 0x0000000747a00000|  0%| F|  |TAMS 0x0000000747800000, 0x0000000747800000| Untracked 
|  50|0x0000000747a00000, 0x0000000747a00000, 0x0000000747c00000|  0%| F|  |TAMS 0x0000000747a00000, 0x0000000747a00000| Untracked 
|  51|0x0000000747c00000, 0x0000000747c00000, 0x0000000747e00000|  0%| F|  |TAMS 0x0000000747c00000, 0x0000000747c00000| Untracked 
|  52|0x0000000747e00000, 0x0000000747e00000, 0x0000000748000000|  0%| F|  |TAMS 0x0000000747e00000, 0x0000000747e00000| Untracked 
|  53|0x0000000748000000, 0x0000000748000000, 0x0000000748200000|  0%| F|  |TAMS 0x0000000748000000, 0x0000000748000000| Untracked 
|  54|0x0000000748200000, 0x0000000748200000, 0x0000000748400000|  0%| F|  |TAMS 0x0000000748200000, 0x0000000748200000| Untracked 
|  55|0x0000000748400000, 0x0000000748400000, 0x0000000748600000|  0%| F|  |TAMS 0x0000000748400000, 0x0000000748400000| Untracked 
|  56|0x0000000748600000, 0x0000000748600000, 0x0000000748800000|  0%| F|  |TAMS 0x0000000748600000, 0x0000000748600000| Untracked 
|  57|0x0000000748800000, 0x0000000748800000, 0x0000000748a00000|  0%| F|  |TAMS 0x0000000748800000, 0x0000000748800000| Untracked 
|  58|0x0000000748a00000, 0x0000000748a00000, 0x0000000748c00000|  0%| F|  |TAMS 0x0000000748a00000, 0x0000000748a00000| Untracked 
|  59|0x0000000748c00000, 0x0000000748c00000, 0x0000000748e00000|  0%| F|  |TAMS 0x0000000748c00000, 0x0000000748c00000| Untracked 
|  60|0x0000000748e00000, 0x0000000748e00000, 0x0000000749000000|  0%| F|  |TAMS 0x0000000748e00000, 0x0000000748e00000| Untracked 
|  61|0x0000000749000000, 0x0000000749000000, 0x0000000749200000|  0%| F|  |TAMS 0x0000000749000000, 0x0000000749000000| Untracked 
|  62|0x0000000749200000, 0x0000000749200000, 0x0000000749400000|  0%| F|  |TAMS 0x0000000749200000, 0x0000000749200000| Untracked 
|  63|0x0000000749400000, 0x0000000749400000, 0x0000000749600000|  0%| F|  |TAMS 0x0000000749400000, 0x0000000749400000| Untracked 
|  64|0x0000000749600000, 0x0000000749600000, 0x0000000749800000|  0%| F|  |TAMS 0x0000000749600000, 0x0000000749600000| Untracked 
|  65|0x0000000749800000, 0x0000000749800000, 0x0000000749a00000|  0%| F|  |TAMS 0x0000000749800000, 0x0000000749800000| Untracked 
|  66|0x0000000749a00000, 0x0000000749a00000, 0x0000000749c00000|  0%| F|  |TAMS 0x0000000749a00000, 0x0000000749a00000| Untracked 
|  67|0x0000000749c00000, 0x0000000749c00000, 0x0000000749e00000|  0%| F|  |TAMS 0x0000000749c00000, 0x0000000749c00000| Untracked 
|  68|0x0000000749e00000, 0x0000000749e00000, 0x000000074a000000|  0%| F|  |TAMS 0x0000000749e00000, 0x0000000749e00000| Untracked 
|  69|0x000000074a000000, 0x000000074a000000, 0x000000074a200000|  0%| F|  |TAMS 0x000000074a000000, 0x000000074a000000| Untracked 
|  70|0x000000074a200000, 0x000000074a200000, 0x000000074a400000|  0%| F|  |TAMS 0x000000074a200000, 0x000000074a200000| Untracked 
|  71|0x000000074a400000, 0x000000074a400000, 0x000000074a600000|  0%| F|  |TAMS 0x000000074a400000, 0x000000074a400000| Untracked 
|  72|0x000000074a600000, 0x000000074a600000, 0x000000074a800000|  0%| F|  |TAMS 0x000000074a600000, 0x000000074a600000| Untracked 
|  73|0x000000074a800000, 0x000000074a800000, 0x000000074aa00000|  0%| F|  |TAMS 0x000000074a800000, 0x000000074a800000| Untracked 
|  74|0x000000074aa00000, 0x000000074aa00000, 0x000000074ac00000|  0%| F|  |TAMS 0x000000074aa00000, 0x000000074aa00000| Untracked 
|  75|0x000000074ac00000, 0x000000074ac00000, 0x000000074ae00000|  0%| F|  |TAMS 0x000000074ac00000, 0x000000074ac00000| Untracked 
|  76|0x000000074ae00000, 0x000000074ae00000, 0x000000074b000000|  0%| F|  |TAMS 0x000000074ae00000, 0x000000074ae00000| Untracked 
|  77|0x000000074b000000, 0x000000074b000000, 0x000000074b200000|  0%| F|  |TAMS 0x000000074b000000, 0x000000074b000000| Untracked 
|  78|0x000000074b200000, 0x000000074b200000, 0x000000074b400000|  0%| F|  |TAMS 0x000000074b200000, 0x000000074b200000| Untracked 
|  79|0x000000074b400000, 0x000000074b400000, 0x000000074b600000|  0%| F|  |TAMS 0x000000074b400000, 0x000000074b400000| Untracked 
|  80|0x000000074b600000, 0x000000074b600000, 0x000000074b800000|  0%| F|  |TAMS 0x000000074b600000, 0x000000074b600000| Untracked 
|  81|0x000000074b800000, 0x000000074b800000, 0x000000074ba00000|  0%| F|  |TAMS 0x000000074b800000, 0x000000074b800000| Untracked 
|  82|0x000000074ba00000, 0x000000074ba00000, 0x000000074bc00000|  0%| F|  |TAMS 0x000000074ba00000, 0x000000074ba00000| Untracked 
|  83|0x000000074bc00000, 0x000000074bc00000, 0x000000074be00000|  0%| F|  |TAMS 0x000000074bc00000, 0x000000074bc00000| Untracked 
|  84|0x000000074be00000, 0x000000074be00000, 0x000000074c000000|  0%| F|  |TAMS 0x000000074be00000, 0x000000074be00000| Untracked 
|  85|0x000000074c000000, 0x000000074c000000, 0x000000074c200000|  0%| F|  |TAMS 0x000000074c000000, 0x000000074c000000| Untracked 
|  86|0x000000074c200000, 0x000000074c200000, 0x000000074c400000|  0%| F|  |TAMS 0x000000074c200000, 0x000000074c200000| Untracked 
|  87|0x000000074c400000, 0x000000074c400000, 0x000000074c600000|  0%| F|  |TAMS 0x000000074c400000, 0x000000074c400000| Untracked 
|  88|0x000000074c600000, 0x000000074c600000, 0x000000074c800000|  0%| F|  |TAMS 0x000000074c600000, 0x000000074c600000| Untracked 
|  89|0x000000074c800000, 0x000000074c800000, 0x000000074ca00000|  0%| F|  |TAMS 0x000000074c800000, 0x000000074c800000| Untracked 
|  90|0x000000074ca00000, 0x000000074ca00000, 0x000000074cc00000|  0%| F|  |TAMS 0x000000074ca00000, 0x000000074ca00000| Untracked 
|  91|0x000000074cc00000, 0x000000074cdf6328, 0x000000074ce00000| 98%| E|  |TAMS 0x000000074cc00000, 0x000000074cc00000| Complete 
|  92|0x000000074ce00000, 0x000000074ce65d48, 0x000000074d000000| 19%| S|CS|TAMS 0x000000074ce00000, 0x000000074ce00000| Complete 
|  93|0x000000074d000000, 0x000000074d200000, 0x000000074d200000|100%| E|CS|TAMS 0x000000074d000000, 0x000000074d000000| Complete 
|  94|0x000000074d200000, 0x000000074d400000, 0x000000074d400000|100%| E|CS|TAMS 0x000000074d200000, 0x000000074d200000| Complete 
|  95|0x000000074d400000, 0x000000074d600000, 0x000000074d600000|100%| E|CS|TAMS 0x000000074d400000, 0x000000074d400000| Complete 

Card table byte_map: [0x000001e9d9f10000,0x000001e9da510000] _byte_map_base: 0x000001e9d6505000

Marking Bits (Prev, Next): (CMBitMap*) 0x000001e9c12bd220, (CMBitMap*) 0x000001e9c12bd260
 Prev Bits: [0x000001e9dab10000, 0x000001e9ddab8000)
 Next Bits: [0x000001e9ddac0000, 0x000001e9e0a68000)

Polling page: 0x000001e9c1330000

Metaspace:

Usage:
  Non-class:      4.89 MB used.
      Class:    713.65 KB used.
       Both:      5.58 MB used.

Virtual space:
  Non-class space:       64.00 MB reserved,       4.94 MB (  8%) committed,  1 nodes.
      Class space:        1.00 GB reserved,     768.00 KB ( <1%) committed,  1 nodes.
             Both:        1.06 GB reserved,       5.69 MB ( <1%) committed. 

Chunk freelists:
   Non-Class:  9.56 MB
       Class:  15.25 MB
        Both:  24.82 MB

MaxMetaspaceSize: unlimited
CompressedClassSpaceSize: 1.00 GB
Initial GC threshold: 21.00 MB
Current GC threshold: 21.00 MB
CDS: on
MetaspaceReclaimPolicy: balanced
 - commit_granule_bytes: 65536.
 - commit_granule_words: 8192.
 - virtual_space_node_default_size: 8388608.
 - enlarge_chunks_in_place: 1.
 - new_chunks_are_fully_committed: 0.
 - uncommit_free_chunks: 1.
 - use_allocation_guard: 0.
 - handle_deallocations: 1.


Internal statistics:

num_allocs_failed_limit: 0.
num_arena_births: 112.
num_arena_deaths: 0.
num_vsnodes_births: 2.
num_vsnodes_deaths: 0.
num_space_committed: 91.
num_space_uncommitted: 0.
num_chunks_returned_to_freelist: 0.
num_chunks_taken_from_freelist: 306.
num_chunk_merges: 0.
num_chunk_splits: 171.
num_chunks_enlarged: 111.
num_purges: 0.
num_inconsistent_stats: 0.

CodeHeap 'non-profiled nmethods': size=120000Kb used=402Kb max_used=402Kb free=119597Kb
 bounds [0x000001e9d1dc0000, 0x000001e9d2030000, 0x000001e9d92f0000]
CodeHeap 'profiled nmethods': size=120000Kb used=2301Kb max_used=2301Kb free=117698Kb
 bounds [0x000001e9ca2f0000, 0x000001e9ca560000, 0x000001e9d1820000]
CodeHeap 'non-nmethods': size=5760Kb used=1136Kb max_used=1150Kb free=4623Kb
 bounds [0x000001e9d1820000, 0x000001e9d1a90000, 0x000001e9d1dc0000]
 total_blobs=1625 nmethods=1204 adapters=334
 compilation: enabled
              stopped_count=0, restarted_count=0
 full_count=0

Compilation events (20 events):
Event: 2.069 Thread 0x000001e9e32254d0 nmethod 1193 0x000001e9ca52aa90 code [0x000001e9ca52ac20, 0x000001e9ca52ad78]
Event: 2.069 Thread 0x000001e9e32254d0 1194       3       java.lang.invoke.LambdaForm$Name::<init> (44 bytes)
Event: 2.070 Thread 0x000001e9e32254d0 nmethod 1194 0x000001e9ca52ae10 code [0x000001e9ca52b020, 0x000001e9ca52b608]
Event: 2.070 Thread 0x000001e9e32254d0 1197       3       java.lang.invoke.InvokerBytecodeGenerator::emitLoadInsn (21 bytes)
Event: 2.070 Thread 0x000001e9e32254d0 nmethod 1197 0x000001e9ca52b910 code [0x000001e9ca52bac0, 0x000001e9ca52bd18]
Event: 2.070 Thread 0x000001e9e32254d0 1198       3       java.lang.invoke.InvokerBytecodeGenerator::loadInsnOpcode (98 bytes)
Event: 2.071 Thread 0x000001e9e32254d0 nmethod 1198 0x000001e9ca52be90 code [0x000001e9ca52c100, 0x000001e9ca52cb18]
Event: 2.071 Thread 0x000001e9e32254d0 1200       3       jdk.internal.org.objectweb.asm.FieldWriter::computeFieldInfoSize (86 bytes)
Event: 2.072 Thread 0x000001e9e32254d0 nmethod 1200 0x000001e9ca52ce10 code [0x000001e9ca52cfe0, 0x000001e9ca52d2d8]
Event: 2.072 Thread 0x000001e9e32254d0 1195       3       java.lang.invoke.LambdaForm$NamedFunction::returnType (11 bytes)
Event: 2.072 Thread 0x000001e9e308f7d0 nmethod 1192 0x000001e9d1e24690 code [0x000001e9d1e24820, 0x000001e9d1e249f8]
Event: 2.072 Thread 0x000001e9e308f7d0 1199       4       jdk.internal.org.objectweb.asm.Frame::execute (2305 bytes)
Event: 2.073 Thread 0x000001e9e32254d0 nmethod 1195 0x000001e9ca52d410 code [0x000001e9ca52d600, 0x000001e9ca52da88]
Event: 2.085 Thread 0x000001e9e32254d0 1203       3       java.io.BufferedReader::ensureOpen (18 bytes)
Event: 2.086 Thread 0x000001e9e32254d0 nmethod 1203 0x000001e9ca52dc90 code [0x000001e9ca52de40, 0x000001e9ca52e068]
Event: 2.086 Thread 0x000001e9e32254d0 1204       3       java.io.StreamTokenizer::read (38 bytes)
Event: 2.086 Thread 0x000001e9e32254d0 nmethod 1204 0x000001e9ca52e190 code [0x000001e9ca52e360, 0x000001e9ca52e788]
Event: 2.086 Thread 0x000001e9e32254d0 1205   !   3       java.io.BufferedReader::read (104 bytes)
Event: 2.087 Thread 0x000001e9e32254d0 nmethod 1205 0x000001e9ca52e910 code [0x000001e9ca52eb00, 0x000001e9ca52f0f8]
Event: 2.087 Thread 0x000001e9e32254d0 1206       3       java.io.StreamTokenizer::nextToken (1266 bytes)

GC Heap History (4 events):
Event: 1.270 GC heap before
{Heap before GC invocations=0 (full 0):
 garbage-first heap   total 196608K, used 10240K [0x0000000741600000, 0x0000000800000000)
  region size 2048K, 6 young (12288K), 0 survivors (0K)
 Metaspace       used 1868K, committed 2048K, reserved 1114112K
  class space    used 184K, committed 256K, reserved 1048576K
}
Event: 1.280 GC heap after
{Heap after GC invocations=1 (full 0):
 garbage-first heap   total 196608K, used 6568K [0x0000000741600000, 0x0000000800000000)
  region size 2048K, 1 young (2048K), 1 survivors (2048K)
 Metaspace       used 1868K, committed 2048K, reserved 1114112K
  class space    used 184K, committed 256K, reserved 1048576K
}
Event: 1.660 GC heap before
{Heap before GC invocations=1 (full 0):
 garbage-first heap   total 196608K, used 12712K [0x0000000741600000, 0x0000000800000000)
  region size 2048K, 4 young (8192K), 1 survivors (2048K)
 Metaspace       used 3325K, committed 3520K, reserved 1114112K
  class space    used 391K, committed 512K, reserved 1048576K
}
Event: 1.663 GC heap after
{Heap after GC invocations=2 (full 0):
 garbage-first heap   total 196608K, used 6983K [0x0000000741600000, 0x0000000800000000)
  region size 2048K, 1 young (2048K), 1 survivors (2048K)
 Metaspace       used 3325K, committed 3520K, reserved 1114112K
  class space    used 391K, committed 512K, reserved 1048576K
}

Deoptimization events (20 events):
Event: 1.808 Thread 0x000001e9c12664e0 DEOPT PACKING pc=0x000001e9d1e16fc8 sp=0x00000056685fbeb0
Event: 1.808 Thread 0x000001e9c12664e0 DEOPT UNPACKING pc=0x000001e9d18723a3 sp=0x00000056685fbe38 mode 2
Event: 1.808 Thread 0x000001e9c12664e0 Uncommon trap: trap_request=0xffffffde fr.pc=0x000001e9d1e16fc8 relative=0x0000000000000128
Event: 1.808 Thread 0x000001e9c12664e0 Uncommon trap: reason=class_check action=maybe_recompile pc=0x000001e9d1e16fc8 method=jdk.internal.misc.Unsafe.allocateUninitializedArray(Ljava/lang/Class;I)Ljava/lang/Object; @ 51 c2
Event: 1.808 Thread 0x000001e9c12664e0 DEOPT PACKING pc=0x000001e9d1e16fc8 sp=0x00000056685fbba0
Event: 1.808 Thread 0x000001e9c12664e0 DEOPT UNPACKING pc=0x000001e9d18723a3 sp=0x00000056685fbb28 mode 2
Event: 1.810 Thread 0x000001e9c12664e0 Uncommon trap: trap_request=0xffffffde fr.pc=0x000001e9d1e16fc8 relative=0x0000000000000128
Event: 1.810 Thread 0x000001e9c12664e0 Uncommon trap: reason=class_check action=maybe_recompile pc=0x000001e9d1e16fc8 method=jdk.internal.misc.Unsafe.allocateUninitializedArray(Ljava/lang/Class;I)Ljava/lang/Object; @ 51 c2
Event: 1.810 Thread 0x000001e9c12664e0 DEOPT PACKING pc=0x000001e9d1e16fc8 sp=0x00000056685fdc80
Event: 1.810 Thread 0x000001e9c12664e0 DEOPT UNPACKING pc=0x000001e9d18723a3 sp=0x00000056685fdc08 mode 2
Event: 1.979 Thread 0x000001e9c12664e0 Uncommon trap: trap_request=0xffffff45 fr.pc=0x000001e9d1e0edec relative=0x0000000000000f8c
Event: 1.979 Thread 0x000001e9c12664e0 Uncommon trap: reason=unstable_if action=reinterpret pc=0x000001e9d1e0edec method=jdk.internal.org.objectweb.asm.SymbolTable.put(Ljdk/internal/org/objectweb/asm/SymbolTable$Entry;)Ljdk/internal/org/objectweb/asm/SymbolTable$Entry; @ 13 c2
Event: 1.979 Thread 0x000001e9c12664e0 DEOPT PACKING pc=0x000001e9d1e0edec sp=0x00000056685fc7b0
Event: 1.979 Thread 0x000001e9c12664e0 DEOPT UNPACKING pc=0x000001e9d18723a3 sp=0x00000056685fc708 mode 2
Event: 2.013 Thread 0x000001e9c12664e0 Uncommon trap: trap_request=0xffffff45 fr.pc=0x000001e9d1e15ba4 relative=0x0000000000000084
Event: 2.013 Thread 0x000001e9c12664e0 Uncommon trap: reason=unstable_if action=reinterpret pc=0x000001e9d1e15ba4 method=sun.net.www.ParseUtil.firstEncodeIndex(Ljava/lang/String;)I @ 51 c2
Event: 2.013 Thread 0x000001e9c12664e0 DEOPT PACKING pc=0x000001e9d1e15ba4 sp=0x00000056685fb8f0
Event: 2.013 Thread 0x000001e9c12664e0 DEOPT UNPACKING pc=0x000001e9d18723a3 sp=0x00000056685fb878 mode 2
Event: 2.038 Thread 0x000001e9c12664e0 DEOPT PACKING pc=0x000001e9ca51d748 sp=0x00000056685fbfd0
Event: 2.038 Thread 0x000001e9c12664e0 DEOPT UNPACKING pc=0x000001e9d1872b43 sp=0x00000056685fb4e8 mode 0

Classes unloaded (0 events):
No events

Classes redefined (0 events):
No events

Internal exceptions (20 events):
Event: 1.444 Thread 0x000001e9c12664e0 Exception <a 'java/lang/NoSuchMethodError'{0x000000074d240e00}: 'int java.lang.invoke.DirectMethodHandle$Holder.invokeStatic(java.lang.Object, java.lang.Object, java.lang.Object, java.lang.Object)'> (0x000000074d240e00) 
thrown [s\open\src\hotspot\share\interpreter\linkResolver.cpp, line 759]
Event: 1.451 Thread 0x000001e9c12664e0 Exception <a 'java/lang/NoSuchMethodError'{0x000000074d268e60}: 'java.lang.Object java.lang.invoke.DirectMethodHandle$Holder.newInvokeSpecial(java.lang.Object, java.lang.Object, java.lang.Object, java.lang.Object, java.lang.Object, java.lang.Object)'> (0x000000074d268e60) 
thrown [s\open\src\hotspot\share\interpreter\linkResolver.cpp, line 759]
Event: 1.585 Thread 0x000001e9c12664e0 Exception <a 'java/lang/NoSuchMethodError'{0x000000074d107150}: 'java.lang.Object java.lang.invoke.DirectMethodHandle$Holder.invokeInterface(java.lang.Object, java.lang.Object)'> (0x000000074d107150) 
thrown [s\open\src\hotspot\share\interpreter\linkResolver.cpp, line 759]
Event: 1.613 Thread 0x000001e9c12664e0 Exception <a 'java/lang/NoSuchMethodError'{0x000000074d151a38}: 'java.lang.Object java.lang.invoke.DirectMethodHandle$Holder.invokeSpecialIFC(java.lang.Object, java.lang.Object, java.lang.Object, java.lang.Object)'> (0x000000074d151a38) 
thrown [s\open\src\hotspot\share\interpreter\linkResolver.cpp, line 759]
Event: 1.624 Thread 0x000001e9c12664e0 Exception <a 'java/lang/NoSuchMethodError'{0x000000074d16b7a0}: 'java.lang.Object java.lang.invoke.DirectMethodHandle$Holder.invokeInterface(java.lang.Object, java.lang.Object, java.lang.Object)'> (0x000000074d16b7a0) 
thrown [s\open\src\hotspot\share\interpreter\linkResolver.cpp, line 759]
Event: 1.648 Thread 0x000001e9c12664e0 Exception <a 'java/lang/NoSuchMethodError'{0x000000074d1cb740}: 'void java.lang.invoke.DirectMethodHandle$Holder.invokeInterface(java.lang.Object, java.lang.Object, java.lang.Object, java.lang.Object, java.lang.Object)'> (0x000000074d1cb740) 
thrown [s\open\src\hotspot\share\interpreter\linkResolver.cpp, line 759]
Event: 1.649 Thread 0x000001e9c12664e0 Exception <a 'java/lang/IncompatibleClassChangeError'{0x000000074d1cf6b8}: Found class java.lang.Object, but interface was expected> (0x000000074d1cf6b8) 
thrown [s\open\src\hotspot\share\interpreter\linkResolver.cpp, line 826]
Event: 1.666 Thread 0x000001e9c12664e0 Exception <a 'java/lang/NoSuchMethodError'{0x000000074d408ae0}: 'void java.lang.invoke.DirectMethodHandle$Holder.invokeInterface(java.lang.Object, java.lang.Object, java.lang.Object)'> (0x000000074d408ae0) 
thrown [s\open\src\hotspot\share\interpreter\linkResolver.cpp, line 759]
Event: 1.667 Thread 0x000001e9c12664e0 Exception <a 'java/lang/IncompatibleClassChangeError'{0x000000074d40c148}: Found class java.lang.Object, but interface was expected> (0x000000074d40c148) 
thrown [s\open\src\hotspot\share\interpreter\linkResolver.cpp, line 826]
Event: 1.676 Thread 0x000001e9c12664e0 Exception <a 'java/lang/NoSuchMethodError'{0x000000074d42a110}: 'java.lang.Object java.lang.invoke.DirectMethodHandle$Holder.invokeStatic(java.lang.Object, java.lang.Object, int)'> (0x000000074d42a110) 
thrown [s\open\src\hotspot\share\interpreter\linkResolver.cpp, line 759]
Event: 1.699 Thread 0x000001e9c12664e0 Exception <a 'java/lang/NoSuchMethodError'{0x000000074d4a31d8}: 'void java.lang.invoke.DirectMethodHandle$Holder.invokeSpecial(java.lang.Object, java.lang.Object, java.lang.Object, java.lang.Object, java.lang.Object)'> (0x000000074d4a31d8) 
thrown [s\open\src\hotspot\share\interpreter\linkResolver.cpp, line 759]
Event: 1.751 Thread 0x000001e9c12664e0 Exception <a 'java/lang/NoSuchMethodError'{0x000000074d55c430}: 'void java.lang.invoke.DirectMethodHandle$Holder.invokeInterface(java.lang.Object, java.lang.Object, java.lang.Object, java.lang.Object)'> (0x000000074d55c430) 
thrown [s\open\src\hotspot\share\interpreter\linkResolver.cpp, line 759]
Event: 1.752 Thread 0x000001e9c12664e0 Exception <a 'java/lang/IncompatibleClassChangeError'{0x000000074d55fd58}: Found class java.lang.Object, but interface was expected> (0x000000074d55fd58) 
thrown [s\open\src\hotspot\share\interpreter\linkResolver.cpp, line 826]
Event: 1.761 Thread 0x000001e9c12664e0 Exception <a 'java/lang/NoSuchMethodError'{0x000000074d58a9f8}: 'void java.lang.invoke.DirectMethodHandle$Holder.invokeStatic(java.lang.Object, java.lang.Object, java.lang.Object, java.lang.Object)'> (0x000000074d58a9f8) 
thrown [s\open\src\hotspot\share\interpreter\linkResolver.cpp, line 759]
Event: 1.784 Thread 0x000001e9c12664e0 Exception <a 'java/lang/NoSuchMethodError'{0x000000074d5f02a8}: 'java.lang.Object java.lang.invoke.Invokers$Holder.invokeExact_MT(java.lang.Object, java.lang.Object, java.lang.Object, java.lang.Object, java.lang.Object, java.lang.Object)'> (0x000000074d5f02a8) 
thrown [s\open\src\hotspot\share\interpreter\linkResolver.cpp, line 759]
Event: 1.787 Thread 0x000001e9c12664e0 Exception <a 'java/lang/NoSuchMethodError'{0x000000074d200258}: 'int java.lang.invoke.DirectMethodHandle$Holder.invokeStatic(java.lang.Object, java.lang.Object, java.lang.Object, java.lang.Object, java.lang.Object)'> (0x000000074d200258) 
thrown [s\open\src\hotspot\share\interpreter\linkResolver.cpp, line 759]
Event: 1.805 Thread 0x000001e9c12664e0 Exception <a 'java/lang/NoSuchMethodError'{0x000000074d24ca60}: 'void java.lang.invoke.DirectMethodHandle$Holder.invokeStaticInit(java.lang.Object)'> (0x000000074d24ca60) 
thrown [s\open\src\hotspot\share\interpreter\linkResolver.cpp, line 759]
Event: 1.858 Thread 0x000001e9c12664e0 Exception <a 'java/lang/NoSuchMethodError'{0x000000074d34e738}: 'int java.lang.invoke.DirectMethodHandle$Holder.invokeStaticInit(java.lang.Object, java.lang.Object)'> (0x000000074d34e738) 
thrown [s\open\src\hotspot\share\interpreter\linkResolver.cpp, line 759]
Event: 2.069 Thread 0x000001e9c12664e0 Exception <a 'java/lang/NoSuchMethodError'{0x000000074cd941b8}: 'java.lang.Object java.lang.invoke.DirectMethodHandle$Holder.invokeSpecial(java.lang.Object, java.lang.Object, java.lang.Object, long, java.lang.Object)'> (0x000000074cd941b8) 
thrown [s\open\src\hotspot\share\interpreter\linkResolver.cpp, line 759]
Event: 2.070 Thread 0x000001e9c12664e0 Exception <a 'java/lang/NoSuchMethodError'{0x000000074cd98030}: 'java.lang.Object java.lang.invoke.Invokers$Holder.linkToTargetMethod(java.lang.Object, long, java.lang.Object, java.lang.Object)'> (0x000000074cd98030) 
thrown [s\open\src\hotspot\share\interpreter\linkResolver.cpp, line 759]

VM Operations (14 events):
Event: 0.431 Executing VM operation: HandshakeAllThreads
Event: 0.431 Executing VM operation: HandshakeAllThreads done
Event: 0.971 Executing VM operation: HandshakeAllThreads
Event: 0.971 Executing VM operation: HandshakeAllThreads done
Event: 1.071 Executing VM operation: HandshakeAllThreads
Event: 1.071 Executing VM operation: HandshakeAllThreads done
Event: 1.270 Executing VM operation: G1CollectForAllocation
Event: 1.281 Executing VM operation: G1CollectForAllocation done
Event: 1.660 Executing VM operation: G1CollectForAllocation
Event: 1.663 Executing VM operation: G1CollectForAllocation done
Event: 1.722 Executing VM operation: HandshakeAllThreads
Event: 1.722 Executing VM operation: HandshakeAllThreads done
Event: 2.013 Executing VM operation: HandshakeAllThreads
Event: 2.013 Executing VM operation: HandshakeAllThreads done

Events (20 events):
Event: 2.082 loading class sun/nio/ch/FileChannelImpl$Closer
Event: 2.082 loading class sun/nio/ch/FileChannelImpl$Closer done
Event: 2.083 loading class java/nio/channels/Channels
Event: 2.083 loading class java/nio/channels/Channels done
Event: 2.083 loading class sun/nio/ch/ChannelInputStream
Event: 2.083 loading class sun/nio/ch/ChannelInputStream done
Event: 2.083 loading class sun/security/provider/PolicyParser
Event: 2.084 loading class sun/security/provider/PolicyParser done
Event: 2.084 loading class java/io/StreamTokenizer
Event: 2.084 loading class java/io/StreamTokenizer done
Event: 2.084 loading class java/nio/channels/SelectableChannel
Event: 2.085 loading class java/nio/channels/SelectableChannel done
Event: 2.085 loading class sun/nio/ch/IOStatus
Event: 2.085 loading class sun/nio/ch/IOStatus done
Event: 2.086 loading class sun/security/provider/PolicyParser$GrantEntry
Event: 2.086 loading class sun/security/provider/PolicyParser$GrantEntry done
Event: 2.086 loading class sun/security/provider/PolicyParser$PermissionEntry
Event: 2.086 loading class sun/security/provider/PolicyParser$PermissionEntry done
Event: 2.086 loading class sun/security/util/PropertyExpander
Event: 2.086 loading class sun/security/util/PropertyExpander done


Dynamic libraries:
0x00007ff797000000 - 0x00007ff797010000 	C:\Program Files\Java\jdk-17.0.8\bin\javaw.exe
0x00007fff10110000 - 0x00007fff10308000 	C:\WINDOWS\SYSTEM32\ntdll.dll
0x00007fff0f100000 - 0x00007fff0f1bd000 	C:\WINDOWS\System32\KERNEL32.DLL
0x00007fff0d820000 - 0x00007fff0db16000 	C:\WINDOWS\System32\KERNELBASE.dll
0x00007fff0db20000 - 0x00007fff0dc20000 	C:\WINDOWS\System32\ucrtbase.dll
0x00007fff08720000 - 0x00007fff08739000 	C:\Program Files\Java\jdk-17.0.8\bin\jli.dll
0x00007fff0f800000 - 0x00007fff0f8ae000 	C:\WINDOWS\System32\ADVAPI32.dll
0x00007fff0fb10000 - 0x00007fff0fbae000 	C:\WINDOWS\System32\msvcrt.dll
0x00007fff0f220000 - 0x00007fff0f2bc000 	C:\WINDOWS\System32\sechost.dll
0x00007fff0fed0000 - 0x00007fff0fff6000 	C:\WINDOWS\System32\RPCRT4.dll
0x00007fff0e2f0000 - 0x00007fff0e48e000 	C:\WINDOWS\System32\USER32.dll
0x00007fff0d7f0000 - 0x00007fff0d812000 	C:\WINDOWS\System32\win32u.dll
0x00007fff0ec60000 - 0x00007fff0ec8c000 	C:\WINDOWS\System32\GDI32.dll
0x00007fff0df70000 - 0x00007fff0e08a000 	C:\WINDOWS\System32\gdi32full.dll
0x00007fff0dc90000 - 0x00007fff0dd2d000 	C:\WINDOWS\System32\msvcp_win.dll
0x00007ffefd590000 - 0x00007ffefd5ab000 	C:\Program Files\Java\jdk-17.0.8\bin\VCRUNTIME140.dll
0x00007ffefe830000 - 0x00007ffefeaca000 	C:\WINDOWS\WinSxS\amd64_microsoft.windows.common-controls_6595b64144ccf1df_6.0.19041.1110_none_60b5254171f9507e\COMCTL32.dll
0x00007fff06110000 - 0x00007fff0611a000 	C:\WINDOWS\SYSTEM32\VERSION.dll
0x00007fff0fa30000 - 0x00007fff0fa60000 	C:\WINDOWS\System32\IMM32.DLL
0x00007ffefe320000 - 0x00007ffefe32c000 	C:\Program Files\Java\jdk-17.0.8\bin\vcruntime140_1.dll
0x00007ffee3a20000 - 0x00007ffee3aae000 	C:\Program Files\Java\jdk-17.0.8\bin\msvcp140.dll
0x00007ffec83a0000 - 0x00007ffec8f7e000 	C:\Program Files\Java\jdk-17.0.8\bin\server\jvm.dll
0x00007fff0f7d0000 - 0x00007fff0f7d8000 	C:\WINDOWS\System32\PSAPI.DLL
0x00007ffef0550000 - 0x00007ffef0559000 	C:\WINDOWS\SYSTEM32\WSOCK32.dll
0x00007fff10000000 - 0x00007fff1006b000 	C:\WINDOWS\System32\WS2_32.dll
0x00007ffeefac0000 - 0x00007ffeefae7000 	C:\WINDOWS\SYSTEM32\WINMM.dll
0x00007fff0bfd0000 - 0x00007fff0bfe2000 	C:\WINDOWS\SYSTEM32\kernel.appcore.dll
0x00007ffefd2b0000 - 0x00007ffefd2ba000 	C:\Program Files\Java\jdk-17.0.8\bin\jimage.dll
0x00007fff0bdc0000 - 0x00007fff0bfa4000 	C:\WINDOWS\SYSTEM32\DBGHELP.DLL
0x00007ffeff4b0000 - 0x00007ffeff4e4000 	C:\WINDOWS\SYSTEM32\dbgcore.DLL
0x00007fff0dd30000 - 0x00007fff0ddb2000 	C:\WINDOWS\System32\bcryptPrimitives.dll
0x00007ffef1bd0000 - 0x00007ffef1bf5000 	C:\Program Files\Java\jdk-17.0.8\bin\java.dll
0x00007ffee37d0000 - 0x00007ffee38a7000 	C:\Program Files\Java\jdk-17.0.8\bin\jsvml.dll
0x00007fff0e4a0000 - 0x00007fff0ebe5000 	C:\WINDOWS\System32\SHELL32.dll
0x00007fff0b4e0000 - 0x00007fff0bc7b000 	C:\WINDOWS\SYSTEM32\windows.storage.dll
0x00007fff0f2c0000 - 0x00007fff0f614000 	C:\WINDOWS\System32\combase.dll
0x00007fff0d080000 - 0x00007fff0d0ae000 	C:\WINDOWS\SYSTEM32\Wldp.dll
0x00007fff0f980000 - 0x00007fff0fa2d000 	C:\WINDOWS\System32\SHCORE.dll
0x00007fff10070000 - 0x00007fff100c5000 	C:\WINDOWS\System32\shlwapi.dll
0x00007fff0d720000 - 0x00007fff0d745000 	C:\WINDOWS\SYSTEM32\profapi.dll
0x00007ffefd240000 - 0x00007ffefd259000 	C:\Program Files\Java\jdk-17.0.8\bin\net.dll
0x00007fff02f90000 - 0x00007fff0309a000 	C:\WINDOWS\SYSTEM32\WINHTTP.dll
0x00007fff0ce60000 - 0x00007fff0ceca000 	C:\WINDOWS\system32\mswsock.dll
0x00007ffeef400000 - 0x00007ffeef416000 	C:\Program Files\Java\jdk-17.0.8\bin\nio.dll
0x00007ffeee0e0000 - 0x00007ffeee0f8000 	C:\Program Files\Java\jdk-17.0.8\bin\zip.dll
0x00007fff0cb70000 - 0x00007fff0cbab000 	C:\WINDOWS\SYSTEM32\IPHLPAPI.DLL
0x00007fff0e490000 - 0x00007fff0e498000 	C:\WINDOWS\System32\NSI.dll
0x00007fff02ad0000 - 0x00007fff02ae7000 	C:\WINDOWS\SYSTEM32\dhcpcsvc6.DLL
0x00007ffeffbd0000 - 0x00007ffeffbed000 	C:\WINDOWS\SYSTEM32\dhcpcsvc.DLL
0x00007fff0cbb0000 - 0x00007fff0cc7a000 	C:\WINDOWS\SYSTEM32\DNSAPI.dll

dbghelp: loaded successfully - version: 4.0.5 - missing functions: none
symbol engine: initialized successfully - sym options: 0x614 - pdb path: .;C:\Program Files\Java\jdk-17.0.8\bin;C:\WINDOWS\SYSTEM32;C:\WINDOWS\WinSxS\amd64_microsoft.windows.common-controls_6595b64144ccf1df_6.0.19041.1110_none_60b5254171f9507e;C:\Program Files\Java\jdk-17.0.8\bin\server

VM Arguments:
jvm_args: -ea -Dfile.encoding=UTF-8 -XX:+ShowCodeDetailsInExceptionMessages 
java_command: org.eclipse.jdt.internal.junit.runner.RemoteTestRunner -version 3 -port 59603 -testLoaderClass org.eclipse.jdt.internal.junit5.runner.JUnit5TestLoader -loaderpluginname org.eclipse.jdt.junit5.runtime -test fr.gestionformation.web.SessionRestControllerTest:ShouldReturnBadRequestWhenIdNotExist
java_class_path (initial): D:\Developpement\eclipse workspace\gestion_formation_backend\target\test-classes;D:\Developpement\eclipse workspace\gestion_formation_backend\target\classes;C:\Users\moulo\.m2\repository\org\springframework\boot\spring-boot-starter-actuator\3.1.4\spring-boot-starter-actuator-3.1.4.jar;C:\Users\moulo\.m2\repository\org\springframework\boot\spring-boot-starter\3.1.4\spring-boot-starter-3.1.4.jar;C:\Users\moulo\.m2\repository\org\springframework\boot\spring-boot-starter-logging\3.1.4\spring-boot-starter-logging-3.1.4.jar;C:\Users\moulo\.m2\repository\ch\qos\logback\logback-classic\1.4.11\logback-classic-1.4.11.jar;C:\Users\moulo\.m2\repository\ch\qos\logback\logback-core\1.4.11\logback-core-1.4.11.jar;C:\Users\moulo\.m2\repository\org\apache\logging\log4j\log4j-to-slf4j\2.20.0\log4j-to-slf4j-2.20.0.jar;C:\Users\moulo\.m2\repository\org\apache\logging\log4j\log4j-api\2.20.0\log4j-api-2.20.0.jar;C:\Users\moulo\.m2\repository\org\slf4j\jul-to-slf4j\2.0.9\jul-to-slf4j-2.0.9.jar;C:\Users\moulo\.m2\repository\jakarta\annotation\jakarta.annotation-api\2.1.1\jakarta.annotation-api-2.1.1.jar;C:\Users\moulo\.m2\repository\org\yaml\snakeyaml\1.33\snakeyaml-1.33.jar;C:\Users\moulo\.m2\repository\org\springframework\boot\spring-boot-actuator-autoconfigure\3.1.4\spring-boot-actuator-autoconfigure-3.1.4.jar;C:\Users\moulo\.m2\repository\org\springframework\boot\spring-boot-actuator\3.1.4\spring-boot-actuator-3.1.4.jar;C:\Users\moulo\.m2\repository\com\fasterxml\jackson\core\jackson-databind\2.15.2\jackson-databind-2.15.2.jar;C:\Users\moulo\.m2\repository\com\fasterxml\jackson\core\jackson-annotations\2.15.2\jackson-annotations-2.15.2.jar;C:\Users\moulo\.m2\repository\com\fasterxml\jackson\core\jackson-core\2.15.2\jackson-core-2.15.2.jar;C:\Users\moulo\.m2\repository\com\fasterxml\jackson\datatype\jackson-datatype-jsr310\2.15.2\jackson-datatype-jsr310-2.15.2.jar;C:\Users\moulo\.m2\repository\io\micrometer\micrometer-observation\1.11.4\micrometer-observatio
Launcher Type: SUN_STANDARD

[Global flags]
     intx CICompilerCount                          = 3                                         {product} {ergonomic}
     uint ConcGCThreads                            = 1                                         {product} {ergonomic}
     uint G1ConcRefinementThreads                  = 4                                         {product} {ergonomic}
   size_t G1HeapRegionSize                         = 2097152                                   {product} {ergonomic}
    uintx GCDrainStackTargetSize                   = 64                                        {product} {ergonomic}
   size_t InitialHeapSize                          = 201326592                                 {product} {ergonomic}
   size_t MarkStackSize                            = 4194304                                   {product} {ergonomic}
   size_t MaxHeapSize                              = 3198156800                                {product} {ergonomic}
   size_t MaxNewSize                               = 1918894080                                {product} {ergonomic}
   size_t MinHeapDeltaBytes                        = 2097152                                   {product} {ergonomic}
   size_t MinHeapSize                              = 8388608                                   {product} {ergonomic}
    uintx NonNMethodCodeHeapSize                   = 5832780                                {pd product} {ergonomic}
    uintx NonProfiledCodeHeapSize                  = 122912730                              {pd product} {ergonomic}
    uintx ProfiledCodeHeapSize                     = 122912730                              {pd product} {ergonomic}
    uintx ReservedCodeCacheSize                    = 251658240                              {pd product} {ergonomic}
     bool SegmentedCodeCache                       = true                                      {product} {ergonomic}
     bool ShowCodeDetailsInExceptionMessages       = true                                   {manageable} {command line}
   size_t SoftMaxHeapSize                          = 3198156800                             {manageable} {ergonomic}
     bool UseCompressedClassPointers               = true                           {product lp64_product} {ergonomic}
     bool UseCompressedOops                        = true                           {product lp64_product} {ergonomic}
     bool UseG1GC                                  = true                                      {product} {ergonomic}
     bool UseLargePagesIndividualAllocation        = false                                  {pd product} {ergonomic}

Logging:
Log output configuration:
 #0: stdout all=warning uptime,level,tags
 #1: stderr all=off uptime,level,tags

Environment Variables:
JAVA_HOME=C:\Program Files\Java\jdk-17
PATH=C:\Python311\Scripts\;C:\Python311\;C:\Program Files\Common Files\Oracle\Java\javapath;C:\Users\moulo\AppData\Local\Programs\Python\Python38\Scripts\;C:\Users\moulo\AppData\Local\Programs\Python\Python38\;C:\oraclexe\app\oracle\product\11.2.0\server\bin;C:\Program Files\Python38\Scripts\;C:\Program Files\Python38\;C:\Program Files\Java\jdk-11.0.2\bin;C:\WINDOWS\system32;C:\WINDOWS;C:\WINDOWS\System32\Wbem;C:\WINDOWS\System32\WindowsPowerShell\v1.0\;C:\WINDOWS\System32\OpenSSH\;C:\Program Files (x86)\Intel\Intel(R) Management Engine Components\DAL;C:\Program Files\Intel\Intel(R) Management Engine Components\DAL;C:\Program Files\PuTTY\;C:\Program Files\Git\cmd;C:\Program Files\Java\jdk-17\bin;C:\ProgramData\chocolatey\bin;C:\Program Files\dotnet\;C:\Program Files\Microsoft SQL Server\130\Tools\Binn\;C:\Program Files\nodejs\;C:\Users\moulo\anaconda3;C:\Users\moulo\anaconda3\Library\mingw-w64\bin;C:\Users\moulo\anaconda3\Library\usr\bin;C:\Users\moulo\anaconda3\Library\bin;C:\Users\moulo\anaconda3\Scripts;C:\Users\moulo\scoop\apps\nodejs\current\bin;C:\Users\moulo\scoop\apps\nodejs\current;C:\Users\moulo\scoop\apps\yarn\current\Yarn\bin;C:\Users\moulo\scoop\apps\yarn\current\global\node_modules\.bin;C:\Users\moulo\scoop\shims;C:\Users\moulo\AppData\Local\Microsoft\WindowsApps;C:\Users\moulo\AppData\Local\Programs\Microsoft VS Code\bin;C:\Tools\flutter\bin;C:\Users\moulo\AppData\Local\GitHubDesktop\bin;C:\Users\moulo\AppData\Local\Microsoft\WindowsApps;C:\Program Files\JetBrains\IntelliJ IDEA Educational Edition 2020.2.3\bin;;C:\Program Files\JetBrains\PyCharm Edu 2020.2.3\bin;;C:\Program Files\JetBrains\WebStorm 2020.2.3\bin;;C:\Users\moulo\.dotnet\tools;C:\Tools\apache-cassandra-3.11.9\bin;C:\Python27;C:\wamp64\bin\mysql\mysql5.7.24\bin;C:\Tools\apache-maven-3.8.1\bin;C:\Program Files\MongoDB\Server\4.2\bin;C:\Program Files\JetBrains\IntelliJ IDEA 2021.2\bin;;C:\Users\moulo\AppData\Roaming\npm;C:\Program Files\Java\jdk-17\bin;
USERNAME=moulo
OS=Windows_NT
PROCESSOR_IDENTIFIER=Intel64 Family 6 Model 78 Stepping 3, GenuineIntel



---------------  S Y S T E M  ---------------

OS:
 Windows 10 , 64 bit Build 19041 (10.0.19041.3393)
OS uptime: 21 days 9:29 hours
Hyper-V role detected

CPU: total 4 (initial active 4) (2 cores per cpu, 2 threads per core) family 6 model 78 stepping 3 microcode 0xcc, cx8, cmov, fxsr, ht, mmx, 3dnowpref, sse, sse2, sse3, ssse3, sse4.1, sse4.2, popcnt, lzcnt, tsc, tscinvbit, avx, avx2, aes, erms, clmul, bmi1, bmi2, adx, fma, vzeroupper, clflush, clflushopt, hv

Memory: 4k page, system-wide physical 12197M (510M free)
TotalPageFile size 27300M (AvailPageFile size 2M)
current process WorkingSet (physical memory assigned to process): 76M, peak: 77M
current process commit charge ("private bytes"): 287M, peak: 289M

vm_info: Java HotSpot(TM) 64-Bit Server VM (17.0.8+9-LTS-211) for windows-amd64 JRE (17.0.8+9-LTS-211), built on Jun 14 2023 10:34:31 by "mach5one" with MS VC++ 17.1 (VS2022)

END.
