#
# There is insufficient memory for the Java Runtime Environment to continue.
# Native memory allocation (malloc) failed to allocate 305216 bytes for Chunk::new
# Possible reasons:
#   The system is out of physical RAM or swap space
#   The process is running with CompressedOops enabled, and the Java Heap may be blocking the growth of the native heap
# Possible solutions:
#   Reduce memory load on the system
#   Increase physical memory or swap space
#   Check if swap backing store is full
#   Decrease Java heap size (-Xmx/-Xms)
#   Decrease number of Java threads
#   Decrease Java thread stack sizes (-Xss)
#   Set larger code cache with -XX:ReservedCodeCacheSize=
#   JVM is running with Zero Based Compressed Oops mode in which the Java heap is
#     placed in the first 32GB address space. The Java Heap base address is the
#     maximum limit for the native heap growth. Please use -XX:HeapBaseMinAddress
#     to set the Java Heap base and to place the Java Heap above 32GB virtual address.
# This output file may be truncated or incomplete.
#
#  Out of Memory Error (arena.cpp:189), pid=27444, tid=25172
#
# JRE version: Java(TM) SE Runtime Environment (17.0.8+9) (build 17.0.8+9-LTS-211)
# Java VM: Java HotSpot(TM) 64-Bit Server VM (17.0.8+9-LTS-211, mixed mode, sharing, tiered, compressed oops, compressed class ptrs, g1 gc, windows-amd64)
# No core dump will be written. Minidumps are not enabled by default on client versions of Windows
#

---------------  S U M M A R Y ------------

Command Line: -Dnet.bytebuddy.agent.attacher.dump= net.bytebuddy.agent.Attacher com.sun.tools.attach.VirtualMachine 16428 C:\Users\moulo\.m2\repository\net\bytebuddy\byte-buddy-agent\1.14.8\byte-buddy-agent-1.14.8.jar false 

Host: Intel(R) Core(TM) i3-6006U CPU @ 2.00GHz, 4 cores, 11G,  Windows 10 , 64 bit Build 19041 (10.0.19041.3393)
Time: Fri Sep 29 23:31:02 2023 Paris, Madrid (heure duild 19041 (10.0.19041.3393) elapsed time: 0.356374 seconds (0d 0h 0m 0s)

---------------  T H R E A D  ---------------

Current thread (0x00000267593bea40):  JavaThread "C2 CompilerThread0" daemon [_thread_in_native, id=25172, stack(0x000000ac6ac00000,0x000000ac6ad00000)]


Current CompileTask:
C2:    356  278       4       java.io.StreamTokenizer::nextToken (1266 bytes)

Stack: [0x000000ac6ac00000,0x000000ac6ad00000]
Native frames: (J=compiled Java code, j=interpreted, Vv=VM code, C=native code)
V  [jvm.dll+0x677d0a]
V  [jvm.dll+0x7d8c54]
V  [jvm.dll+0x7da3fe]
V  [jvm.dll+0x7daa63]
V  [jvm.dll+0x245c5f]
V  [jvm.dll+0xaaa6b]
V  [jvm.dll+0xab00c]
V  [jvm.dll+0x2ab5cf]
V  [jvm.dll+0x580435]
V  [jvm.dll+0x220b22]
V  [jvm.dll+0x219bfd]
V  [jvm.dll+0x217329]
V  [jvm.dll+0x1a3af0]
V  [jvm.dll+0x2270be]
V  [jvm.dll+0x22535b]
V  [jvm.dll+0x78e7bc]
V  [jvm.dll+0x788bba]
V  [jvm.dll+0x676b35]
C  [ucrtbase.dll+0x21bb2]
C  [KERNEL32.DLL+0x17344]
C  [ntdll.dll+0x526b1]


---------------  P R O C E S S  ---------------

Threads class SMR info:
_java_thread_list=0x0000026759699fb0, length=13, elements={
0x0000026759395380, 0x0000026759396100, 0x00000267593ad570, 0x00000267593ae030,
0x00000267593b2d10, 0x00000267593b35d0, 0x00000267593bea40, 0x00000267593bf3f0,
0x00000267593c1d00, 0x0000026759626200, 0x000002675962c350, 0x000002675985ad70,
0x00000267394e29a0
}

Java Threads: ( => current thread )
  0x0000026759395380 JavaThread "Reference Handler" daemon [_thread_blocked, id=9288, stack(0x000000ac6a600000,0x000000ac6a700000)]
  0x0000026759396100 JavaThread "Finalizer" daemon [_thread_blocked, id=34912, stack(0x000000ac6a700000,0x000000ac6a800000)]
  0x00000267593ad570 JavaThread "Signal Dispatcher" daemon [_thread_blocked, id=6724, stack(0x000000ac6a800000,0x000000ac6a900000)]
  0x00000267593ae030 JavaThread "Attach Listener" daemon [_thread_blocked, id=35352, stack(0x000000ac6a900000,0x000000ac6aa00000)]
  0x00000267593b2d10 JavaThread "Service Thread" daemon [_thread_blocked, id=36516, stack(0x000000ac6aa00000,0x000000ac6ab00000)]
  0x00000267593b35d0 JavaThread "Monitor Deflation Thread" daemon [_thread_blocked, id=31888, stack(0x000000ac6ab00000,0x000000ac6ac00000)]
=>0x00000267593bea40 JavaThread "C2 CompilerThread0" daemon [_thread_in_native, id=25172, stack(0x000000ac6ac00000,0x000000ac6ad00000)]
  0x00000267593bf3f0 JavaThread "C1 CompilerThread0" daemon [_thread_blocked, id=32448, stack(0x000000ac6ad00000,0x000000ac6ae00000)]
  0x00000267593c1d00 JavaThread "Sweeper thread" daemon [_thread_blocked, id=23632, stack(0x000000ac6ae00000,0x000000ac6af00000)]
  0x0000026759626200 JavaThread "Notification Thread" daemon [_thread_blocked, id=37596, stack(0x000000ac6af00000,0x000000ac6b000000)]
  0x000002675962c350 JavaThread "Common-Cleaner" daemon [_thread_blocked, id=34904, stack(0x000000ac6b100000,0x000000ac6b200000)]
  0x000002675985ad70 JavaThread "C2 CompilerThread1" daemon [_thread_blocked, id=32476, stack(0x000000ac6b200000,0x000000ac6b300000)]
  0x00000267394e29a0 JavaThread "DestroyJavaVM" [_thread_blocked, id=33852, stack(0x000000ac69f00000,0x000000ac6a000000)]

Other Threads:
  0x0000026759390870 VMThread "VM Thread" [stack: 0x000000ac6a500000,0x000000ac6a600000] [id=31372]
  0x000002673954b470 WatcherThread [stack: 0x000000ac6b000000,0x000000ac6b100000] [id=20976]
  0x0000026739539050 GCTaskThread "GC Thread#0" [stack: 0x000000ac6a000000,0x000000ac6a100000] [id=2016]
  0x0000026739545e20 ConcurrentGCThread "G1 Main Marker" [stack: 0x000000ac6a100000,0x000000ac6a200000] [id=32180]
  0x0000026739547fe0 ConcurrentGCThread "G1 Conc#0" [stack: 0x000000ac6a200000,0x000000ac6a300000] [id=24052]
  0x00000267395abd40 ConcurrentGCThread "G1 Refine#0" [stack: 0x000000ac6a300000,0x000000ac6a400000] [id=13504]
  0x00000267395ac670 ConcurrentGCThread "G1 Service" [stack: 0x000000ac6a400000,0x000000ac6a500000] [id=18868]

Threads with active compile tasks:
C2 CompilerThread0      436  278       4       java.io.StreamTokenizer::nextToken (1266 bytes)

VM state: not at safepoint (normal execution)

VM Mutex/Monitor currently owned by a thread: None

Heap address: 0x0000000741600000, size: 3050 MB, Compressed Oops mode: Zero based, Oop shift amount: 3

CDS archive(s) mapped at: [0x000002675a000000-0x000002675abd0000-0x000002675abd0000), size 12386304, SharedBaseAddress: 0x000002675a000000, ArchiveRelocationMode: 1.
Compressed class space mapped at: 0x000002675b000000-0x000002679b000000, reserved size: 1073741824
Narrow klass base: 0x000002675a000000, Narrow klass shift: 0, Narrow klass range: 0x100000000

GC Precious Log:
 CPUs: 4 total, 4 available
 Memory: 12197M
 Large Page Support: Disabled
 NUMA Support: Disabled
 Compressed Oops: Enabled (Zero based)
 Heap Region Size: 2M
 Heap Min Capacity: 8M
 Heap Initial Capacity: 192M
 Heap Max Capacity: 3050M
 Pre-touch: Disabled
 Parallel Workers: 4
 Concurrent Workers: 1
 Concurrent Refinement Workers: 4
 Periodic GC: Disabled

Heap:
 garbage-first heap   total 196608K, used 2048K [0x0000000741600000, 0x0000000800000000)
  region size 2048K, 2 young (4096K), 0 survivors (0K)
 Metaspace       used 1024K, committed 1216K, reserved 1114112K
  class space    used 99K, committed 192K, reserved 1048576K

Heap Regions: E=young(eden), S=young(survivor), O=old, HS=humongous(starts), HC=humongous(continues), CS=collection set, F=free, OA=open archive, CA=closed archive, TAMS=top-at-mark-start (previous, next)
|   0|0x0000000741600000, 0x0000000741600000, 0x0000000741800000|  0%| F|  |TAMS 0x0000000741600000, 0x0000000741600000| Untracked 
|   1|0x0000000741800000, 0x0000000741800000, 0x0000000741a00000|  0%| F|  |TAMS 0x0000000741800000, 0x0000000741800000| Untracked 
|   2|0x0000000741a00000, 0x0000000741a00000, 0x0000000741c00000|  0%| F|  |TAMS 0x0000000741a00000, 0x0000000741a00000| Untracked 
|   3|0x0000000741c00000, 0x0000000741c00000, 0x0000000741e00000|  0%| F|  |TAMS 0x0000000741c00000, 0x0000000741c00000| Untracked 
|   4|0x0000000741e00000, 0x0000000741e00000, 0x0000000742000000|  0%| F|  |TAMS 0x0000000741e00000, 0x0000000741e00000| Untracked 
|   5|0x0000000742000000, 0x0000000742000000, 0x0000000742200000|  0%| F|  |TAMS 0x0000000742000000, 0x0000000742000000| Untracked 
|   6|0x0000000742200000, 0x0000000742200000, 0x0000000742400000|  0%| F|  |TAMS 0x0000000742200000, 0x0000000742200000| Untracked 
|   7|0x0000000742400000, 0x0000000742400000, 0x0000000742600000|  0%| F|  |TAMS 0x0000000742400000, 0x0000000742400000| Untracked 
|   8|0x0000000742600000, 0x0000000742600000, 0x0000000742800000|  0%| F|  |TAMS 0x0000000742600000, 0x0000000742600000| Untracked 
|   9|0x0000000742800000, 0x0000000742800000, 0x0000000742a00000|  0%| F|  |TAMS 0x0000000742800000, 0x0000000742800000| Untracked 
|  10|0x0000000742a00000, 0x0000000742a00000, 0x0000000742c00000|  0%| F|  |TAMS 0x0000000742a00000, 0x0000000742a00000| Untracked 
|  11|0x0000000742c00000, 0x0000000742c00000, 0x0000000742e00000|  0%| F|  |TAMS 0x0000000742c00000, 0x0000000742c00000| Untracked 
|  12|0x0000000742e00000, 0x0000000742e00000, 0x0000000743000000|  0%| F|  |TAMS 0x0000000742e00000, 0x0000000742e00000| Untracked 
|  13|0x0000000743000000, 0x0000000743000000, 0x0000000743200000|  0%| F|  |TAMS 0x0000000743000000, 0x0000000743000000| Untracked 
|  14|0x0000000743200000, 0x0000000743200000, 0x0000000743400000|  0%| F|  |TAMS 0x0000000743200000, 0x0000000743200000| Untracked 
|  15|0x0000000743400000, 0x0000000743400000, 0x0000000743600000|  0%| F|  |TAMS 0x0000000743400000, 0x0000000743400000| Untracked 
|  16|0x0000000743600000, 0x0000000743600000, 0x0000000743800000|  0%| F|  |TAMS 0x0000000743600000, 0x0000000743600000| Untracked 
|  17|0x0000000743800000, 0x0000000743800000, 0x0000000743a00000|  0%| F|  |TAMS 0x0000000743800000, 0x0000000743800000| Untracked 
|  18|0x0000000743a00000, 0x0000000743a00000, 0x0000000743c00000|  0%| F|  |TAMS 0x0000000743a00000, 0x0000000743a00000| Untracked 
|  19|0x0000000743c00000, 0x0000000743c00000, 0x0000000743e00000|  0%| F|  |TAMS 0x0000000743c00000, 0x0000000743c00000| Untracked 
|  20|0x0000000743e00000, 0x0000000743e00000, 0x0000000744000000|  0%| F|  |TAMS 0x0000000743e00000, 0x0000000743e00000| Untracked 
|  21|0x0000000744000000, 0x0000000744000000, 0x0000000744200000|  0%| F|  |TAMS 0x0000000744000000, 0x0000000744000000| Untracked 
|  22|0x0000000744200000, 0x0000000744200000, 0x0000000744400000|  0%| F|  |TAMS 0x0000000744200000, 0x0000000744200000| Untracked 
|  23|0x0000000744400000, 0x0000000744400000, 0x0000000744600000|  0%| F|  |TAMS 0x0000000744400000, 0x0000000744400000| Untracked 
|  24|0x0000000744600000, 0x0000000744600000, 0x0000000744800000|  0%| F|  |TAMS 0x0000000744600000, 0x0000000744600000| Untracked 
|  25|0x0000000744800000, 0x0000000744800000, 0x0000000744a00000|  0%| F|  |TAMS 0x0000000744800000, 0x0000000744800000| Untracked 
|  26|0x0000000744a00000, 0x0000000744a00000, 0x0000000744c00000|  0%| F|  |TAMS 0x0000000744a00000, 0x0000000744a00000| Untracked 
|  27|0x0000000744c00000, 0x0000000744c00000, 0x0000000744e00000|  0%| F|  |TAMS 0x0000000744c00000, 0x0000000744c00000| Untracked 
|  28|0x0000000744e00000, 0x0000000744e00000, 0x0000000745000000|  0%| F|  |TAMS 0x0000000744e00000, 0x0000000744e00000| Untracked 
|  29|0x0000000745000000, 0x0000000745000000, 0x0000000745200000|  0%| F|  |TAMS 0x0000000745000000, 0x0000000745000000| Untracked 
|  30|0x0000000745200000, 0x0000000745200000, 0x0000000745400000|  0%| F|  |TAMS 0x0000000745200000, 0x0000000745200000| Untracked 
|  31|0x0000000745400000, 0x0000000745400000, 0x0000000745600000|  0%| F|  |TAMS 0x0000000745400000, 0x0000000745400000| Untracked 
|  32|0x0000000745600000, 0x0000000745600000, 0x0000000745800000|  0%| F|  |TAMS 0x0000000745600000, 0x0000000745600000| Untracked 
|  33|0x0000000745800000, 0x0000000745800000, 0x0000000745a00000|  0%| F|  |TAMS 0x0000000745800000, 0x0000000745800000| Untracked 
|  34|0x0000000745a00000, 0x0000000745a00000, 0x0000000745c00000|  0%| F|  |TAMS 0x0000000745a00000, 0x0000000745a00000| Untracked 
|  35|0x0000000745c00000, 0x0000000745c00000, 0x0000000745e00000|  0%| F|  |TAMS 0x0000000745c00000, 0x0000000745c00000| Untracked 
|  36|0x0000000745e00000, 0x0000000745e00000, 0x0000000746000000|  0%| F|  |TAMS 0x0000000745e00000, 0x0000000745e00000| Untracked 
|  37|0x0000000746000000, 0x0000000746000000, 0x0000000746200000|  0%| F|  |TAMS 0x0000000746000000, 0x0000000746000000| Untracked 
|  38|0x0000000746200000, 0x0000000746200000, 0x0000000746400000|  0%| F|  |TAMS 0x0000000746200000, 0x0000000746200000| Untracked 
|  39|0x0000000746400000, 0x0000000746400000, 0x0000000746600000|  0%| F|  |TAMS 0x0000000746400000, 0x0000000746400000| Untracked 
|  40|0x0000000746600000, 0x0000000746600000, 0x0000000746800000|  0%| F|  |TAMS 0x0000000746600000, 0x0000000746600000| Untracked 
|  41|0x0000000746800000, 0x0000000746800000, 0x0000000746a00000|  0%| F|  |TAMS 0x0000000746800000, 0x0000000746800000| Untracked 
|  42|0x0000000746a00000, 0x0000000746a00000, 0x0000000746c00000|  0%| F|  |TAMS 0x0000000746a00000, 0x0000000746a00000| Untracked 
|  43|0x0000000746c00000, 0x0000000746c00000, 0x0000000746e00000|  0%| F|  |TAMS 0x0000000746c00000, 0x0000000746c00000| Untracked 
|  44|0x0000000746e00000, 0x0000000746e00000, 0x0000000747000000|  0%| F|  |TAMS 0x0000000746e00000, 0x0000000746e00000| Untracked 
|  45|0x0000000747000000, 0x0000000747000000, 0x0000000747200000|  0%| F|  |TAMS 0x0000000747000000, 0x0000000747000000| Untracked 
|  46|0x0000000747200000, 0x0000000747200000, 0x0000000747400000|  0%| F|  |TAMS 0x0000000747200000, 0x0000000747200000| Untracked 
|  47|0x0000000747400000, 0x0000000747400000, 0x0000000747600000|  0%| F|  |TAMS 0x0000000747400000, 0x0000000747400000| Untracked 
|  48|0x0000000747600000, 0x0000000747600000, 0x0000000747800000|  0%| F|  |TAMS 0x0000000747600000, 0x0000000747600000| Untracked 
|  49|0x0000000747800000, 0x0000000747800000, 0x0000000747a00000|  0%| F|  |TAMS 0x0000000747800000, 0x0000000747800000| Untracked 
|  50|0x0000000747a00000, 0x0000000747a00000, 0x0000000747c00000|  0%| F|  |TAMS 0x0000000747a00000, 0x0000000747a00000| Untracked 
|  51|0x0000000747c00000, 0x0000000747c00000, 0x0000000747e00000|  0%| F|  |TAMS 0x0000000747c00000, 0x0000000747c00000| Untracked 
|  52|0x0000000747e00000, 0x0000000747e00000, 0x0000000748000000|  0%| F|  |TAMS 0x0000000747e00000, 0x0000000747e00000| Untracked 
|  53|0x0000000748000000, 0x0000000748000000, 0x0000000748200000|  0%| F|  |TAMS 0x0000000748000000, 0x0000000748000000| Untracked 
|  54|0x0000000748200000, 0x0000000748200000, 0x0000000748400000|  0%| F|  |TAMS 0x0000000748200000, 0x0000000748200000| Untracked 
|  55|0x0000000748400000, 0x0000000748400000, 0x0000000748600000|  0%| F|  |TAMS 0x0000000748400000, 0x0000000748400000| Untracked 
|  56|0x0000000748600000, 0x0000000748600000, 0x0000000748800000|  0%| F|  |TAMS 0x0000000748600000, 0x0000000748600000| Untracked 
|  57|0x0000000748800000, 0x0000000748800000, 0x0000000748a00000|  0%| F|  |TAMS 0x0000000748800000, 0x0000000748800000| Untracked 
|  58|0x0000000748a00000, 0x0000000748a00000, 0x0000000748c00000|  0%| F|  |TAMS 0x0000000748a00000, 0x0000000748a00000| Untracked 
|  59|0x0000000748c00000, 0x0000000748c00000, 0x0000000748e00000|  0%| F|  |TAMS 0x0000000748c00000, 0x0000000748c00000| Untracked 
|  60|0x0000000748e00000, 0x0000000748e00000, 0x0000000749000000|  0%| F|  |TAMS 0x0000000748e00000, 0x0000000748e00000| Untracked 
|  61|0x0000000749000000, 0x0000000749000000, 0x0000000749200000|  0%| F|  |TAMS 0x0000000749000000, 0x0000000749000000| Untracked 
|  62|0x0000000749200000, 0x0000000749200000, 0x0000000749400000|  0%| F|  |TAMS 0x0000000749200000, 0x0000000749200000| Untracked 
|  63|0x0000000749400000, 0x0000000749400000, 0x0000000749600000|  0%| F|  |TAMS 0x0000000749400000, 0x0000000749400000| Untracked 
|  64|0x0000000749600000, 0x0000000749600000, 0x0000000749800000|  0%| F|  |TAMS 0x0000000749600000, 0x0000000749600000| Untracked 
|  65|0x0000000749800000, 0x0000000749800000, 0x0000000749a00000|  0%| F|  |TAMS 0x0000000749800000, 0x0000000749800000| Untracked 
|  66|0x0000000749a00000, 0x0000000749a00000, 0x0000000749c00000|  0%| F|  |TAMS 0x0000000749a00000, 0x0000000749a00000| Untracked 
|  67|0x0000000749c00000, 0x0000000749c00000, 0x0000000749e00000|  0%| F|  |TAMS 0x0000000749c00000, 0x0000000749c00000| Untracked 
|  68|0x0000000749e00000, 0x0000000749e00000, 0x000000074a000000|  0%| F|  |TAMS 0x0000000749e00000, 0x0000000749e00000| Untracked 
|  69|0x000000074a000000, 0x000000074a000000, 0x000000074a200000|  0%| F|  |TAMS 0x000000074a000000, 0x000000074a000000| Untracked 
|  70|0x000000074a200000, 0x000000074a200000, 0x000000074a400000|  0%| F|  |TAMS 0x000000074a200000, 0x000000074a200000| Untracked 
|  71|0x000000074a400000, 0x000000074a400000, 0x000000074a600000|  0%| F|  |TAMS 0x000000074a400000, 0x000000074a400000| Untracked 
|  72|0x000000074a600000, 0x000000074a600000, 0x000000074a800000|  0%| F|  |TAMS 0x000000074a600000, 0x000000074a600000| Untracked 
|  73|0x000000074a800000, 0x000000074a800000, 0x000000074aa00000|  0%| F|  |TAMS 0x000000074a800000, 0x000000074a800000| Untracked 
|  74|0x000000074aa00000, 0x000000074aa00000, 0x000000074ac00000|  0%| F|  |TAMS 0x000000074aa00000, 0x000000074aa00000| Untracked 
|  75|0x000000074ac00000, 0x000000074ac00000, 0x000000074ae00000|  0%| F|  |TAMS 0x000000074ac00000, 0x000000074ac00000| Untracked 
|  76|0x000000074ae00000, 0x000000074ae00000, 0x000000074b000000|  0%| F|  |TAMS 0x000000074ae00000, 0x000000074ae00000| Untracked 
|  77|0x000000074b000000, 0x000000074b000000, 0x000000074b200000|  0%| F|  |TAMS 0x000000074b000000, 0x000000074b000000| Untracked 
|  78|0x000000074b200000, 0x000000074b200000, 0x000000074b400000|  0%| F|  |TAMS 0x000000074b200000, 0x000000074b200000| Untracked 
|  79|0x000000074b400000, 0x000000074b400000, 0x000000074b600000|  0%| F|  |TAMS 0x000000074b400000, 0x000000074b400000| Untracked 
|  80|0x000000074b600000, 0x000000074b600000, 0x000000074b800000|  0%| F|  |TAMS 0x000000074b600000, 0x000000074b600000| Untracked 
|  81|0x000000074b800000, 0x000000074b800000, 0x000000074ba00000|  0%| F|  |TAMS 0x000000074b800000, 0x000000074b800000| Untracked 
|  82|0x000000074ba00000, 0x000000074ba00000, 0x000000074bc00000|  0%| F|  |TAMS 0x000000074ba00000, 0x000000074ba00000| Untracked 
|  83|0x000000074bc00000, 0x000000074bc00000, 0x000000074be00000|  0%| F|  |TAMS 0x000000074bc00000, 0x000000074bc00000| Untracked 
|  84|0x000000074be00000, 0x000000074be00000, 0x000000074c000000|  0%| F|  |TAMS 0x000000074be00000, 0x000000074be00000| Untracked 
|  85|0x000000074c000000, 0x000000074c000000, 0x000000074c200000|  0%| F|  |TAMS 0x000000074c000000, 0x000000074c000000| Untracked 
|  86|0x000000074c200000, 0x000000074c200000, 0x000000074c400000|  0%| F|  |TAMS 0x000000074c200000, 0x000000074c200000| Untracked 
|  87|0x000000074c400000, 0x000000074c400000, 0x000000074c600000|  0%| F|  |TAMS 0x000000074c400000, 0x000000074c400000| Untracked 
|  88|0x000000074c600000, 0x000000074c600000, 0x000000074c800000|  0%| F|  |TAMS 0x000000074c600000, 0x000000074c600000| Untracked 
|  89|0x000000074c800000, 0x000000074c800000, 0x000000074ca00000|  0%| F|  |TAMS 0x000000074c800000, 0x000000074c800000| Untracked 
|  90|0x000000074ca00000, 0x000000074ca00000, 0x000000074cc00000|  0%| F|  |TAMS 0x000000074ca00000, 0x000000074ca00000| Untracked 
|  91|0x000000074cc00000, 0x000000074cc00000, 0x000000074ce00000|  0%| F|  |TAMS 0x000000074cc00000, 0x000000074cc00000| Untracked 
|  92|0x000000074ce00000, 0x000000074ce00000, 0x000000074d000000|  0%| F|  |TAMS 0x000000074ce00000, 0x000000074ce00000| Untracked 
|  93|0x000000074d000000, 0x000000074d000000, 0x000000074d200000|  0%| F|  |TAMS 0x000000074d000000, 0x000000074d000000| Untracked 
|  94|0x000000074d200000, 0x000000074d27bbb8, 0x000000074d400000| 24%| E|  |TAMS 0x000000074d200000, 0x000000074d200000| Complete 
|  95|0x000000074d400000, 0x000000074d600000, 0x000000074d600000|100%| E|CS|TAMS 0x000000074d400000, 0x000000074d400000| Complete 

Card table byte_map: [0x0000026750390000,0x0000026750990000] _byte_map_base: 0x000002674c985000

Marking Bits (Prev, Next): (CMBitMap*) 0x0000026739539660, (CMBitMap*) 0x00000267395396a0
 Prev Bits: [0x0000026750f90000, 0x0000026753f38000)
 Next Bits: [0x0000026753f40000, 0x0000026756ee8000)

Polling page: 0x0000026737250000

Metaspace:

Usage:
  Non-class:    924.69 KB used.
      Class:     99.54 KB used.
       Both:      1.00 MB used.

Virtual space:
  Non-class space:       64.00 MB reserved,       1.00 MB (  2%) committed,  1 nodes.
      Class space:        1.00 GB reserved,     192.00 KB ( <1%) committed,  1 nodes.
             Both:        1.06 GB reserved,       1.19 MB ( <1%) committed. 

Chunk freelists:
   Non-Class:  11.74 MB
       Class:  15.68 MB
        Both:  27.42 MB

MaxMetaspaceSize: unlimited
CompressedClassSpaceSize: 1.00 GB
Initial GC threshold: 21.00 MB
Current GC threshold: 21.00 MB
CDS: on
MetaspaceReclaimPolicy: balanced
 - commit_granule_bytes: 65536.
 - commit_granule_words: 8192.
 - virtual_space_node_default_size: 8388608.
 - enlarge_chunks_in_place: 1.
 - new_chunks_are_fully_committed: 0.
 - uncommit_free_chunks: 1.
 - use_allocation_guard: 0.
 - handle_deallocations: 1.


Internal statistics:

num_allocs_failed_limit: 0.
num_arena_births: 52.
num_arena_deaths: 0.
num_vsnodes_births: 2.
num_vsnodes_deaths: 0.
num_space_committed: 19.
num_space_uncommitted: 0.
num_chunks_returned_to_freelist: 0.
num_chunks_taken_from_freelist: 78.
num_chunk_merges: 0.
num_chunk_splits: 47.
num_chunks_enlarged: 31.
num_purges: 0.
num_inconsistent_stats: 0.

CodeHeap 'non-profiled nmethods': size=120000Kb used=110Kb max_used=110Kb free=119889Kb
 bounds [0x0000026748860000, 0x0000026748ad0000, 0x000002674fd90000]
CodeHeap 'profiled nmethods': size=120000Kb used=479Kb max_used=479Kb free=119520Kb
 bounds [0x0000026740d90000, 0x0000026741000000, 0x00000267482c0000]
CodeHeap 'non-nmethods': size=5760Kb used=1125Kb max_used=1140Kb free=4634Kb
 bounds [0x00000267482c0000, 0x0000026748530000, 0x0000026748860000]
 total_blobs=751 nmethods=344 adapters=320
 compilation: enabled
              stopped_count=0, restarted_count=0
 full_count=0

Compilation events (20 events):
Event: 0.342 Thread 0x00000267593bf3f0 nmethod 292 0x0000026740df4d90 code [0x0000026740df4f40, 0x0000026740df5188]
Event: 0.342 Thread 0x00000267593bf3f0  293       3       jdk.internal.misc.Unsafe::allocateUninitializedArray (55 bytes)
Event: 0.343 Thread 0x00000267593bf3f0 nmethod 293 0x0000026740df5290 code [0x0000026740df5480, 0x0000026740df58f8]
Event: 0.343 Thread 0x00000267593bf3f0  294       1       sun.invoke.util.Wrapper::basicTypeChar (5 bytes)
Event: 0.343 Thread 0x00000267593bf3f0 nmethod 294 0x0000026748876510 code [0x00000267488766a0, 0x0000026748876778]
Event: 0.344 Thread 0x00000267593bf3f0  296       3       java.lang.Class::getName (18 bytes)
Event: 0.344 Thread 0x00000267593bf3f0 nmethod 296 0x0000026740df5a90 code [0x0000026740df5c40, 0x0000026740df5dc8]
Event: 0.345 Thread 0x00000267593bf3f0  297       3       java.lang.invoke.LambdaForm$Name::<init> (54 bytes)
Event: 0.345 Thread 0x00000267593bf3f0 nmethod 297 0x0000026740df5e90 code [0x0000026740df6040, 0x0000026740df6318]
Event: 0.347 Thread 0x00000267593bf3f0  301       3       java.lang.invoke.LambdaForm$NamedFunction::methodType (23 bytes)
Event: 0.347 Thread 0x00000267593bf3f0 nmethod 301 0x0000026740df6410 code [0x0000026740df65c0, 0x0000026740df6828]
Event: 0.348 Thread 0x00000267593bf3f0  303       3       java.lang.Class::getClassLoader (28 bytes)
Event: 0.349 Thread 0x00000267593bf3f0 nmethod 303 0x0000026740df6910 code [0x0000026740df6b60, 0x0000026740df75b8]
Event: 0.349 Thread 0x00000267593bf3f0  304       3       java.util.Arrays::copyOf (19 bytes)
Event: 0.350 Thread 0x00000267593bf3f0 nmethod 304 0x0000026740df7910 code [0x0000026740df7ac0, 0x0000026740df7da8]
Event: 0.350 Thread 0x00000267593bf3f0  302       3       java.lang.invoke.MemberName::getMethodOrFieldType (72 bytes)
Event: 0.351 Thread 0x000002675985ad70  279       4       java.io.StreamTokenizer::read (38 bytes)
Event: 0.352 Thread 0x00000267593bf3f0 nmethod 302 0x0000026740df7f10 code [0x0000026740df8240, 0x0000026740df9128]
Event: 0.352 Thread 0x00000267593bf3f0  306       3       java.lang.invoke.LambdaForm::parameter (38 bytes)
Event: 0.352 Thread 0x00000267593bf3f0 nmethod 306 0x0000026740df9690 code [0x0000026740df9820, 0x0000026740df9978]

GC Heap History (0 events):
No events

Deoptimization events (4 events):
Event: 0.325 Thread 0x00000267394e29a0 Uncommon trap: trap_request=0xffffff45 fr.pc=0x0000026748875aa4 relative=0x0000000000000284
Event: 0.325 Thread 0x00000267394e29a0 Uncommon trap: reason=unstable_if action=reinterpret pc=0x0000026748875aa4 method=java.io.BufferedReader.read()I @ 19 c2
Event: 0.326 Thread 0x00000267394e29a0 DEOPT PACKING pc=0x0000026748875aa4 sp=0x000000ac69ffe100
Event: 0.326 Thread 0x00000267394e29a0 DEOPT UNPACKING pc=0x00000267483123a3 sp=0x000000ac69ffe040 mode 2

Classes unloaded (0 events):
No events

Classes redefined (0 events):
No events

Internal exceptions (4 events):
Event: 0.337 Thread 0x00000267394e29a0 Exception <a 'java/lang/NoSuchMethodError'{0x000000074d5e9d78}: 'java.lang.Object java.lang.invoke.DirectMethodHandle$Holder.invokeStaticInit(java.lang.Object)'> (0x000000074d5e9d78) 
thrown [s\open\src\hotspot\share\interpreter\linkResolver.cpp, line 759]
Event: 0.345 Thread 0x00000267394e29a0 Exception <a 'java/lang/NoSuchMethodError'{0x000000074d5f6ba0}: 'java.lang.Object java.lang.invoke.DirectMethodHandle$Holder.invokeStaticInit(java.lang.Object, java.lang.Object, long, java.lang.Object)'> (0x000000074d5f6ba0) 
thrown [s\open\src\hotspot\share\interpreter\linkResolver.cpp, line 759]
Event: 0.347 Thread 0x00000267394e29a0 Exception <a 'java/lang/NoSuchMethodError'{0x000000074d5fd060}: 'java.lang.Object java.lang.invoke.DirectMethodHandle$Holder.newInvokeSpecial(java.lang.Object, java.lang.Object, long)'> (0x000000074d5fd060) 
thrown [s\open\src\hotspot\share\interpreter\linkResolver.cpp, line 759]
Event: 0.351 Thread 0x00000267394e29a0 Exception <a 'java/lang/NoSuchMethodError'{0x000000074d2011c0}: 'java.lang.Object java.lang.invoke.Invokers$Holder.linkToTargetMethod(java.lang.Object, long, java.lang.Object)'> (0x000000074d2011c0) 
thrown [s\open\src\hotspot\share\interpreter\linkResolver.cpp, line 759]

VM Operations (2 events):
Event: 0.162 Executing VM operation: HandshakeAllThreads
Event: 0.162 Executing VM operation: HandshakeAllThreads done

Events (20 events):
Event: 0.313 loading class jdk/internal/jimage/ImageBufferCache$1
Event: 0.313 loading class jdk/internal/jimage/ImageBufferCache$1 done
Event: 0.313 loading class jdk/internal/jimage/ImageBufferCache$2
Event: 0.313 loading class jdk/internal/jimage/ImageBufferCache$2 done
Event: 0.313 loading class java/util/AbstractMap$SimpleEntry
Event: 0.313 loading class java/util/AbstractMap$SimpleEntry done
Event: 0.313 loading class sun/nio/cs/StreamDecoder
Event: 0.314 loading class sun/nio/cs/StreamDecoder done
Event: 0.314 loading class java/io/StreamTokenizer
Event: 0.314 loading class java/io/StreamTokenizer done
Event: 0.335 loading class java/lang/SecurityException
Event: 0.335 loading class java/lang/SecurityException done
Event: 0.336 loading class java/lang/ProcessHandle
Event: 0.336 loading class java/lang/ProcessHandle done
Event: 0.340 loading class java/lang/ProcessHandleImpl
Event: 0.341 loading class java/lang/ProcessHandleImpl done
Event: 0.349 Thread 0x000002675985ad70 Thread added: 0x000002675985ad70
Event: 0.352 loading class java/util/concurrent/Executors
Event: 0.352 loading class java/util/concurrent/Executors done
Event: 0.352 loading class java/util/concurrent/ThreadPoolExecutor


Dynamic libraries:
0x00007ff786970000 - 0x00007ff786980000 	C:\Program Files\Java\jdk-17\bin\java.exe
0x00007fff10110000 - 0x00007fff10308000 	C:\WINDOWS\SYSTEM32\ntdll.dll
0x00007fff0f100000 - 0x00007fff0f1bd000 	C:\WINDOWS\System32\KERNEL32.DLL
0x00007fff0d820000 - 0x00007fff0db16000 	C:\WINDOWS\System32\KERNELBASE.dll
0x00007fff0db20000 - 0x00007fff0dc20000 	C:\WINDOWS\System32\ucrtbase.dll
0x00007fff062d0000 - 0x00007fff062e9000 	C:\Program Files\Java\jdk-17\bin\jli.dll
0x00007fff0f800000 - 0x00007fff0f8ae000 	C:\WINDOWS\System32\ADVAPI32.dll
0x00007fff0fb10000 - 0x00007fff0fbae000 	C:\WINDOWS\System32\msvcrt.dll
0x00007fff0f220000 - 0x00007fff0f2bc000 	C:\WINDOWS\System32\sechost.dll
0x00007fff0fed0000 - 0x00007fff0fff6000 	C:\WINDOWS\System32\RPCRT4.dll
0x00007fff0e2f0000 - 0x00007fff0e48e000 	C:\WINDOWS\System32\USER32.dll
0x00007fff0d7f0000 - 0x00007fff0d812000 	C:\WINDOWS\System32\win32u.dll
0x00007fff05bb0000 - 0x00007fff05bcb000 	C:\Program Files\Java\jdk-17\bin\VCRUNTIME140.dll
0x00007fff0ec60000 - 0x00007fff0ec8c000 	C:\WINDOWS\System32\GDI32.dll
0x00007fff0df70000 - 0x00007fff0e08a000 	C:\WINDOWS\System32\gdi32full.dll
0x00007fff0dc90000 - 0x00007fff0dd2d000 	C:\WINDOWS\System32\msvcp_win.dll
0x00007ffefe830000 - 0x00007ffefeaca000 	C:\WINDOWS\WinSxS\amd64_microsoft.windows.common-controls_6595b64144ccf1df_6.0.19041.1110_none_60b5254171f9507e\COMCTL32.dll
0x00007fff06110000 - 0x00007fff0611a000 	C:\WINDOWS\SYSTEM32\VERSION.dll
0x00007fff0fa30000 - 0x00007fff0fa60000 	C:\WINDOWS\System32\IMM32.DLL
0x00007fff0ab60000 - 0x00007fff0ab6c000 	C:\Program Files\Java\jdk-17\bin\vcruntime140_1.dll
0x00007ffefd340000 - 0x00007ffefd3ce000 	C:\Program Files\Java\jdk-17\bin\msvcp140.dll
0x00007ffed0d00000 - 0x00007ffed18de000 	C:\Program Files\Java\jdk-17\bin\server\jvm.dll
0x00007fff0f7d0000 - 0x00007fff0f7d8000 	C:\WINDOWS\System32\PSAPI.DLL
0x00007ffef0550000 - 0x00007ffef0559000 	C:\WINDOWS\SYSTEM32\WSOCK32.dll
0x00007fff10000000 - 0x00007fff1006b000 	C:\WINDOWS\System32\WS2_32.dll
0x00007ffeefac0000 - 0x00007ffeefae7000 	C:\WINDOWS\SYSTEM32\WINMM.dll
0x00007fff0bfd0000 - 0x00007fff0bfe2000 	C:\WINDOWS\SYSTEM32\kernel.appcore.dll
0x00007fff090c0000 - 0x00007fff090ca000 	C:\Program Files\Java\jdk-17\bin\jimage.dll
0x00007fff0bdc0000 - 0x00007fff0bfa4000 	C:\WINDOWS\SYSTEM32\DBGHELP.DLL
0x00007ffeff4b0000 - 0x00007ffeff4e4000 	C:\WINDOWS\SYSTEM32\dbgcore.DLL
0x00007fff0dd30000 - 0x00007fff0ddb2000 	C:\WINDOWS\System32\bcryptPrimitives.dll
0x00007ffefde40000 - 0x00007ffefde65000 	C:\Program Files\Java\jdk-17\bin\java.dll
0x00007ffefc930000 - 0x00007ffefca07000 	C:\Program Files\Java\jdk-17\bin\jsvml.dll
0x00007fff0e4a0000 - 0x00007fff0ebe5000 	C:\WINDOWS\System32\SHELL32.dll
0x00007fff0b4e0000 - 0x00007fff0bc7b000 	C:\WINDOWS\SYSTEM32\windows.storage.dll
0x00007fff0f2c0000 - 0x00007fff0f614000 	C:\WINDOWS\System32\combase.dll
0x00007fff0d080000 - 0x00007fff0d0ae000 	C:\WINDOWS\SYSTEM32\Wldp.dll
0x00007fff0f980000 - 0x00007fff0fa2d000 	C:\WINDOWS\System32\SHCORE.dll
0x00007fff10070000 - 0x00007fff100c5000 	C:\WINDOWS\System32\shlwapi.dll
0x00007fff0d720000 - 0x00007fff0d745000 	C:\WINDOWS\SYSTEM32\profapi.dll
0x00007ffefd5c0000 - 0x00007ffefd5d9000 	C:\Program Files\Java\jdk-17\bin\net.dll
0x00007fff02f90000 - 0x00007fff0309a000 	C:\WINDOWS\SYSTEM32\WINHTTP.dll
0x00007fff0ce60000 - 0x00007fff0ceca000 	C:\WINDOWS\system32\mswsock.dll
0x00007ffefd590000 - 0x00007ffefd5a6000 	C:\Program Files\Java\jdk-17\bin\nio.dll
0x00007fff05b70000 - 0x00007fff05b88000 	C:\Program Files\Java\jdk-17\bin\zip.dll
0x00007fff06300000 - 0x00007fff06310000 	C:\Program Files\Java\jdk-17\bin\verify.dll
0x00007ffefd560000 - 0x00007ffefd569000 	C:\Program Files\Java\jdk-17\bin\attach.dll

dbghelp: loaded successfully - version: 4.0.5 - missing functions: none
symbol engine: initialized successfully - sym options: 0x614 - pdb path: .;C:\Program Files\Java\jdk-17\bin;C:\WINDOWS\SYSTEM32;C:\WINDOWS\WinSxS\amd64_microsoft.windows.common-controls_6595b64144ccf1df_6.0.19041.1110_none_60b5254171f9507e;C:\Program Files\Java\jdk-17\bin\server

VM Arguments:
jvm_args: -Dnet.bytebuddy.agent.attacher.dump= 
java_command: net.bytebuddy.agent.Attacher com.sun.tools.attach.VirtualMachine 16428 C:\Users\moulo\.m2\repository\net\bytebuddy\byte-buddy-agent\1.14.8\byte-buddy-agent-1.14.8.jar false 
java_class_path (initial): C:\Users\moulo\.m2\repository\net\bytebuddy\byte-buddy-agent\1.14.8\byte-buddy-agent-1.14.8.jar
Launcher Type: SUN_STANDARD

[Global flags]
     intx CICompilerCount                          = 3                                         {product} {ergonomic}
     uint ConcGCThreads                            = 1                                         {product} {ergonomic}
     uint G1ConcRefinementThreads                  = 4                                         {product} {ergonomic}
   size_t G1HeapRegionSize                         = 2097152                                   {product} {ergonomic}
    uintx GCDrainStackTargetSize                   = 64                                        {product} {ergonomic}
   size_t InitialHeapSize                          = 201326592                                 {product} {ergonomic}
   size_t MarkStackSize                            = 4194304                                   {product} {ergonomic}
   size_t MaxHeapSize                              = 3198156800                                {product} {ergonomic}
   size_t MaxNewSize                               = 1918894080                                {product} {ergonomic}
   size_t MinHeapDeltaBytes                        = 2097152                                   {product} {ergonomic}
   size_t MinHeapSize                              = 8388608                                   {product} {ergonomic}
    uintx NonNMethodCodeHeapSize                   = 5832780                                {pd product} {ergonomic}
    uintx NonProfiledCodeHeapSize                  = 122912730                              {pd product} {ergonomic}
    uintx ProfiledCodeHeapSize                     = 122912730                              {pd product} {ergonomic}
    uintx ReservedCodeCacheSize                    = 251658240                              {pd product} {ergonomic}
     bool SegmentedCodeCache                       = true                                      {product} {ergonomic}
   size_t SoftMaxHeapSize                          = 3198156800                             {manageable} {ergonomic}
     bool UseCompressedClassPointers               = true                           {product lp64_product} {ergonomic}
     bool UseCompressedOops                        = true                           {product lp64_product} {ergonomic}
     bool UseG1GC                                  = true                                      {product} {ergonomic}
     bool UseLargePagesIndividualAllocation        = false                                  {pd product} {ergonomic}

Logging:
Log output configuration:
 #0: stdout all=warning uptime,level,tags
 #1: stderr all=off uptime,level,tags

Environment Variables:
JAVA_HOME=C:\Program Files\Java\jdk-17\bin
PATH=C:\Python311\Scripts\;C:\Python311\;C:\Program Files\Common Files\Oracle\Java\javapath;C:\Users\moulo\AppData\Local\Programs\Python\Python38\Scripts\;C:\Users\moulo\AppData\Local\Programs\Python\Python38\;C:\oraclexe\app\oracle\product\11.2.0\server\bin;C:\Program Files\Python38\Scripts\;C:\Program Files\Python38\;C:\Program Files\Java\jdk-11.0.2\bin;C:\WINDOWS\system32;C:\WINDOWS;C:\WINDOWS\System32\Wbem;C:\WINDOWS\System32\WindowsPowerShell\v1.0\;C:\WINDOWS\System32\OpenSSH\;C:\Program Files (x86)\Intel\Intel(R) Management Engine Components\DAL;C:\Program Files\Intel\Intel(R) Management Engine Components\DAL;C:\Program Files\PuTTY\;C:\Program Files\Git\cmd;C:\Program Files\Java\jdk-17\bin;C:\ProgramData\chocolatey\bin;C:\Program Files\dotnet\;C:\Program Files\Microsoft SQL Server\130\Tools\Binn\;C:\Program Files\nodejs\;C:\Users\moulo\anaconda3;C:\Users\moulo\anaconda3\Library\mingw-w64\bin;C:\Users\moulo\anaconda3\Library\usr\bin;C:\Users\moulo\anaconda3\Library\bin;C:\Users\moulo\anaconda3\Scripts;C:\Users\moulo\scoop\apps\nodejs\current\bin;C:\Users\moulo\scoop\apps\nodejs\current;C:\Users\moulo\scoop\apps\yarn\current\Yarn\bin;C:\Users\moulo\scoop\apps\yarn\current\global\node_modules\.bin;C:\Users\moulo\scoop\shims;C:\Users\moulo\AppData\Local\Microsoft\WindowsApps;C:\Users\moulo\AppData\Local\Programs\Microsoft VS Code\bin;C:\Tools\flutter\bin;C:\Users\moulo\AppData\Local\GitHubDesktop\bin;C:\Users\moulo\AppData\Local\Microsoft\WindowsApps;C:\Program Files\JetBrains\IntelliJ IDEA Educational Edition 2020.2.3\bin;;C:\Program Files\JetBrains\PyCharm Edu 2020.2.3\bin;;C:\Program Files\JetBrains\WebStorm 2020.2.3\bin;;C:\Users\moulo\.dotnet\tools;C:\Tools\apache-cassandra-3.11.9\bin;C:\Python27;C:\wamp64\bin\mysql\mysql5.7.24\bin;C:\Tools\apache-maven-3.8.1\bin;C:\Program Files\MongoDB\Server\4.2\bin;C:\Program Files\JetBrains\IntelliJ IDEA 2021.2\bin;;C:\Users\moulo\AppData\Roaming\npm
USERNAME=moulo
OS=Windows_NT
PROCESSOR_IDENTIFIER=Intel64 Family 6 Model 78 Stepping 3, GenuineIntel



---------------  S Y S T E M  ---------------

OS:
 Windows 10 , 64 bit Build 19041 (10.0.19041.3393)
OS uptime: 16 days 8:25 hours
Hyper-V role detected

CPU: total 4 (initial active 4) (2 cores per cpu, 2 threads per core) family 6 model 78 stepping 3 microcode 0xcc, cx8, cmov, fxsr, ht, mmx, 3dnowpref, sse, sse2, sse3, ssse3, sse4.1, sse4.2, popcnt, lzcnt, tsc, tscinvbit, avx, avx2, aes, erms, clmul, bmi1, bmi2, adx, fma, vzeroupper, clflush, clflushopt, hv

Memory: 4k page, system-wide physical 12197M (647M free)
TotalPageFile size 27300M (AvailPageFile size 0M)
current process WorkingSet (physical memory assigned to process): 40M, peak: 40M
current process commit charge ("private bytes"): 271M, peak: 271M

vm_info: Java HotSpot(TM) 64-Bit Server VM (17.0.8+9-LTS-211) for windows-amd64 JRE (17.0.8+9-LTS-211), built on Jun 14 2023 10:34:31 by "mach5one" with MS VC++ 17.1 (VS2022)

END.
