#
# There is insufficient memory for the Java Runtime Environment to continue.
# Native memory allocation (malloc) failed to allocate 1345536 bytes for Chunk::new
# Possible reasons:
#   The system is out of physical RAM or swap space
#   The process is running with CompressedOops enabled, and the Java Heap may be blocking the growth of the native heap
# Possible solutions:
#   Reduce memory load on the system
#   Increase physical memory or swap space
#   Check if swap backing store is full
#   Decrease Java heap size (-Xmx/-Xms)
#   Decrease number of Java threads
#   Decrease Java thread stack sizes (-Xss)
#   Set larger code cache with -XX:ReservedCodeCacheSize=
#   JVM is running with Zero Based Compressed Oops mode in which the Java heap is
#     placed in the first 32GB address space. The Java Heap base address is the
#     maximum limit for the native heap growth. Please use -XX:HeapBaseMinAddress
#     to set the Java Heap base and to place the Java Heap above 32GB virtual address.
# This output file may be truncated or incomplete.
#
#  Out of Memory Error (arena.cpp:189), pid=40700, tid=44852
#
# JRE version: Java(TM) SE Runtime Environment (17.0.8+9) (build 17.0.8+9-LTS-211)
# Java VM: Java HotSpot(TM) 64-Bit Server VM (17.0.8+9-LTS-211, mixed mode, sharing, tiered, compressed oops, compressed class ptrs, g1 gc, windows-amd64)
# No core dump will be written. Minidumps are not enabled by default on client versions of Windows
#

---------------  S U M M A R Y ------------

Command Line: -Dfile.encoding=UTF-8 -XX:+ShowCodeDetailsInExceptionMessages fr.gestionformation.GestionFormationBackendApplication

Host: Intel(R) Core(TM) i3-6006U CPU @ 2.00GHz, 4 cores, 11G,  Windows 10 , 64 bit Build 19041 (10.0.19041.3393)
Time: Thu Oct  5 00:35:52 2023 Paris, Madrid (heure duild 19041 (10.0.19041.3393) elapsed time: 164.362952 seconds (0d 0h 2m 44s)

---------------  T H R E A D  ---------------

Current thread (0x0000019225ddea00):  JavaThread "C2 CompilerThread0" daemon [_thread_in_native, id=44852, stack(0x0000004834800000,0x0000004834900000)]


Current CompileTask:
C2: 164363 6156       4       org.springframework.util.ReflectionUtils::findMethod (109 bytes)

Stack: [0x0000004834800000,0x0000004834900000]
Native frames: (J=compiled Java code, j=interpreted, Vv=VM code, C=native code)
V  [jvm.dll+0x677d0a]
V  [jvm.dll+0x7d8c54]
V  [jvm.dll+0x7da3fe]
V  [jvm.dll+0x7daa63]
V  [jvm.dll+0x245c5f]
V  [jvm.dll+0xaaa6b]
V  [jvm.dll+0xab00c]
V  [jvm.dll+0x361e8e]
V  [jvm.dll+0x32c551]
V  [jvm.dll+0x32b9ea]
V  [jvm.dll+0x217fff]
V  [jvm.dll+0x217431]
V  [jvm.dll+0x1a3af0]
V  [jvm.dll+0x2270be]
V  [jvm.dll+0x22535b]
V  [jvm.dll+0x78e7bc]
V  [jvm.dll+0x788bba]
V  [jvm.dll+0x676b35]
C  [ucrtbase.dll+0x21bb2]
C  [KERNEL32.DLL+0x17344]
C  [ntdll.dll+0x526b1]


---------------  P R O C E S S  ---------------

Threads class SMR info:
_java_thread_list=0x000001926e5730f0, length=18, elements={
0x0000019225dbc4c0, 0x0000019225dbfae0, 0x0000019225dd0a50, 0x0000019225dd1da0,
0x0000019225dd5770, 0x0000019225dda080, 0x0000019225ddea00, 0x0000019225ddfc40,
0x0000019225dfb590, 0x000001926b0d1340, 0x000001926b0e74e0, 0x000001926be3c2f0,
0x000001926be3afb0, 0x000001926f670440, 0x000001926f6690c0, 0x000001926f66faa0,
0x000001926f66ada0, 0x000001926c7cd800
}

Java Threads: ( => current thread )
  0x0000019225dbc4c0 JavaThread "Reference Handler" daemon [_thread_blocked, id=40040, stack(0x0000004834200000,0x0000004834300000)]
  0x0000019225dbfae0 JavaThread "Finalizer" daemon [_thread_blocked, id=15176, stack(0x0000004834300000,0x0000004834400000)]
  0x0000019225dd0a50 JavaThread "Signal Dispatcher" daemon [_thread_blocked, id=35572, stack(0x0000004834400000,0x0000004834500000)]
  0x0000019225dd1da0 JavaThread "Attach Listener" daemon [_thread_blocked, id=41216, stack(0x0000004834500000,0x0000004834600000)]
  0x0000019225dd5770 JavaThread "Service Thread" daemon [_thread_blocked, id=8316, stack(0x0000004834600000,0x0000004834700000)]
  0x0000019225dda080 JavaThread "Monitor Deflation Thread" daemon [_thread_blocked, id=42408, stack(0x0000004834700000,0x0000004834800000)]
=>0x0000019225ddea00 JavaThread "C2 CompilerThread0" daemon [_thread_in_native, id=44852, stack(0x0000004834800000,0x0000004834900000)]
  0x0000019225ddfc40 JavaThread "C1 CompilerThread0" daemon [_thread_blocked, id=40144, stack(0x0000004834900000,0x0000004834a00000)]
  0x0000019225dfb590 JavaThread "Sweeper thread" daemon [_thread_blocked, id=44292, stack(0x0000004834a00000,0x0000004834b00000)]
  0x000001926b0d1340 JavaThread "Notification Thread" daemon [_thread_blocked, id=43600, stack(0x0000004834b00000,0x0000004834c00000)]
  0x000001926b0e74e0 JavaThread "Common-Cleaner" daemon [_thread_blocked, id=11512, stack(0x0000004834d00000,0x0000004834e00000)]
  0x000001926be3c2f0 JavaThread "Catalina-utility-1" [_thread_blocked, id=22276, stack(0x0000004835900000,0x0000004835a00000)]
  0x000001926be3afb0 JavaThread "Catalina-utility-2" [_thread_blocked, id=18544, stack(0x0000004835a00000,0x0000004835b00000)]
  0x000001926f670440 JavaThread "Live Reload Server" daemon [_thread_in_native, id=38184, stack(0x0000004835d00000,0x0000004835e00000)]
  0x000001926f6690c0 JavaThread "DestroyJavaVM" [_thread_blocked, id=15028, stack(0x0000004833b00000,0x0000004833c00000)]
  0x000001926f66faa0 JavaThread "Thread-5" [_thread_blocked, id=41740, stack(0x0000004833800000,0x0000004833900000)]
  0x000001926f66ada0 JavaThread "restartedMain" [_thread_in_Java, id=14388, stack(0x0000004835300000,0x0000004835400000)]
  0x000001926c7cd800 JavaThread "C2 CompilerThread1" daemon [_thread_in_native, id=42932, stack(0x0000004833900000,0x0000004833a00000)]

Other Threads:
  0x0000019225db7210 VMThread "VM Thread" [stack: 0x0000004834100000,0x0000004834200000] [id=42012]
  0x000001926b0d5830 WatcherThread [stack: 0x0000004834c00000,0x0000004834d00000] [id=31040]
  0x0000019204014970 GCTaskThread "GC Thread#0" [stack: 0x0000004833c00000,0x0000004833d00000] [id=21040]
  0x000001926b5f9a00 GCTaskThread "GC Thread#1" [stack: 0x0000004834f00000,0x0000004835000000] [id=7776]
  0x000001926b5f9cb0 GCTaskThread "GC Thread#2" [stack: 0x0000004835000000,0x0000004835100000] [id=44476]
  0x000001926b5f9f60 GCTaskThread "GC Thread#3" [stack: 0x0000004835100000,0x0000004835200000] [id=15472]
  0x0000019204021740 ConcurrentGCThread "G1 Main Marker" [stack: 0x0000004833d00000,0x0000004833e00000] [id=35600]
  0x0000019204022150 ConcurrentGCThread "G1 Conc#0" [stack: 0x0000004833e00000,0x0000004833f00000] [id=32940]
  0x0000019204085ea0 ConcurrentGCThread "G1 Refine#0" [stack: 0x0000004833f00000,0x0000004834000000] [id=43704]
  0x000001926b8d4cd0 ConcurrentGCThread "G1 Refine#1" [stack: 0x0000004835400000,0x0000004835500000] [id=42672]
  0x00000192040868c0 ConcurrentGCThread "G1 Service" [stack: 0x0000004834000000,0x0000004834100000] [id=41420]

Threads with active compile tasks:
C2 CompilerThread0   164425 6156       4       org.springframework.util.ReflectionUtils::findMethod (109 bytes)
C2 CompilerThread1   164425 6158       4       java.lang.Class::getMethodsRecursive (99 bytes)

VM state: not at safepoint (normal execution)

VM Mutex/Monitor currently owned by a thread: None

Heap address: 0x0000000741600000, size: 3050 MB, Compressed Oops mode: Zero based, Oop shift amount: 3

CDS archive(s) mapped at: [0x0000019226000000-0x0000019226bd0000-0x0000019226bd0000), size 12386304, SharedBaseAddress: 0x0000019226000000, ArchiveRelocationMode: 1.
Compressed class space mapped at: 0x0000019227000000-0x0000019267000000, reserved size: 1073741824
Narrow klass base: 0x0000019226000000, Narrow klass shift: 0, Narrow klass range: 0x100000000

GC Precious Log:
 CPUs: 4 total, 4 available
 Memory: 12197M
 Large Page Support: Disabled
 NUMA Support: Disabled
 Compressed Oops: Enabled (Zero based)
 Heap Region Size: 2M
 Heap Min Capacity: 8M
 Heap Initial Capacity: 192M
 Heap Max Capacity: 3050M
 Pre-touch: Disabled
 Parallel Workers: 4
 Concurrent Workers: 1
 Concurrent Refinement Workers: 4
 Periodic GC: Disabled

Heap:
 garbage-first heap   total 69632K, used 41385K [0x0000000741600000, 0x0000000800000000)
  region size 2048K, 10 young (20480K), 2 survivors (4096K)
 Metaspace       used 64354K, committed 64896K, reserved 1114112K
  class space    used 8923K, committed 9152K, reserved 1048576K

Heap Regions: E=young(eden), S=young(survivor), O=old, HS=humongous(starts), HC=humongous(continues), CS=collection set, F=free, OA=open archive, CA=closed archive, TAMS=top-at-mark-start (previous, next)
|   0|0x0000000741600000, 0x0000000741800000, 0x0000000741800000|100%| O|  |TAMS 0x0000000741800000, 0x0000000741600000| Untracked 
|   1|0x0000000741800000, 0x0000000741a00000, 0x0000000741a00000|100%| O|  |TAMS 0x0000000741a00000, 0x0000000741800000| Untracked 
|   2|0x0000000741a00000, 0x0000000741bfffe8, 0x0000000741c00000| 99%| O|  |TAMS 0x0000000741a00000, 0x0000000741a00000| Untracked 
|   3|0x0000000741c00000, 0x0000000741dfffa8, 0x0000000741e00000| 99%| O|  |TAMS 0x0000000741c00000, 0x0000000741c00000| Untracked 
|   4|0x0000000741e00000, 0x0000000741ffffe8, 0x0000000742000000| 99%| O|  |TAMS 0x0000000741e00000, 0x0000000741e00000| Untracked 
|   5|0x0000000742000000, 0x00000007421ebf10, 0x0000000742200000| 96%| O|  |TAMS 0x0000000742000000, 0x0000000742000000| Untracked 
|   6|0x0000000742200000, 0x00000007423fffe8, 0x0000000742400000| 99%| O|  |TAMS 0x0000000742200000, 0x0000000742200000| Untracked 
|   7|0x0000000742400000, 0x00000007425ffff8, 0x0000000742600000| 99%| O|  |TAMS 0x0000000742400000, 0x0000000742400000| Untracked 
|   8|0x0000000742600000, 0x00000007427fffe8, 0x0000000742800000| 99%| O|  |TAMS 0x0000000742600000, 0x0000000742600000| Untracked 
|   9|0x0000000742800000, 0x00000007429fffe8, 0x0000000742a00000| 99%| O|  |TAMS 0x0000000742800000, 0x0000000742800000| Untracked 
|  10|0x0000000742a00000, 0x0000000742bffff0, 0x0000000742c00000| 99%| O|  |TAMS 0x0000000742a00000, 0x0000000742a00000| Untracked 
|  11|0x0000000742c00000, 0x0000000742d9aa10, 0x0000000742e00000| 80%| O|  |TAMS 0x0000000742c00000, 0x0000000742c00000| Untracked 
|  12|0x0000000742e00000, 0x0000000742e87378, 0x0000000743000000| 26%| O|  |TAMS 0x0000000742e00000, 0x0000000742e00000| Untracked 
|  13|0x0000000743000000, 0x0000000743000000, 0x0000000743200000|  0%| F|  |TAMS 0x0000000743000000, 0x0000000743000000| Untracked 
|  14|0x0000000743200000, 0x0000000743200000, 0x0000000743400000|  0%| F|  |TAMS 0x0000000743200000, 0x0000000743200000| Untracked 
|  15|0x0000000743400000, 0x0000000743400000, 0x0000000743600000|  0%| F|  |TAMS 0x0000000743400000, 0x0000000743400000| Untracked 
|  16|0x0000000743600000, 0x0000000743600000, 0x0000000743800000|  0%| F|  |TAMS 0x0000000743600000, 0x0000000743600000| Untracked 
|  17|0x0000000743800000, 0x0000000743800000, 0x0000000743a00000|  0%| F|  |TAMS 0x0000000743800000, 0x0000000743800000| Untracked 
|  18|0x0000000743a00000, 0x0000000743a00000, 0x0000000743c00000|  0%| F|  |TAMS 0x0000000743a00000, 0x0000000743a00000| Untracked 
|  19|0x0000000743c00000, 0x0000000743c5c8a0, 0x0000000743e00000| 18%| S|CS|TAMS 0x0000000743c00000, 0x0000000743c00000| Complete 
|  20|0x0000000743e00000, 0x0000000744000000, 0x0000000744000000|100%| S|CS|TAMS 0x0000000743e00000, 0x0000000743e00000| Complete 
|  21|0x0000000744000000, 0x0000000744000000, 0x0000000744200000|  0%| F|  |TAMS 0x0000000744000000, 0x0000000744000000| Untracked 
|  22|0x0000000744200000, 0x0000000744200000, 0x0000000744400000|  0%| F|  |TAMS 0x0000000744200000, 0x0000000744200000| Untracked 
|  23|0x0000000744400000, 0x0000000744400000, 0x0000000744600000|  0%| F|  |TAMS 0x0000000744400000, 0x0000000744400000| Untracked 
|  24|0x0000000744600000, 0x0000000744600000, 0x0000000744800000|  0%| F|  |TAMS 0x0000000744600000, 0x0000000744600000| Untracked 
|  25|0x0000000744800000, 0x0000000744800000, 0x0000000744a00000|  0%| F|  |TAMS 0x0000000744800000, 0x0000000744800000| Untracked 
|  26|0x0000000744a00000, 0x0000000744ae4b40, 0x0000000744c00000| 44%| E|  |TAMS 0x0000000744a00000, 0x0000000744a00000| Complete 
|  27|0x0000000744c00000, 0x0000000744e00000, 0x0000000744e00000|100%| E|CS|TAMS 0x0000000744c00000, 0x0000000744c00000| Complete 
|  28|0x0000000744e00000, 0x0000000745000000, 0x0000000745000000|100%| E|CS|TAMS 0x0000000744e00000, 0x0000000744e00000| Complete 
|  53|0x0000000748000000, 0x0000000748200000, 0x0000000748200000|100%| E|CS|TAMS 0x0000000748000000, 0x0000000748000000| Complete 
|  54|0x0000000748200000, 0x0000000748400000, 0x0000000748400000|100%| E|CS|TAMS 0x0000000748200000, 0x0000000748200000| Complete 
|  55|0x0000000748400000, 0x0000000748600000, 0x0000000748600000|100%| E|CS|TAMS 0x0000000748400000, 0x0000000748400000| Complete 
|  56|0x0000000748600000, 0x0000000748800000, 0x0000000748800000|100%| E|CS|TAMS 0x0000000748600000, 0x0000000748600000| Complete 
|  95|0x000000074d400000, 0x000000074d600000, 0x000000074d600000|100%| E|CS|TAMS 0x000000074d400000, 0x000000074d400000| Complete 

Card table byte_map: [0x000001921cc60000,0x000001921d260000] _byte_map_base: 0x0000019219255000

Marking Bits (Prev, Next): (CMBitMap*) 0x0000019204014f80, (CMBitMap*) 0x0000019204014fc0
 Prev Bits: [0x000001921d860000, 0x0000019220808000)
 Next Bits: [0x0000019220810000, 0x00000192237b8000)

Polling page: 0x0000019204090000

Metaspace:

Usage:
  Non-class:     54.13 MB used.
      Class:      8.71 MB used.
       Both:     62.85 MB used.

Virtual space:
  Non-class space:       64.00 MB reserved,      54.44 MB ( 85%) committed,  1 nodes.
      Class space:        1.00 GB reserved,       8.94 MB ( <1%) committed,  1 nodes.
             Both:        1.06 GB reserved,      63.38 MB (  6%) committed. 

Chunk freelists:
   Non-Class:  9.03 MB
       Class:  7.06 MB
        Both:  16.09 MB

MaxMetaspaceSize: unlimited
CompressedClassSpaceSize: 1.00 GB
Initial GC threshold: 21.00 MB
Current GC threshold: 105.00 MB
CDS: on
MetaspaceReclaimPolicy: balanced
 - commit_granule_bytes: 65536.
 - commit_granule_words: 8192.
 - virtual_space_node_default_size: 8388608.
 - enlarge_chunks_in_place: 1.
 - new_chunks_are_fully_committed: 0.
 - uncommit_free_chunks: 1.
 - use_allocation_guard: 0.
 - handle_deallocations: 1.


Internal statistics:

num_allocs_failed_limit: 12.
num_arena_births: 756.
num_arena_deaths: 2.
num_vsnodes_births: 2.
num_vsnodes_deaths: 0.
num_space_committed: 1014.
num_space_uncommitted: 0.
num_chunks_returned_to_freelist: 15.
num_chunks_taken_from_freelist: 3118.
num_chunk_merges: 12.
num_chunk_splits: 2224.
num_chunks_enlarged: 1731.
num_purges: 2.
num_inconsistent_stats: 0.

CodeHeap 'non-profiled nmethods': size=120000Kb used=4608Kb max_used=4608Kb free=115392Kb
 bounds [0x0000019214b00000, 0x0000019214f80000, 0x000001921c030000]
CodeHeap 'profiled nmethods': size=120000Kb used=11227Kb max_used=11227Kb free=108772Kb
 bounds [0x000001920d030000, 0x000001920db30000, 0x0000019214560000]
CodeHeap 'non-nmethods': size=5760Kb used=1321Kb max_used=1413Kb free=4438Kb
 bounds [0x0000019214560000, 0x00000192147d0000, 0x0000019214b00000]
 total_blobs=6173 nmethods=5524 adapters=561
 compilation: enabled
              stopped_count=0, restarted_count=0
 full_count=0

Compilation events (20 events):
Event: 164.321 Thread 0x0000019225ddfc40 6225       2       java.time.format.DateTimeFormatterBuilder$NumberPrinterParser::format (365 bytes)
Event: 164.324 Thread 0x0000019225ddfc40 nmethod 6225 0x000001920db19c90 code [0x000001920db19fe0, 0x000001920db1ab68]
Event: 164.324 Thread 0x0000019225ddfc40 6227       2       java.math.BigDecimal::valueOf (57 bytes)
Event: 164.324 Thread 0x0000019225ddfc40 nmethod 6227 0x000001920db1b490 code [0x000001920db1b640, 0x000001920db1b958]
Event: 164.324 Thread 0x0000019225ddfc40 6226       2       java.time.format.DateTimeFormatterBuilder$CharLiteralPrinterParser::format (11 bytes)
Event: 164.325 Thread 0x0000019225ddfc40 nmethod 6226 0x000001920db1ba90 code [0x000001920db1bc20, 0x000001920db1bd48]
Event: 164.325 Thread 0x0000019225ddfc40 6228       1       ch.qos.logback.classic.spi.LoggingEvent::getLevel (5 bytes)
Event: 164.325 Thread 0x0000019225ddfc40 nmethod 6228 0x0000019214f7e810 code [0x0000019214f7e9a0, 0x0000019214f7ea78]
Event: 164.325 Thread 0x0000019225ddfc40 6229       1       java.lang.Thread::getId (5 bytes)
Event: 164.326 Thread 0x0000019225ddfc40 nmethod 6229 0x0000019214f7eb10 code [0x0000019214f7eca0, 0x0000019214f7ed78]
Event: 164.339 Thread 0x0000019225ddfc40 6230       2       java.lang.StringCoding::implEncodeAsciiArray (47 bytes)
Event: 164.339 Thread 0x0000019225ddfc40 nmethod 6230 0x000001920db1be10 code [0x000001920db1bfa0, 0x000001920db1c158]
Event: 164.339 Thread 0x0000019225ddfc40 6231       2       sun.nio.cs.StreamEncoder::ensureOpen (18 bytes)
Event: 164.339 Thread 0x0000019225ddfc40 nmethod 6231 0x000001920db1c310 code [0x000001920db1c4c0, 0x000001920db1c688]
Event: 164.344 Thread 0x0000019225ddfc40 6232       2       java.io.File::getAbsoluteFile (38 bytes)
Event: 164.345 Thread 0x0000019225ddfc40 nmethod 6232 0x000001920db1c790 code [0x000001920db1c960, 0x000001920db1cc28]
Event: 164.346 Thread 0x0000019225ddfc40 6233       2       java.net.URI::toString (16 bytes)
Event: 164.347 Thread 0x0000019225ddfc40 nmethod 6233 0x000001920db1cd10 code [0x000001920db1cea0, 0x000001920db1cfc8]
Event: 164.347 Thread 0x0000019225ddfc40 6234       2       java.net.URI::toURL (5 bytes)
Event: 164.347 Thread 0x0000019225ddfc40 nmethod 6234 0x000001920db1d090 code [0x000001920db1d220, 0x000001920db1d348]

GC Heap History (20 events):
Event: 9.092 GC heap before
{Heap before GC invocations=7 (full 0):
 garbage-first heap   total 55296K, used 35190K [0x0000000741600000, 0x0000000800000000)
  region size 2048K, 11 young (22528K), 1 survivors (2048K)
 Metaspace       used 28700K, committed 29120K, reserved 1114112K
  class space    used 3799K, committed 3968K, reserved 1048576K
}
Event: 9.102 GC heap after
{Heap after GC invocations=8 (full 0):
 garbage-first heap   total 55296K, used 16813K [0x0000000741600000, 0x0000000800000000)
  region size 2048K, 2 young (4096K), 2 survivors (4096K)
 Metaspace       used 28700K, committed 29120K, reserved 1114112K
  class space    used 3799K, committed 3968K, reserved 1048576K
}
Event: 10.131 GC heap before
{Heap before GC invocations=8 (full 0):
 garbage-first heap   total 55296K, used 37293K [0x0000000741600000, 0x0000000800000000)
  region size 2048K, 12 young (24576K), 2 survivors (4096K)
 Metaspace       used 31942K, committed 32448K, reserved 1114112K
  class space    used 4175K, committed 4416K, reserved 1048576K
}
Event: 10.144 GC heap after
{Heap after GC invocations=9 (full 0):
 garbage-first heap   total 55296K, used 19081K [0x0000000741600000, 0x0000000800000000)
  region size 2048K, 2 young (4096K), 2 survivors (4096K)
 Metaspace       used 31942K, committed 32448K, reserved 1114112K
  class space    used 4175K, committed 4416K, reserved 1048576K
}
Event: 11.735 GC heap before
{Heap before GC invocations=9 (full 0):
 garbage-first heap   total 55296K, used 33417K [0x0000000741600000, 0x0000000800000000)
  region size 2048K, 10 young (20480K), 2 survivors (4096K)
 Metaspace       used 35691K, committed 36096K, reserved 1114112K
  class space    used 4623K, committed 4800K, reserved 1048576K
}
Event: 11.746 GC heap after
{Heap after GC invocations=10 (full 0):
 garbage-first heap   total 69632K, used 20062K [0x0000000741600000, 0x0000000800000000)
  region size 2048K, 2 young (4096K), 2 survivors (4096K)
 Metaspace       used 35691K, committed 36096K, reserved 1114112K
  class space    used 4623K, committed 4800K, reserved 1048576K
}
Event: 14.379 GC heap before
{Heap before GC invocations=11 (full 0):
 garbage-first heap   total 69632K, used 48734K [0x0000000741600000, 0x0000000800000000)
  region size 2048K, 16 young (32768K), 2 survivors (4096K)
 Metaspace       used 41844K, committed 42304K, reserved 1114112K
  class space    used 5609K, committed 5824K, reserved 1048576K
}
Event: 14.392 GC heap after
{Heap after GC invocations=12 (full 0):
 garbage-first heap   total 69632K, used 21789K [0x0000000741600000, 0x0000000800000000)
  region size 2048K, 2 young (4096K), 2 survivors (4096K)
 Metaspace       used 41844K, committed 42304K, reserved 1114112K
  class space    used 5609K, committed 5824K, reserved 1048576K
}
Event: 16.394 GC heap before
{Heap before GC invocations=12 (full 0):
 garbage-first heap   total 69632K, used 48413K [0x0000000741600000, 0x0000000800000000)
  region size 2048K, 15 young (30720K), 2 survivors (4096K)
 Metaspace       used 49363K, committed 49792K, reserved 1114112K
  class space    used 6766K, committed 6976K, reserved 1048576K
}
Event: 16.403 GC heap after
{Heap after GC invocations=13 (full 0):
 garbage-first heap   total 69632K, used 23130K [0x0000000741600000, 0x0000000800000000)
  region size 2048K, 2 young (4096K), 2 survivors (4096K)
 Metaspace       used 49363K, committed 49792K, reserved 1114112K
  class space    used 6766K, committed 6976K, reserved 1048576K
}
Event: 18.795 GC heap before
{Heap before GC invocations=13 (full 0):
 garbage-first heap   total 69632K, used 51802K [0x0000000741600000, 0x0000000800000000)
  region size 2048K, 16 young (32768K), 2 survivors (4096K)
 Metaspace       used 55774K, committed 56256K, reserved 1114112K
  class space    used 7698K, committed 7936K, reserved 1048576K
}
Event: 18.807 GC heap after
{Heap after GC invocations=14 (full 0):
 garbage-first heap   total 69632K, used 25048K [0x0000000741600000, 0x0000000800000000)
  region size 2048K, 2 young (4096K), 2 survivors (4096K)
 Metaspace       used 55774K, committed 56256K, reserved 1114112K
  class space    used 7698K, committed 7936K, reserved 1048576K
}
Event: 20.494 GC heap before
{Heap before GC invocations=14 (full 0):
 garbage-first heap   total 69632K, used 51672K [0x0000000741600000, 0x0000000800000000)
  region size 2048K, 15 young (30720K), 2 survivors (4096K)
 Metaspace       used 58745K, committed 59264K, reserved 1114112K
  class space    used 8119K, committed 8384K, reserved 1048576K
}
Event: 20.506 GC heap after
{Heap after GC invocations=15 (full 0):
 garbage-first heap   total 69632K, used 27194K [0x0000000741600000, 0x0000000800000000)
  region size 2048K, 2 young (4096K), 2 survivors (4096K)
 Metaspace       used 58745K, committed 59264K, reserved 1114112K
  class space    used 8119K, committed 8384K, reserved 1048576K
}
Event: 21.670 GC heap before
{Heap before GC invocations=15 (full 0):
 garbage-first heap   total 69632K, used 39482K [0x0000000741600000, 0x0000000800000000)
  region size 2048K, 9 young (18432K), 2 survivors (4096K)
 Metaspace       used 60099K, committed 60608K, reserved 1114112K
  class space    used 8332K, committed 8576K, reserved 1048576K
}
Event: 21.683 GC heap after
{Heap after GC invocations=16 (full 0):
 garbage-first heap   total 69632K, used 28612K [0x0000000741600000, 0x0000000800000000)
  region size 2048K, 1 young (2048K), 1 survivors (2048K)
 Metaspace       used 60099K, committed 60608K, reserved 1114112K
  class space    used 8332K, committed 8576K, reserved 1048576K
}
Event: 159.270 GC heap before
{Heap before GC invocations=17 (full 0):
 garbage-first heap   total 69632K, used 49092K [0x0000000741600000, 0x0000000800000000)
  region size 2048K, 12 young (24576K), 1 survivors (2048K)
 Metaspace       used 63978K, committed 64512K, reserved 1114112K
  class space    used 8915K, committed 9152K, reserved 1048576K
}
Event: 159.390 GC heap after
{Heap after GC invocations=18 (full 1):
 garbage-first heap   total 69632K, used 24630K [0x0000000741600000, 0x0000000800000000)
  region size 2048K, 0 young (0K), 0 survivors (0K)
 Metaspace       used 63974K, committed 64512K, reserved 1114112K
  class space    used 8915K, committed 9152K, reserved 1048576K
}
Event: 163.214 GC heap before
{Heap before GC invocations=18 (full 1):
 garbage-first heap   total 69632K, used 49206K [0x0000000741600000, 0x0000000800000000)
  region size 2048K, 13 young (26624K), 0 survivors (0K)
 Metaspace       used 64148K, committed 64704K, reserved 1114112K
  class space    used 8918K, committed 9152K, reserved 1048576K
}
Event: 163.220 GC heap after
{Heap after GC invocations=19 (full 1):
 garbage-first heap   total 69632K, used 27049K [0x0000000741600000, 0x0000000800000000)
  region size 2048K, 2 young (4096K), 2 survivors (4096K)
 Metaspace       used 64148K, committed 64704K, reserved 1114112K
  class space    used 8918K, committed 9152K, reserved 1048576K
}

Deoptimization events (20 events):
Event: 164.115 Thread 0x000001926f66ada0 DEOPT PACKING pc=0x0000019214e632a8 sp=0x00000048353fdbd0
Event: 164.115 Thread 0x000001926f66ada0 DEOPT UNPACKING pc=0x00000192145b23a3 sp=0x00000048353fdbe0 mode 2
Event: 164.117 Thread 0x000001926f66ada0 Uncommon trap: trap_request=0xfffffff4 fr.pc=0x0000019214dff27c relative=0x0000000000004f1c
Event: 164.117 Thread 0x000001926f66ada0 Uncommon trap: reason=null_check action=make_not_entrant pc=0x0000019214dff27c method=java.lang.Class.getMethodsRecursive(Ljava/lang/String;[Ljava/lang/Class;Z)Ljava/lang/PublicMethods$MethodList; @ 26 c2
Event: 164.117 Thread 0x000001926f66ada0 DEOPT PACKING pc=0x0000019214dff27c sp=0x00000048353fd4c0
Event: 164.117 Thread 0x000001926f66ada0 DEOPT UNPACKING pc=0x00000192145b23a3 sp=0x00000048353fd4a8 mode 2
Event: 164.176 Thread 0x000001926f66ada0 Uncommon trap: trap_request=0xffffffc6 fr.pc=0x0000019214c598a8 relative=0x00000000000002e8
Event: 164.176 Thread 0x000001926f66ada0 Uncommon trap: reason=bimorphic_or_optimized_type_check action=maybe_recompile pc=0x0000019214c598a8 method=java.util.Collections$SetFromMap.contains(Ljava/lang/Object;)Z @ 5 c2
Event: 164.176 Thread 0x000001926f66ada0 DEOPT PACKING pc=0x0000019214c598a8 sp=0x00000048353faed0
Event: 164.176 Thread 0x000001926f66ada0 DEOPT UNPACKING pc=0x00000192145b23a3 sp=0x00000048353fae78 mode 2
Event: 164.294 Thread 0x000001926f66ada0 DEOPT PACKING pc=0x000001920d8aca27 sp=0x00000048353fde70
Event: 164.294 Thread 0x000001926f66ada0 DEOPT UNPACKING pc=0x00000192145b2b43 sp=0x00000048353fd400 mode 0
Event: 164.300 Thread 0x000001926f66ada0 Uncommon trap: trap_request=0xffffffde fr.pc=0x0000019214d9f848 relative=0x0000000000000488
Event: 164.300 Thread 0x000001926f66ada0 Uncommon trap: reason=class_check action=maybe_recompile pc=0x0000019214d9f848 method=java.security.MessageDigest$Delegate.engineDigest()[B @ 4 c2
Event: 164.300 Thread 0x000001926f66ada0 DEOPT PACKING pc=0x0000019214d9f848 sp=0x00000048353fe380
Event: 164.300 Thread 0x000001926f66ada0 DEOPT UNPACKING pc=0x00000192145b23a3 sp=0x00000048353fe308 mode 2
Event: 164.300 Thread 0x000001926f66ada0 Uncommon trap: trap_request=0xffffffde fr.pc=0x0000019214d970c4 relative=0x0000000000000484
Event: 164.300 Thread 0x000001926f66ada0 Uncommon trap: reason=class_check action=maybe_recompile pc=0x0000019214d970c4 method=sun.security.provider.DigestBase.engineDigest([BII)I @ 97 c2
Event: 164.316 Thread 0x000001926f66ada0 DEOPT PACKING pc=0x0000019214d970c4 sp=0x00000048353fe2b0
Event: 164.317 Thread 0x000001926f66ada0 DEOPT UNPACKING pc=0x00000192145b23a3 sp=0x00000048353fe208 mode 2

Classes unloaded (1 events):
Event: 159.318 Thread 0x0000019225db7210 Unloading class 0x0000019227814000 'jdk/internal/reflect/GeneratedSerializationConstructorAccessor1'

Classes redefined (0 events):
No events

Internal exceptions (20 events):
Event: 72.521 Thread 0x000001926f66c5b0 Exception <a 'java/lang/NoSuchMethodError'{0x000000074494cd68}: 'java.lang.Object java.lang.invoke.DirectMethodHandle$Holder.invokeSpecial(java.lang.Object, java.lang.Object, java.lang.Object, java.lang.Object, long)'> (0x000000074494cd68) 
thrown [s\open\src\hotspot\share\interpreter\linkResolver.cpp, line 759]
Event: 72.521 Thread 0x000001926f66c5b0 Exception <a 'java/lang/NoSuchMethodError'{0x0000000744950c98}: 'java.lang.Object java.lang.invoke.Invokers$Holder.linkToTargetMethod(java.lang.Object, java.lang.Object, long, java.lang.Object)'> (0x0000000744950c98) 
thrown [s\open\src\hotspot\share\interpreter\linkResolver.cpp, line 759]
Event: 72.537 Thread 0x000001926f66c5b0 Exception <a 'java/lang/reflect/InvocationTargetException'{0x0000000744969ef0}> (0x0000000744969ef0) 
thrown [s\open\src\hotspot\share\runtime\reflection.cpp, line 1121]
Event: 159.147 Thread 0x000001926be3c7c0 Exception <a 'java/lang/InterruptedException'{0x000000074459afe0}: sleep interrupted> (0x000000074459afe0) 
thrown [s\open\src\hotspot\share\prims\jvm.cpp, line 3070]
Event: 159.570 Thread 0x000001926f66ada0 Exception <a 'sun/nio/fs/WindowsException'{0x000000074d49aff0}> (0x000000074d49aff0) 
thrown [s\open\src\hotspot\share\prims\jni.cpp, line 516]
Event: 159.995 Thread 0x000001926f66ada0 Exception <a 'sun/nio/fs/WindowsException'{0x00000007486dad80}> (0x00000007486dad80) 
thrown [s\open\src\hotspot\share\prims\jni.cpp, line 516]
Event: 160.726 Thread 0x000001926f669a60 Exception <a 'java/lang/NoClassDefFoundError'{0x00000007485fa9e0}: org/glassfish/jersey/server/monitoring/ApplicationEventListener> (0x00000007485fa9e0) 
thrown [s\open\src\hotspot\share\classfile\systemDictionary.cpp, line 245]
Event: 163.709 Thread 0x000001926f66ada0 Implicit null exception at 0x0000019214f5a6cb to 0x0000019214f5bd20
Event: 163.800 Thread 0x000001926f66ada0 Exception <a 'sun/nio/fs/WindowsException'{0x0000000748750ce8}> (0x0000000748750ce8) 
thrown [s\open\src\hotspot\share\prims\jni.cpp, line 516]
Event: 163.820 Thread 0x000001926f66ada0 Exception <a 'sun/nio/fs/WindowsException'{0x000000074879bd30}> (0x000000074879bd30) 
thrown [s\open\src\hotspot\share\prims\jni.cpp, line 516]
Event: 164.075 Thread 0x000001926f66ada0 Exception <a 'java/lang/NoClassDefFoundError'{0x00000007485fb458}: org/flywaydb/core/Flyway> (0x00000007485fb458) 
thrown [s\open\src\hotspot\share\oops\constantPool.cpp, line 835]
Event: 164.075 Thread 0x000001926f66ada0 Exception <a 'java/lang/NoClassDefFoundError'{0x00000007485fbaa8}: liquibase/integration/spring/SpringLiquibase> (0x00000007485fbaa8) 
thrown [s\open\src\hotspot\share\oops\constantPool.cpp, line 835]
Event: 164.099 Thread 0x000001926f66ada0 Exception <a 'java/lang/NoClassDefFoundError'{0x000000074824cf10}: org/jooq/DSLContext> (0x000000074824cf10) 
thrown [s\open\src\hotspot\share\oops\constantPool.cpp, line 835]
Event: 164.100 Thread 0x000001926f66ada0 Exception <a 'java/lang/NoClassDefFoundError'{0x0000000748255820}: org/springframework/batch/core/repository/JobRepository> (0x0000000748255820) 
thrown [s\open\src\hotspot\share\oops\constantPool.cpp, line 835]
Event: 164.100 Thread 0x000001926f66ada0 Exception <a 'java/lang/NoClassDefFoundError'{0x0000000748255e68}: org/quartz/Scheduler> (0x0000000748255e68) 
thrown [s\open\src\hotspot\share\oops\constantPool.cpp, line 835]
Event: 164.100 Thread 0x000001926f66ada0 Exception <a 'java/lang/NoClassDefFoundError'{0x00000007482564d8}: org/springframework/session/jdbc/JdbcIndexedSessionRepository> (0x00000007482564d8) 
thrown [s\open\src\hotspot\share\oops\constantPool.cpp, line 835]
Event: 164.117 Thread 0x000001926f66ada0 Implicit null exception at 0x0000019214dfa82b to 0x0000019214dff260
Event: 164.318 Thread 0x000001926f66ada0 Exception <a 'sun/nio/fs/WindowsException'{0x0000000744cbea48}> (0x0000000744cbea48) 
thrown [s\open\src\hotspot\share\prims\jni.cpp, line 516]
Event: 164.319 Thread 0x000001926f66ada0 Exception <a 'sun/nio/fs/WindowsException'{0x0000000744cbf0a0}> (0x0000000744cbf0a0) 
thrown [s\open\src\hotspot\share\prims\jni.cpp, line 516]
Event: 164.320 Thread 0x000001926f66ada0 Exception <a 'sun/nio/fs/WindowsException'{0x0000000744cbf778}> (0x0000000744cbf778) 
thrown [s\open\src\hotspot\share\prims\jni.cpp, line 516]

VM Operations (20 events):
Event: 72.863 Executing VM operation: HandshakeAllThreads
Event: 72.863 Executing VM operation: HandshakeAllThreads done
Event: 73.863 Executing VM operation: Cleanup
Event: 73.863 Executing VM operation: Cleanup done
Event: 76.864 Executing VM operation: Cleanup
Event: 76.864 Executing VM operation: Cleanup done
Event: 78.864 Executing VM operation: Cleanup
Event: 78.864 Executing VM operation: Cleanup done
Event: 143.899 Executing VM operation: Cleanup
Event: 143.900 Executing VM operation: Cleanup done
Event: 153.905 Executing VM operation: Cleanup
Event: 153.905 Executing VM operation: Cleanup done
Event: 159.269 Executing VM operation: G1CollectFull
Event: 159.495 Executing VM operation: G1CollectFull done
Event: 160.495 Executing VM operation: Cleanup
Event: 163.214 Executing VM operation: Cleanup done
Event: 163.214 Executing VM operation: G1CollectForAllocation
Event: 163.220 Executing VM operation: G1CollectForAllocation done
Event: 164.065 Executing VM operation: HandshakeAllThreads
Event: 164.065 Executing VM operation: HandshakeAllThreads done

Events (20 events):
Event: 159.243 Thread 0x000001926e5c2670 Thread exited: 0x000001926e5c2670
Event: 159.266 Thread 0x000001926f66b270 Thread exited: 0x000001926f66b270
Event: 159.495 loading class java/lang/ref/Finalizer$2
Event: 159.496 loading class java/lang/ref/Finalizer$2 done
Event: 159.496 loading class java/lang/ref/Finalizer$1
Event: 159.496 loading class java/lang/ref/Finalizer$1 done
Event: 159.496 Thread 0x000001926f66e290 Thread added: 0x000001926f66e290
Event: 159.497 Thread 0x000001926f66ada0 Thread added: 0x000001926f66ada0
Event: 159.497 Thread 0x000001926f66e290 Thread exited: 0x000001926f66e290
Event: 160.140 Thread 0x000001926c7cd800 Thread exited: 0x000001926c7cd800
Event: 160.643 Thread 0x000001926f669a60 Thread added: 0x000001926f669a60
Event: 160.734 Thread 0x000001926f669a60 Thread exited: 0x000001926f669a60
Event: 160.736 Thread 0x000001926c7cd800 Thread added: 0x000001926c7cd800
Event: 160.785 Thread 0x000001926e60e350 Thread exited: 0x000001926e60e350
Event: 161.184 Thread 0x000001926c7cd800 Thread exited: 0x000001926c7cd800
Event: 161.290 Thread 0x000001926c7cd800 Thread added: 0x000001926c7cd800
Event: 164.039 loading class java/util/WeakHashMap$EntrySet
Event: 164.042 loading class java/util/WeakHashMap$EntrySet done
Event: 164.045 loading class java/util/WeakHashMap$EntryIterator
Event: 164.045 loading class java/util/WeakHashMap$EntryIterator done


Dynamic libraries:
0x00007ff797000000 - 0x00007ff797010000 	C:\Program Files\Java\jdk-17.0.8\bin\javaw.exe
0x00007fff10110000 - 0x00007fff10308000 	C:\WINDOWS\SYSTEM32\ntdll.dll
0x00007fff0f100000 - 0x00007fff0f1bd000 	C:\WINDOWS\System32\KERNEL32.DLL
0x00007fff0d820000 - 0x00007fff0db16000 	C:\WINDOWS\System32\KERNELBASE.dll
0x00007fff0db20000 - 0x00007fff0dc20000 	C:\WINDOWS\System32\ucrtbase.dll
0x00007fff08720000 - 0x00007fff08739000 	C:\Program Files\Java\jdk-17.0.8\bin\jli.dll
0x00007fff0f800000 - 0x00007fff0f8ae000 	C:\WINDOWS\System32\ADVAPI32.dll
0x00007ffefd590000 - 0x00007ffefd5ab000 	C:\Program Files\Java\jdk-17.0.8\bin\VCRUNTIME140.dll
0x00007fff0fb10000 - 0x00007fff0fbae000 	C:\WINDOWS\System32\msvcrt.dll
0x00007fff0f220000 - 0x00007fff0f2bc000 	C:\WINDOWS\System32\sechost.dll
0x00007fff0fed0000 - 0x00007fff0fff6000 	C:\WINDOWS\System32\RPCRT4.dll
0x00007fff0e2f0000 - 0x00007fff0e48e000 	C:\WINDOWS\System32\USER32.dll
0x00007fff0d7f0000 - 0x00007fff0d812000 	C:\WINDOWS\System32\win32u.dll
0x00007fff0ec60000 - 0x00007fff0ec8c000 	C:\WINDOWS\System32\GDI32.dll
0x00007fff0df70000 - 0x00007fff0e08a000 	C:\WINDOWS\System32\gdi32full.dll
0x00007fff0dc90000 - 0x00007fff0dd2d000 	C:\WINDOWS\System32\msvcp_win.dll
0x00007ffefe830000 - 0x00007ffefeaca000 	C:\WINDOWS\WinSxS\amd64_microsoft.windows.common-controls_6595b64144ccf1df_6.0.19041.1110_none_60b5254171f9507e\COMCTL32.dll
0x00007fff06110000 - 0x00007fff0611a000 	C:\WINDOWS\SYSTEM32\VERSION.dll
0x00007fff0fa30000 - 0x00007fff0fa60000 	C:\WINDOWS\System32\IMM32.DLL
0x00007ffefe320000 - 0x00007ffefe32c000 	C:\Program Files\Java\jdk-17.0.8\bin\vcruntime140_1.dll
0x00007ffee3a20000 - 0x00007ffee3aae000 	C:\Program Files\Java\jdk-17.0.8\bin\msvcp140.dll
0x00007ffec83a0000 - 0x00007ffec8f7e000 	C:\Program Files\Java\jdk-17.0.8\bin\server\jvm.dll
0x00007fff0f7d0000 - 0x00007fff0f7d8000 	C:\WINDOWS\System32\PSAPI.DLL
0x00007ffeefac0000 - 0x00007ffeefae7000 	C:\WINDOWS\SYSTEM32\WINMM.dll
0x00007ffef0550000 - 0x00007ffef0559000 	C:\WINDOWS\SYSTEM32\WSOCK32.dll
0x00007fff10000000 - 0x00007fff1006b000 	C:\WINDOWS\System32\WS2_32.dll
0x00007fff0bfd0000 - 0x00007fff0bfe2000 	C:\WINDOWS\SYSTEM32\kernel.appcore.dll
0x00007ffefd2b0000 - 0x00007ffefd2ba000 	C:\Program Files\Java\jdk-17.0.8\bin\jimage.dll
0x00007fff0bdc0000 - 0x00007fff0bfa4000 	C:\WINDOWS\SYSTEM32\DBGHELP.DLL
0x00007ffeff4b0000 - 0x00007ffeff4e4000 	C:\WINDOWS\SYSTEM32\dbgcore.DLL
0x00007fff0dd30000 - 0x00007fff0ddb2000 	C:\WINDOWS\System32\bcryptPrimitives.dll
0x00007ffef1bd0000 - 0x00007ffef1bf5000 	C:\Program Files\Java\jdk-17.0.8\bin\java.dll
0x00007ffee37d0000 - 0x00007ffee38a7000 	C:\Program Files\Java\jdk-17.0.8\bin\jsvml.dll
0x00007fff0e4a0000 - 0x00007fff0ebe5000 	C:\WINDOWS\System32\SHELL32.dll
0x00007fff0b4e0000 - 0x00007fff0bc7b000 	C:\WINDOWS\SYSTEM32\windows.storage.dll
0x00007fff0f2c0000 - 0x00007fff0f614000 	C:\WINDOWS\System32\combase.dll
0x00007fff0d080000 - 0x00007fff0d0ae000 	C:\WINDOWS\SYSTEM32\Wldp.dll
0x00007fff0f980000 - 0x00007fff0fa2d000 	C:\WINDOWS\System32\SHCORE.dll
0x00007fff10070000 - 0x00007fff100c5000 	C:\WINDOWS\System32\shlwapi.dll
0x00007fff0d720000 - 0x00007fff0d745000 	C:\WINDOWS\SYSTEM32\profapi.dll
0x00007ffefd240000 - 0x00007ffefd259000 	C:\Program Files\Java\jdk-17.0.8\bin\net.dll
0x00007fff02f90000 - 0x00007fff0309a000 	C:\WINDOWS\SYSTEM32\WINHTTP.dll
0x00007fff0ce60000 - 0x00007fff0ceca000 	C:\WINDOWS\system32\mswsock.dll
0x00007ffeef400000 - 0x00007ffeef416000 	C:\Program Files\Java\jdk-17.0.8\bin\nio.dll
0x00007ffeee0e0000 - 0x00007ffeee0f8000 	C:\Program Files\Java\jdk-17.0.8\bin\zip.dll
0x00007ffefd2a0000 - 0x00007ffefd2aa000 	C:\Program Files\Java\jdk-17.0.8\bin\management.dll
0x00007ffefad30000 - 0x00007ffefad3b000 	C:\Program Files\Java\jdk-17.0.8\bin\management_ext.dll
0x00007fff0d0c0000 - 0x00007fff0d0d8000 	C:\WINDOWS\SYSTEM32\CRYPTSP.dll
0x00007fff0c790000 - 0x00007fff0c7c4000 	C:\WINDOWS\system32\rsaenh.dll
0x00007fff0e140000 - 0x00007fff0e167000 	C:\WINDOWS\System32\bcrypt.dll
0x00007fff0d6e0000 - 0x00007fff0d70e000 	C:\WINDOWS\SYSTEM32\USERENV.dll
0x00007fff0cff0000 - 0x00007fff0cffc000 	C:\WINDOWS\SYSTEM32\CRYPTBASE.dll
0x00007fff0cb70000 - 0x00007fff0cbab000 	C:\WINDOWS\SYSTEM32\IPHLPAPI.DLL
0x00007fff0e490000 - 0x00007fff0e498000 	C:\WINDOWS\System32\NSI.dll
0x00007fff02ad0000 - 0x00007fff02ae7000 	C:\WINDOWS\SYSTEM32\dhcpcsvc6.DLL
0x00007ffeffbd0000 - 0x00007ffeffbed000 	C:\WINDOWS\SYSTEM32\dhcpcsvc.DLL
0x00007fff0cbb0000 - 0x00007fff0cc7a000 	C:\WINDOWS\SYSTEM32\DNSAPI.dll
0x00007ffef7400000 - 0x00007ffef740e000 	C:\Program Files\Java\jdk-17.0.8\bin\sunmscapi.dll
0x00007fff0ddc0000 - 0x00007fff0df1e000 	C:\WINDOWS\System32\CRYPT32.dll
0x00007fff0d1d0000 - 0x00007fff0d1f8000 	C:\WINDOWS\SYSTEM32\ncrypt.dll
0x00007fff0d190000 - 0x00007fff0d1cb000 	C:\WINDOWS\SYSTEM32\NTASN1.dll
0x00007ffef6950000 - 0x00007ffef6960000 	C:\Program Files\Java\jdk-17.0.8\bin\verify.dll
0x00007ffef67b0000 - 0x00007ffef67b7000 	C:\WINDOWS\system32\wshunix.dll

dbghelp: loaded successfully - version: 4.0.5 - missing functions: none
symbol engine: initialized successfully - sym options: 0x614 - pdb path: .;C:\Program Files\Java\jdk-17.0.8\bin;C:\WINDOWS\SYSTEM32;C:\WINDOWS\WinSxS\amd64_microsoft.windows.common-controls_6595b64144ccf1df_6.0.19041.1110_none_60b5254171f9507e;C:\Program Files\Java\jdk-17.0.8\bin\server

VM Arguments:
jvm_args: -Dfile.encoding=UTF-8 -XX:+ShowCodeDetailsInExceptionMessages 
java_command: fr.gestionformation.GestionFormationBackendApplication
java_class_path (initial): D:\Developpement\eclipse workspace\gestion_formation_backend\target\classes;C:\Users\moulo\.m2\repository\org\springframework\boot\spring-boot-starter-actuator\3.1.4\spring-boot-starter-actuator-3.1.4.jar;C:\Users\moulo\.m2\repository\org\springframework\boot\spring-boot-starter\3.1.4\spring-boot-starter-3.1.4.jar;C:\Users\moulo\.m2\repository\org\springframework\boot\spring-boot-starter-logging\3.1.4\spring-boot-starter-logging-3.1.4.jar;C:\Users\moulo\.m2\repository\ch\qos\logback\logback-classic\1.4.11\logback-classic-1.4.11.jar;C:\Users\moulo\.m2\repository\ch\qos\logback\logback-core\1.4.11\logback-core-1.4.11.jar;C:\Users\moulo\.m2\repository\org\apache\logging\log4j\log4j-to-slf4j\2.20.0\log4j-to-slf4j-2.20.0.jar;C:\Users\moulo\.m2\repository\org\apache\logging\log4j\log4j-api\2.20.0\log4j-api-2.20.0.jar;C:\Users\moulo\.m2\repository\org\slf4j\jul-to-slf4j\2.0.9\jul-to-slf4j-2.0.9.jar;C:\Users\moulo\.m2\repository\jakarta\annotation\jakarta.annotation-api\2.1.1\jakarta.annotation-api-2.1.1.jar;C:\Users\moulo\.m2\repository\org\yaml\snakeyaml\1.33\snakeyaml-1.33.jar;C:\Users\moulo\.m2\repository\org\springframework\boot\spring-boot-actuator-autoconfigure\3.1.4\spring-boot-actuator-autoconfigure-3.1.4.jar;C:\Users\moulo\.m2\repository\org\springframework\boot\spring-boot-actuator\3.1.4\spring-boot-actuator-3.1.4.jar;C:\Users\moulo\.m2\repository\com\fasterxml\jackson\core\jackson-databind\2.15.2\jackson-databind-2.15.2.jar;C:\Users\moulo\.m2\repository\com\fasterxml\jackson\core\jackson-annotations\2.15.2\jackson-annotations-2.15.2.jar;C:\Users\moulo\.m2\repository\com\fasterxml\jackson\core\jackson-core\2.15.2\jackson-core-2.15.2.jar;C:\Users\moulo\.m2\repository\com\fasterxml\jackson\datatype\jackson-datatype-jsr310\2.15.2\jackson-datatype-jsr310-2.15.2.jar;C:\Users\moulo\.m2\repository\io\micrometer\micrometer-observation\1.11.4\micrometer-observation-1.11.4.jar;C:\Users\moulo\.m2\repository\io\micrometer\micrometer-commons\1.11.
Launcher Type: SUN_STANDARD

[Global flags]
     intx CICompilerCount                          = 3                                         {product} {ergonomic}
     uint ConcGCThreads                            = 1                                         {product} {ergonomic}
     uint G1ConcRefinementThreads                  = 4                                         {product} {ergonomic}
   size_t G1HeapRegionSize                         = 2097152                                   {product} {ergonomic}
    uintx GCDrainStackTargetSize                   = 64                                        {product} {ergonomic}
   size_t InitialHeapSize                          = 201326592                                 {product} {ergonomic}
   size_t MarkStackSize                            = 4194304                                   {product} {ergonomic}
   size_t MaxHeapSize                              = 3198156800                                {product} {ergonomic}
   size_t MaxNewSize                               = 1918894080                                {product} {ergonomic}
   size_t MinHeapDeltaBytes                        = 2097152                                   {product} {ergonomic}
   size_t MinHeapSize                              = 8388608                                   {product} {ergonomic}
    uintx NonNMethodCodeHeapSize                   = 5832780                                {pd product} {ergonomic}
    uintx NonProfiledCodeHeapSize                  = 122912730                              {pd product} {ergonomic}
    uintx ProfiledCodeHeapSize                     = 122912730                              {pd product} {ergonomic}
    uintx ReservedCodeCacheSize                    = 251658240                              {pd product} {ergonomic}
     bool SegmentedCodeCache                       = true                                      {product} {ergonomic}
     bool ShowCodeDetailsInExceptionMessages       = true                                   {manageable} {command line}
   size_t SoftMaxHeapSize                          = 3198156800                             {manageable} {ergonomic}
     bool UseCompressedClassPointers               = true                           {product lp64_product} {ergonomic}
     bool UseCompressedOops                        = true                           {product lp64_product} {ergonomic}
     bool UseG1GC                                  = true                                      {product} {ergonomic}
     bool UseLargePagesIndividualAllocation        = false                                  {pd product} {ergonomic}

Logging:
Log output configuration:
 #0: stdout all=warning uptime,level,tags
 #1: stderr all=off uptime,level,tags

Environment Variables:
JAVA_HOME=C:\Program Files\Java\jdk-17
PATH=C:\Python311\Scripts\;C:\Python311\;C:\Program Files\Common Files\Oracle\Java\javapath;C:\Users\moulo\AppData\Local\Programs\Python\Python38\Scripts\;C:\Users\moulo\AppData\Local\Programs\Python\Python38\;C:\oraclexe\app\oracle\product\11.2.0\server\bin;C:\Program Files\Python38\Scripts\;C:\Program Files\Python38\;C:\Program Files\Java\jdk-11.0.2\bin;C:\WINDOWS\system32;C:\WINDOWS;C:\WINDOWS\System32\Wbem;C:\WINDOWS\System32\WindowsPowerShell\v1.0\;C:\WINDOWS\System32\OpenSSH\;C:\Program Files (x86)\Intel\Intel(R) Management Engine Components\DAL;C:\Program Files\Intel\Intel(R) Management Engine Components\DAL;C:\Program Files\PuTTY\;C:\Program Files\Git\cmd;C:\Program Files\Java\jdk-17\bin;C:\ProgramData\chocolatey\bin;C:\Program Files\dotnet\;C:\Program Files\Microsoft SQL Server\130\Tools\Binn\;C:\Program Files\nodejs\;C:\Users\moulo\anaconda3;C:\Users\moulo\anaconda3\Library\mingw-w64\bin;C:\Users\moulo\anaconda3\Library\usr\bin;C:\Users\moulo\anaconda3\Library\bin;C:\Users\moulo\anaconda3\Scripts;C:\Users\moulo\scoop\apps\nodejs\current\bin;C:\Users\moulo\scoop\apps\nodejs\current;C:\Users\moulo\scoop\apps\yarn\current\Yarn\bin;C:\Users\moulo\scoop\apps\yarn\current\global\node_modules\.bin;C:\Users\moulo\scoop\shims;C:\Users\moulo\AppData\Local\Microsoft\WindowsApps;C:\Users\moulo\AppData\Local\Programs\Microsoft VS Code\bin;C:\Tools\flutter\bin;C:\Users\moulo\AppData\Local\GitHubDesktop\bin;C:\Users\moulo\AppData\Local\Microsoft\WindowsApps;C:\Program Files\JetBrains\IntelliJ IDEA Educational Edition 2020.2.3\bin;;C:\Program Files\JetBrains\PyCharm Edu 2020.2.3\bin;;C:\Program Files\JetBrains\WebStorm 2020.2.3\bin;;C:\Users\moulo\.dotnet\tools;C:\Tools\apache-cassandra-3.11.9\bin;C:\Python27;C:\wamp64\bin\mysql\mysql5.7.24\bin;C:\Tools\apache-maven-3.8.1\bin;C:\Program Files\MongoDB\Server\4.2\bin;C:\Program Files\JetBrains\IntelliJ IDEA 2021.2\bin;;C:\Users\moulo\AppData\Roaming\npm;C:\Program Files\Java\jdk-17\bin;
USERNAME=moulo
OS=Windows_NT
PROCESSOR_IDENTIFIER=Intel64 Family 6 Model 78 Stepping 3, GenuineIntel



---------------  S Y S T E M  ---------------

OS:
 Windows 10 , 64 bit Build 19041 (10.0.19041.3393)
OS uptime: 21 days 9:30 hours
Hyper-V role detected

CPU: total 4 (initial active 4) (2 cores per cpu, 2 threads per core) family 6 model 78 stepping 3 microcode 0xcc, cx8, cmov, fxsr, ht, mmx, 3dnowpref, sse, sse2, sse3, ssse3, sse4.1, sse4.2, popcnt, lzcnt, tsc, tscinvbit, avx, avx2, aes, erms, clmul, bmi1, bmi2, adx, fma, vzeroupper, clflush, clflushopt, hv

Memory: 4k page, system-wide physical 12197M (439M free)
TotalPageFile size 27300M (AvailPageFile size 5M)
current process WorkingSet (physical memory assigned to process): 254M, peak: 258M
current process commit charge ("private bytes"): 284M, peak: 325M

vm_info: Java HotSpot(TM) 64-Bit Server VM (17.0.8+9-LTS-211) for windows-amd64 JRE (17.0.8+9-LTS-211), built on Jun 14 2023 10:34:31 by "mach5one" with MS VC++ 17.1 (VS2022)

END.
