#
# There is insufficient memory for the Java Runtime Environment to continue.
# Native memory allocation (malloc) failed to allocate 1142096 bytes for Chunk::new
# Possible reasons:
#   The system is out of physical RAM or swap space
#   The process is running with CompressedOops enabled, and the Java Heap may be blocking the growth of the native heap
# Possible solutions:
#   Reduce memory load on the system
#   Increase physical memory or swap space
#   Check if swap backing store is full
#   Decrease Java heap size (-Xmx/-Xms)
#   Decrease number of Java threads
#   Decrease Java thread stack sizes (-Xss)
#   Set larger code cache with -XX:ReservedCodeCacheSize=
#   JVM is running with Zero Based Compressed Oops mode in which the Java heap is
#     placed in the first 32GB address space. The Java Heap base address is the
#     maximum limit for the native heap growth. Please use -XX:HeapBaseMinAddress
#     to set the Java Heap base and to place the Java Heap above 32GB virtual address.
# This output file may be truncated or incomplete.
#
#  Out of Memory Error (arena.cpp:189), pid=20924, tid=2116
#
# JRE version: Java(TM) SE Runtime Environment (17.0.8+9) (build 17.0.8+9-LTS-211)
# Java VM: Java HotSpot(TM) 64-Bit Server VM (17.0.8+9-LTS-211, mixed mode, sharing, tiered, compressed oops, compressed class ptrs, g1 gc, windows-amd64)
# No core dump will be written. Minidumps are not enabled by default on client versions of Windows
#

---------------  S U M M A R Y ------------

Command Line: -ea -Dfile.encoding=UTF-8 -XX:+ShowCodeDetailsInExceptionMessages org.eclipse.jdt.internal.junit.runner.RemoteTestRunner -version 3 -port 57363 -testLoaderClass org.eclipse.jdt.internal.junit5.runner.JUnit5TestLoader -loaderpluginname org.eclipse.jdt.junit5.runtime -classNames fr.gestionformation.web.SessionRestControllerTest

Host: Intel(R) Core(TM) i3-6006U CPU @ 2.00GHz, 4 cores, 11G,  Windows 10 , 64 bit Build 19041 (10.0.19041.3393)
Time: Fri Sep 29 23:35:41 2023 Paris, Madrid (heure duild 19041 (10.0.19041.3393) elapsed time: 22.139304 seconds (0d 0h 0m 22s)

---------------  T H R E A D  ---------------

Current thread (0x00000295fa8a0410):  JavaThread "C2 CompilerThread0" daemon [_thread_in_native, id=2116, stack(0x000000fd67900000,0x000000fd67a00000)]


Current CompileTask:
C2:  22139 4921       4       org.springframework.core.annotation.AnnotationsScanner::process (55 bytes)

Stack: [0x000000fd67900000,0x000000fd67a00000]
Native frames: (J=compiled Java code, j=interpreted, Vv=VM code, C=native code)
V  [jvm.dll+0x677d0a]
V  [jvm.dll+0x7d8c54]
V  [jvm.dll+0x7da3fe]
V  [jvm.dll+0x7daa63]
V  [jvm.dll+0x245c5f]
V  [jvm.dll+0xaaa6b]
V  [jvm.dll+0xab00c]
V  [jvm.dll+0x361e3f]
V  [jvm.dll+0x32c551]
V  [jvm.dll+0x32b9ea]
V  [jvm.dll+0x217fff]
V  [jvm.dll+0x217431]
V  [jvm.dll+0x1a3af0]
V  [jvm.dll+0x2270be]
V  [jvm.dll+0x22535b]
V  [jvm.dll+0x78e7bc]
V  [jvm.dll+0x788bba]
V  [jvm.dll+0x676b35]
C  [ucrtbase.dll+0x21bb2]
C  [KERNEL32.DLL+0x17344]
C  [ntdll.dll+0x526b1]


---------------  P R O C E S S  ---------------

Threads class SMR info:
_java_thread_list=0x00000295faa678a0, length=15, elements={
0x00000295e99c5b50, 0x00000295fa883260, 0x00000295fa884780, 0x00000295fa89aa10,
0x00000295fa89b4d0, 0x00000295fa89eeb0, 0x00000295fa89f770, 0x00000295fa8a0410,
0x00000295fa8facd0, 0x00000295fa8fdd90, 0x00000295faafea10, 0x00000295fab16bc0,
0x00000295ff211d80, 0x00000295d06b01a0, 0x00000295d1aa9070
}

Java Threads: ( => current thread )
  0x00000295e99c5b50 JavaThread "main" [_thread_in_native, id=19552, stack(0x000000fd66c00000,0x000000fd66d00000)]
  0x00000295fa883260 JavaThread "Reference Handler" daemon [_thread_blocked, id=9832, stack(0x000000fd67300000,0x000000fd67400000)]
  0x00000295fa884780 JavaThread "Finalizer" daemon [_thread_blocked, id=24052, stack(0x000000fd67400000,0x000000fd67500000)]
  0x00000295fa89aa10 JavaThread "Signal Dispatcher" daemon [_thread_blocked, id=4340, stack(0x000000fd67500000,0x000000fd67600000)]
  0x00000295fa89b4d0 JavaThread "Attach Listener" daemon [_thread_blocked, id=34628, stack(0x000000fd67600000,0x000000fd67700000)]
  0x00000295fa89eeb0 JavaThread "Service Thread" daemon [_thread_blocked, id=37464, stack(0x000000fd67700000,0x000000fd67800000)]
  0x00000295fa89f770 JavaThread "Monitor Deflation Thread" daemon [_thread_blocked, id=31540, stack(0x000000fd67800000,0x000000fd67900000)]
=>0x00000295fa8a0410 JavaThread "C2 CompilerThread0" daemon [_thread_in_native, id=2116, stack(0x000000fd67900000,0x000000fd67a00000)]
  0x00000295fa8facd0 JavaThread "C1 CompilerThread0" daemon [_thread_blocked, id=28796, stack(0x000000fd67a00000,0x000000fd67b00000)]
  0x00000295fa8fdd90 JavaThread "Sweeper thread" daemon [_thread_blocked, id=6724, stack(0x000000fd67b00000,0x000000fd67c00000)]
  0x00000295faafea10 JavaThread "Notification Thread" daemon [_thread_blocked, id=23128, stack(0x000000fd67c00000,0x000000fd67d00000)]
  0x00000295fab16bc0 JavaThread "Common-Cleaner" daemon [_thread_blocked, id=19880, stack(0x000000fd67e00000,0x000000fd67f00000)]
  0x00000295ff211d80 JavaThread "ReaderThread" [_thread_in_native, id=33164, stack(0x000000fd67f00000,0x000000fd68000000)]
  0x00000295d06b01a0 JavaThread "HikariPool-1 housekeeper" daemon [_thread_blocked, id=9384, stack(0x000000fd68400000,0x000000fd68500000)]
  0x00000295d1aa9070 JavaThread "C2 CompilerThread1" daemon [_thread_in_native, id=29860, stack(0x000000fd68000000,0x000000fd68100000)]

Other Threads:
  0x00000295fa87e700 VMThread "VM Thread" [stack: 0x000000fd67200000,0x000000fd67300000] [id=30728]
  0x00000295fab02f00 WatcherThread [stack: 0x000000fd67d00000,0x000000fd67e00000] [id=33852]
  0x00000295e9a1bfe0 GCTaskThread "GC Thread#0" [stack: 0x000000fd66d00000,0x000000fd66e00000] [id=25172]
  0x00000295ff211840 GCTaskThread "GC Thread#1" [stack: 0x000000fd68100000,0x000000fd68200000] [id=19080]
  0x00000295ff247850 GCTaskThread "GC Thread#2" [stack: 0x000000fd68200000,0x000000fd68300000] [id=30664]
  0x00000295ff248290 GCTaskThread "GC Thread#3" [stack: 0x000000fd68300000,0x000000fd68400000] [id=33676]
  0x00000295e9a28cc0 ConcurrentGCThread "G1 Main Marker" [stack: 0x000000fd66e00000,0x000000fd66f00000] [id=29060]
  0x00000295e9a29ec0 ConcurrentGCThread "G1 Conc#0" [stack: 0x000000fd66f00000,0x000000fd67000000] [id=36940]
  0x00000295fa7400a0 ConcurrentGCThread "G1 Refine#0" [stack: 0x000000fd67000000,0x000000fd67100000] [id=32448]
  0x00000295fa7422c0 ConcurrentGCThread "G1 Service" [stack: 0x000000fd67100000,0x000000fd67200000] [id=20976]

Threads with active compile tasks:
C2 CompilerThread0    22201 4921       4       org.springframework.core.annotation.AnnotationsScanner::process (55 bytes)
C2 CompilerThread1    22201 4904       4       org.springframework.core.annotation.AnnotationsScanner::scan (21 bytes)

VM state: not at safepoint (normal execution)

VM Mutex/Monitor currently owned by a thread: None

Heap address: 0x0000000741600000, size: 3050 MB, Compressed Oops mode: Zero based, Oop shift amount: 3

CDS archive(s) mapped at: [0x000002958f000000-0x000002958fbd0000-0x000002958fbd0000), size 12386304, SharedBaseAddress: 0x000002958f000000, ArchiveRelocationMode: 1.
Compressed class space mapped at: 0x0000029590000000-0x00000295d0000000, reserved size: 1073741824
Narrow klass base: 0x000002958f000000, Narrow klass shift: 0, Narrow klass range: 0x100000000

GC Precious Log:
 CPUs: 4 total, 4 available
 Memory: 12197M
 Large Page Support: Disabled
 NUMA Support: Disabled
 Compressed Oops: Enabled (Zero based)
 Heap Region Size: 2M
 Heap Min Capacity: 8M
 Heap Initial Capacity: 192M
 Heap Max Capacity: 3050M
 Pre-touch: Disabled
 Parallel Workers: 4
 Concurrent Workers: 1
 Concurrent Refinement Workers: 4
 Periodic GC: Disabled

Heap:
 garbage-first heap   total 61440K, used 36296K [0x0000000741600000, 0x0000000800000000)
  region size 2048K, 7 young (14336K), 2 survivors (4096K)
 Metaspace       used 63579K, committed 64064K, reserved 1114112K
  class space    used 8946K, committed 9152K, reserved 1048576K

Heap Regions: E=young(eden), S=young(survivor), O=old, HS=humongous(starts), HC=humongous(continues), CS=collection set, F=free, OA=open archive, CA=closed archive, TAMS=top-at-mark-start (previous, next)
|   0|0x0000000741600000, 0x0000000741800000, 0x0000000741800000|100%| O|  |TAMS 0x0000000741800000, 0x0000000741600000| Untracked 
|   1|0x0000000741800000, 0x0000000741a00000, 0x0000000741a00000|100%| O|  |TAMS 0x0000000741a00000, 0x0000000741800000| Untracked 
|   2|0x0000000741a00000, 0x0000000741c00000, 0x0000000741c00000|100%| O|  |TAMS 0x0000000741c00000, 0x0000000741a00000| Untracked 
|   3|0x0000000741c00000, 0x0000000741c3e000, 0x0000000741e00000| 12%| O|  |TAMS 0x0000000741c3e000, 0x0000000741c00000| Untracked 
|   4|0x0000000741e00000, 0x0000000742000000, 0x0000000742000000|100%| O|  |TAMS 0x0000000742000000, 0x0000000741e00000| Untracked 
|   5|0x0000000742000000, 0x0000000742200000, 0x0000000742200000|100%| O|  |TAMS 0x0000000742200000, 0x0000000742000000| Untracked 
|   6|0x0000000742200000, 0x0000000742400000, 0x0000000742400000|100%| O|  |TAMS 0x0000000742400000, 0x0000000742200000| Untracked 
|   7|0x0000000742400000, 0x0000000742600000, 0x0000000742600000|100%| O|  |TAMS 0x0000000742600000, 0x0000000742400000| Untracked 
|   8|0x0000000742600000, 0x0000000742800000, 0x0000000742800000|100%| O|  |TAMS 0x0000000742800000, 0x0000000742600000| Untracked 
|   9|0x0000000742800000, 0x0000000742a00000, 0x0000000742a00000|100%| O|  |TAMS 0x000000074295b800, 0x0000000742800000| Untracked 
|  10|0x0000000742a00000, 0x0000000742c00000, 0x0000000742c00000|100%| O|  |TAMS 0x0000000742a00000, 0x0000000742a00000| Untracked 
|  11|0x0000000742c00000, 0x0000000742e00000, 0x0000000742e00000|100%| O|  |TAMS 0x0000000742c00000, 0x0000000742c00000| Untracked 
|  12|0x0000000742e00000, 0x0000000742f4a600, 0x0000000743000000| 64%| O|  |TAMS 0x0000000742e00000, 0x0000000742e00000| Untracked 
|  13|0x0000000743000000, 0x0000000743000000, 0x0000000743200000|  0%| F|  |TAMS 0x0000000743000000, 0x0000000743000000| Untracked 
|  14|0x0000000743200000, 0x0000000743200000, 0x0000000743400000|  0%| F|  |TAMS 0x0000000743200000, 0x0000000743200000| Untracked 
|  15|0x0000000743400000, 0x0000000743400000, 0x0000000743600000|  0%| F|  |TAMS 0x0000000743400000, 0x0000000743400000| Untracked 
|  16|0x0000000743600000, 0x0000000743600000, 0x0000000743800000|  0%| F|  |TAMS 0x0000000743600000, 0x0000000743600000| Untracked 
|  17|0x0000000743800000, 0x00000007439e9de0, 0x0000000743a00000| 95%| S|CS|TAMS 0x0000000743800000, 0x0000000743800000| Complete 
|  18|0x0000000743a00000, 0x0000000743c00000, 0x0000000743c00000|100%| S|CS|TAMS 0x0000000743a00000, 0x0000000743a00000| Complete 
|  19|0x0000000743c00000, 0x0000000743c00000, 0x0000000743e00000|  0%| F|  |TAMS 0x0000000743c00000, 0x0000000743c00000| Untracked 
|  20|0x0000000743e00000, 0x0000000743e00000, 0x0000000744000000|  0%| F|  |TAMS 0x0000000743e00000, 0x0000000743e00000| Untracked 
|  21|0x0000000744000000, 0x0000000744000000, 0x0000000744200000|  0%| F|  |TAMS 0x0000000744000000, 0x0000000744000000| Untracked 
|  22|0x0000000744200000, 0x0000000744200000, 0x0000000744400000|  0%| F|  |TAMS 0x0000000744200000, 0x0000000744200000| Untracked 
|  23|0x0000000744400000, 0x0000000744400000, 0x0000000744600000|  0%| F|  |TAMS 0x0000000744400000, 0x0000000744400000| Untracked 
|  24|0x0000000744600000, 0x0000000744600000, 0x0000000744800000|  0%| F|  |TAMS 0x0000000744600000, 0x0000000744600000| Untracked 
|  56|0x0000000748600000, 0x000000074865b258, 0x0000000748800000| 17%| E|  |TAMS 0x0000000748600000, 0x0000000748600000| Complete 
|  57|0x0000000748800000, 0x0000000748a00000, 0x0000000748a00000|100%| E|CS|TAMS 0x0000000748800000, 0x0000000748800000| Complete 
|  58|0x0000000748a00000, 0x0000000748c00000, 0x0000000748c00000|100%| E|CS|TAMS 0x0000000748a00000, 0x0000000748a00000| Complete 
|  59|0x0000000748c00000, 0x0000000748e00000, 0x0000000748e00000|100%| E|CS|TAMS 0x0000000748c00000, 0x0000000748c00000| Complete 
|  95|0x000000074d400000, 0x000000074d600000, 0x000000074d600000|100%| E|CS|TAMS 0x000000074d400000, 0x000000074d400000| Complete 

Card table byte_map: [0x00000295f1860000,0x00000295f1e60000] _byte_map_base: 0x00000295ede55000

Marking Bits (Prev, Next): (CMBitMap*) 0x00000295e9a1c540, (CMBitMap*) 0x00000295e9a1c500
 Prev Bits: [0x00000295f5410000, 0x00000295f83b8000)
 Next Bits: [0x00000295f2460000, 0x00000295f5408000)

Polling page: 0x00000295e9190000

Metaspace:

Usage:
  Non-class:     53.35 MB used.
      Class:      8.74 MB used.
       Both:     62.09 MB used.

Virtual space:
  Non-class space:       64.00 MB reserved,      53.62 MB ( 84%) committed,  1 nodes.
      Class space:        1.00 GB reserved,       8.94 MB ( <1%) committed,  1 nodes.
             Both:        1.06 GB reserved,      62.56 MB (  6%) committed. 

Chunk freelists:
   Non-Class:  9.98 MB
       Class:  6.95 MB
        Both:  16.93 MB

MaxMetaspaceSize: unlimited
CompressedClassSpaceSize: 1.00 GB
Initial GC threshold: 21.00 MB
Current GC threshold: 69.50 MB
CDS: on
MetaspaceReclaimPolicy: balanced
 - commit_granule_bytes: 65536.
 - commit_granule_words: 8192.
 - virtual_space_node_default_size: 8388608.
 - enlarge_chunks_in_place: 1.
 - new_chunks_are_fully_committed: 0.
 - uncommit_free_chunks: 1.
 - use_allocation_guard: 0.
 - handle_deallocations: 1.


Internal statistics:

num_allocs_failed_limit: 9.
num_arena_births: 650.
num_arena_deaths: 0.
num_vsnodes_births: 2.
num_vsnodes_deaths: 0.
num_space_committed: 1001.
num_space_uncommitted: 0.
num_chunks_returned_to_freelist: 9.
num_chunks_taken_from_freelist: 2943.
num_chunk_merges: 9.
num_chunk_splits: 2172.
num_chunks_enlarged: 1738.
num_purges: 0.
num_inconsistent_stats: 0.

CodeHeap 'non-profiled nmethods': size=120000Kb used=2968Kb max_used=2968Kb free=117032Kb
 bounds [0x0000029587ad0000, 0x0000029587dc0000, 0x000002958f000000]
CodeHeap 'profiled nmethods': size=120000Kb used=8894Kb max_used=8994Kb free=111105Kb
 bounds [0x0000029580000000, 0x00000295808d0000, 0x0000029587530000]
CodeHeap 'non-nmethods': size=5760Kb used=1390Kb max_used=1390Kb free=4369Kb
 bounds [0x0000029587530000, 0x00000295877a0000, 0x0000029587ad0000]
 total_blobs=5228 nmethods=4581 adapters=556
 compilation: enabled
              stopped_count=0, restarted_count=0
 full_count=0

Compilation events (20 events):
Event: 21.516 Thread 0x00000295fa8a0410 nmethod 4903 0x0000029587d9d210 code [0x0000029587d9dbe0, 0x0000029587da5090]
Event: 21.519 Thread 0x00000295fa8a0410 5145       4       java.util.AbstractCollection::toArray (144 bytes)
Event: 21.533 Thread 0x00000295fa8a0410 nmethod 5145 0x0000029587dab390 code [0x0000029587dab540, 0x0000029587daba78]
Event: 21.533 Thread 0x00000295fa8a0410 5269       4       org.springframework.beans.factory.support.AbstractBeanFactory::getMergedLocalBeanDefinition (38 bytes)
Event: 21.543 Thread 0x00000295fa8facd0 5279   !   2       java.util.jar.Attributes::read (494 bytes)
Event: 21.551 Thread 0x00000295fa8facd0 nmethod 5279 0x00000295800f9a10 code [0x00000295800f9f80, 0x00000295800fbb28]
Event: 21.604 Thread 0x00000295fa8a0410 nmethod 5269 0x0000029587dabd90 code [0x0000029587dabfe0, 0x0000029587dad080]
Event: 21.604 Thread 0x00000295fa8a0410 5197       4       java.util.TreeMap::successor (66 bytes)
Event: 21.608 Thread 0x00000295fa8a0410 nmethod 5197 0x0000029587dadb10 code [0x0000029587dadc80, 0x0000029587dadd78]
Event: 21.608 Thread 0x00000295fa8a0410 5198       4       org.springframework.boot.autoconfigure.condition.ConditionEvaluationReport$$Lambda$1651/0x00000295908b2a68::accept (20 bytes)
Event: 21.620 Thread 0x00000295fa8a0410 nmethod 5198 0x0000029587dade90 code [0x0000029587dae020, 0x0000029587dae358]
Event: 21.620 Thread 0x00000295fa8a0410 4871       4       org.springframework.core.BridgeMethodResolver::findBridgedMethod (117 bytes)
Event: 21.737 Thread 0x00000295fa8facd0 5282       2       jdk.internal.org.objectweb.asm.AnnotationWriter::putAnnotations (110 bytes)
Event: 21.738 Thread 0x00000295fa8facd0 nmethod 5282 0x0000029580121c10 code [0x0000029580121e00, 0x0000029580122108]
Event: 21.911 Thread 0x00000295fa8a0410 nmethod 4871 0x0000029587daec90 code [0x0000029587daf0e0, 0x0000029587db2948]
Event: 21.912 Thread 0x00000295fa8a0410 4972       4       org.springframework.core.annotation.TypeMappedAnnotations$MergedAnnotationFinder::finish (9 bytes)
Event: 21.913 Thread 0x00000295fa8a0410 nmethod 4972 0x0000029587db4f90 code [0x0000029587db5100, 0x0000029587db51b8]
Event: 21.914 Thread 0x00000295fa8a0410 5004       4       org.springframework.core.annotation.TypeMappedAnnotations::isMappingForType (41 bytes)
Event: 21.935 Thread 0x00000295fa8a0410 nmethod 5004 0x0000029587db5290 code [0x0000029587db5440, 0x0000029587db5af8]
Event: 21.935 Thread 0x00000295fa8a0410 4921       4       org.springframework.core.annotation.AnnotationsScanner::process (55 bytes)

GC Heap History (20 events):
Event: 9.577 GC heap before
{Heap before GC invocations=6 (full 0):
 garbage-first heap   total 61440K, used 37693K [0x0000000741600000, 0x0000000800000000)
  region size 2048K, 13 young (26624K), 2 survivors (4096K)
 Metaspace       used 26821K, committed 27072K, reserved 1114112K
  class space    used 3586K, committed 3712K, reserved 1048576K
}
Event: 9.585 GC heap after
{Heap after GC invocations=7 (full 0):
 garbage-first heap   total 61440K, used 16267K [0x0000000741600000, 0x0000000800000000)
  region size 2048K, 2 young (4096K), 2 survivors (4096K)
 Metaspace       used 26821K, committed 27072K, reserved 1114112K
  class space    used 3586K, committed 3712K, reserved 1048576K
}
Event: 11.072 GC heap before
{Heap before GC invocations=7 (full 0):
 garbage-first heap   total 61440K, used 36747K [0x0000000741600000, 0x0000000800000000)
  region size 2048K, 13 young (26624K), 2 survivors (4096K)
 Metaspace       used 29774K, committed 30144K, reserved 1114112K
  class space    used 4043K, committed 4224K, reserved 1048576K
}
Event: 11.084 GC heap after
{Heap after GC invocations=8 (full 0):
 garbage-first heap   total 61440K, used 18272K [0x0000000741600000, 0x0000000800000000)
  region size 2048K, 2 young (4096K), 2 survivors (4096K)
 Metaspace       used 29774K, committed 30144K, reserved 1114112K
  class space    used 4043K, committed 4224K, reserved 1048576K
}
Event: 13.364 GC heap before
{Heap before GC invocations=8 (full 0):
 garbage-first heap   total 61440K, used 40800K [0x0000000741600000, 0x0000000800000000)
  region size 2048K, 13 young (26624K), 2 survivors (4096K)
 Metaspace       used 35110K, committed 35520K, reserved 1114112K
  class space    used 4844K, committed 5056K, reserved 1048576K
}
Event: 13.376 GC heap after
{Heap after GC invocations=9 (full 0):
 garbage-first heap   total 61440K, used 19347K [0x0000000741600000, 0x0000000800000000)
  region size 2048K, 1 young (2048K), 1 survivors (2048K)
 Metaspace       used 35110K, committed 35520K, reserved 1114112K
  class space    used 4844K, committed 5056K, reserved 1048576K
}
Event: 13.483 GC heap before
{Heap before GC invocations=9 (full 0):
 garbage-first heap   total 61440K, used 19347K [0x0000000741600000, 0x0000000800000000)
  region size 2048K, 2 young (4096K), 1 survivors (2048K)
 Metaspace       used 35572K, committed 35968K, reserved 1114112K
  class space    used 4913K, committed 5120K, reserved 1048576K
}
Event: 13.487 GC heap after
{Heap after GC invocations=10 (full 0):
 garbage-first heap   total 61440K, used 19216K [0x0000000741600000, 0x0000000800000000)
  region size 2048K, 1 young (2048K), 1 survivors (2048K)
 Metaspace       used 35572K, committed 35968K, reserved 1114112K
  class space    used 4913K, committed 5120K, reserved 1048576K
}
Event: 14.739 GC heap before
{Heap before GC invocations=11 (full 0):
 garbage-first heap   total 61440K, used 41744K [0x0000000741600000, 0x0000000800000000)
  region size 2048K, 13 young (26624K), 1 survivors (2048K)
 Metaspace       used 42069K, committed 42432K, reserved 1114112K
  class space    used 5736K, committed 5888K, reserved 1048576K
}
Event: 14.746 GC heap after
{Heap after GC invocations=12 (full 0):
 garbage-first heap   total 61440K, used 20923K [0x0000000741600000, 0x0000000800000000)
  region size 2048K, 2 young (4096K), 2 survivors (4096K)
 Metaspace       used 42069K, committed 42432K, reserved 1114112K
  class space    used 5736K, committed 5888K, reserved 1048576K
}
Event: 15.989 GC heap before
{Heap before GC invocations=13 (full 0):
 garbage-first heap   total 61440K, used 43451K [0x0000000741600000, 0x0000000800000000)
  region size 2048K, 13 young (26624K), 2 survivors (4096K)
 Metaspace       used 48162K, committed 48512K, reserved 1114112K
  class space    used 6634K, committed 6784K, reserved 1048576K
}
Event: 15.996 GC heap after
{Heap after GC invocations=14 (full 0):
 garbage-first heap   total 61440K, used 21748K [0x0000000741600000, 0x0000000800000000)
  region size 2048K, 2 young (4096K), 2 survivors (4096K)
 Metaspace       used 48162K, committed 48512K, reserved 1114112K
  class space    used 6634K, committed 6784K, reserved 1048576K
}
Event: 17.175 GC heap before
{Heap before GC invocations=14 (full 0):
 garbage-first heap   total 61440K, used 42228K [0x0000000741600000, 0x0000000800000000)
  region size 2048K, 13 young (26624K), 2 survivors (4096K)
 Metaspace       used 52999K, committed 53504K, reserved 1114112K
  class space    used 7471K, committed 7680K, reserved 1048576K
}
Event: 17.183 GC heap after
{Heap after GC invocations=15 (full 0):
 garbage-first heap   total 61440K, used 22583K [0x0000000741600000, 0x0000000800000000)
  region size 2048K, 1 young (2048K), 1 survivors (2048K)
 Metaspace       used 52999K, committed 53504K, reserved 1114112K
  class space    used 7471K, committed 7680K, reserved 1048576K
}
Event: 18.333 GC heap before
{Heap before GC invocations=15 (full 0):
 garbage-first heap   total 61440K, used 45111K [0x0000000741600000, 0x0000000800000000)
  region size 2048K, 12 young (24576K), 1 survivors (2048K)
 Metaspace       used 56289K, committed 56832K, reserved 1114112K
  class space    used 7882K, committed 8128K, reserved 1048576K
}
Event: 18.345 GC heap after
{Heap after GC invocations=16 (full 0):
 garbage-first heap   total 61440K, used 24178K [0x0000000741600000, 0x0000000800000000)
  region size 2048K, 2 young (4096K), 2 survivors (4096K)
 Metaspace       used 56289K, committed 56832K, reserved 1114112K
  class space    used 7882K, committed 8128K, reserved 1048576K
}
Event: 19.399 GC heap before
{Heap before GC invocations=16 (full 0):
 garbage-first heap   total 61440K, used 42610K [0x0000000741600000, 0x0000000800000000)
  region size 2048K, 12 young (24576K), 2 survivors (4096K)
 Metaspace       used 58748K, committed 59200K, reserved 1114112K
  class space    used 8237K, committed 8448K, reserved 1048576K
}
Event: 19.409 GC heap after
{Heap after GC invocations=17 (full 0):
 garbage-first heap   total 61440K, used 26130K [0x0000000741600000, 0x0000000800000000)
  region size 2048K, 2 young (4096K), 2 survivors (4096K)
 Metaspace       used 58748K, committed 59200K, reserved 1114112K
  class space    used 8237K, committed 8448K, reserved 1048576K
}
Event: 20.740 GC heap before
{Heap before GC invocations=17 (full 0):
 garbage-first heap   total 61440K, used 46610K [0x0000000741600000, 0x0000000800000000)
  region size 2048K, 12 young (24576K), 2 survivors (4096K)
 Metaspace       used 61302K, committed 61760K, reserved 1114112K
  class space    used 8630K, committed 8832K, reserved 1048576K
}
Event: 20.752 GC heap after
{Heap after GC invocations=18 (full 0):
 garbage-first heap   total 61440K, used 28104K [0x0000000741600000, 0x0000000800000000)
  region size 2048K, 2 young (4096K), 2 survivors (4096K)
 Metaspace       used 61302K, committed 61760K, reserved 1114112K
  class space    used 8630K, committed 8832K, reserved 1048576K
}

Deoptimization events (20 events):
Event: 21.330 Thread 0x00000295e99c5b50 Uncommon trap: trap_request=0xffffff45 fr.pc=0x0000029587c74550 relative=0x0000000000000490
Event: 21.330 Thread 0x00000295e99c5b50 Uncommon trap: reason=unstable_if action=reinterpret pc=0x0000029587c74550 method=java.util.LinkedHashMap.get(Ljava/lang/Object;)Ljava/lang/Object; @ 16 c2
Event: 21.330 Thread 0x00000295e99c5b50 DEOPT PACKING pc=0x0000029587c74550 sp=0x000000fd66cfcdd0
Event: 21.330 Thread 0x00000295e99c5b50 DEOPT UNPACKING pc=0x00000295875823a3 sp=0x000000fd66cfcd98 mode 2
Event: 21.357 Thread 0x00000295e99c5b50 Uncommon trap: trap_request=0xffffffde fr.pc=0x0000029587d89690 relative=0x0000000000000f90
Event: 21.357 Thread 0x00000295e99c5b50 Uncommon trap: reason=class_check action=maybe_recompile pc=0x0000029587d89690 method=org.springframework.core.annotation.AnnotationsScanner.processClassHierarchy(Ljava/lang/Object;[ILjava/lang/Class;Lorg/springframework/core/annotation/AnnotationsProcess
Event: 21.357 Thread 0x00000295e99c5b50 DEOPT PACKING pc=0x0000029587d89690 sp=0x000000fd66cfd510
Event: 21.358 Thread 0x00000295e99c5b50 DEOPT UNPACKING pc=0x00000295875823a3 sp=0x000000fd66cfd1f8 mode 2
Event: 21.360 Thread 0x00000295e99c5b50 Uncommon trap: trap_request=0xffffffde fr.pc=0x0000029587d89690 relative=0x0000000000000f90
Event: 21.360 Thread 0x00000295e99c5b50 Uncommon trap: reason=class_check action=maybe_recompile pc=0x0000029587d89690 method=org.springframework.core.annotation.AnnotationsScanner.processClassHierarchy(Ljava/lang/Object;[ILjava/lang/Class;Lorg/springframework/core/annotation/AnnotationsProcess
Event: 21.360 Thread 0x00000295e99c5b50 DEOPT PACKING pc=0x0000029587d89690 sp=0x000000fd66cfd470
Event: 21.360 Thread 0x00000295e99c5b50 DEOPT UNPACKING pc=0x00000295875823a3 sp=0x000000fd66cfd158 mode 2
Event: 21.543 Thread 0x00000295e99c5b50 Uncommon trap: trap_request=0xffffffde fr.pc=0x0000029587bcdf9c relative=0x0000000000001a5c
Event: 21.543 Thread 0x00000295e99c5b50 Uncommon trap: reason=class_check action=maybe_recompile pc=0x0000029587bcdf9c method=java.util.zip.InflaterInputStream.read([BII)I @ 100 c2
Event: 21.543 Thread 0x00000295e99c5b50 DEOPT PACKING pc=0x0000029587bcdf9c sp=0x000000fd66cf9ed0
Event: 21.543 Thread 0x00000295e99c5b50 DEOPT UNPACKING pc=0x00000295875823a3 sp=0x000000fd66cf9f20 mode 2
Event: 21.543 Thread 0x00000295e99c5b50 Uncommon trap: trap_request=0xffffffde fr.pc=0x0000029587bcdf9c relative=0x0000000000001a5c
Event: 21.543 Thread 0x00000295e99c5b50 Uncommon trap: reason=class_check action=maybe_recompile pc=0x0000029587bcdf9c method=java.util.zip.InflaterInputStream.read([BII)I @ 100 c2
Event: 21.543 Thread 0x00000295e99c5b50 DEOPT PACKING pc=0x0000029587bcdf9c sp=0x000000fd66cf9ed0
Event: 21.543 Thread 0x00000295e99c5b50 DEOPT UNPACKING pc=0x00000295875823a3 sp=0x000000fd66cf9f20 mode 2

Classes unloaded (0 events):
No events

Classes redefined (0 events):
No events

Internal exceptions (20 events):
Event: 20.193 Thread 0x00000295e99c5b50 Exception <a 'java/lang/IncompatibleClassChangeError'{0x000000074450c428}: Found class java.lang.Object, but interface was expected> (0x000000074450c428) 
thrown [s\open\src\hotspot\share\interpreter\linkResolver.cpp, line 826]
Event: 20.208 Thread 0x00000295e99c5b50 Exception <a 'java/lang/IncompatibleClassChangeError'{0x000000074453bbf0}: Found class java.lang.Object, but interface was expected> (0x000000074453bbf0) 
thrown [s\open\src\hotspot\share\interpreter\linkResolver.cpp, line 826]
Event: 20.440 Thread 0x00000295e99c5b50 Exception <a 'java/lang/NoSuchMethodError'{0x000000074432bdc8}: 'long java.lang.invoke.DirectMethodHandle$Holder.invokeVirtual(java.lang.Object, java.lang.Object)'> (0x000000074432bdc8) 
thrown [s\open\src\hotspot\share\interpreter\linkResolver.cpp, line 759]
Event: 20.457 Thread 0x00000295e99c5b50 Exception <a 'java/lang/NoSuchMethodError'{0x000000074436c6d0}: 'double java.lang.invoke.DirectMethodHandle$Holder.invokeStatic(java.lang.Object, java.lang.Object)'> (0x000000074436c6d0) 
thrown [s\open\src\hotspot\share\interpreter\linkResolver.cpp, line 759]
Event: 20.598 Thread 0x00000295e99c5b50 Implicit null exception at 0x0000029587c5d1e0 to 0x0000029587c5d450
Event: 20.785 Thread 0x00000295faafea10 Exception <a 'java/lang/NoSuchMethodError'{0x000000074d41fd90}: 'long java.lang.invoke.DirectMethodHandle$Holder.invokeStatic(java.lang.Object, java.lang.Object, java.lang.Object)'> (0x000000074d41fd90) 
thrown [s\open\src\hotspot\share\interpreter\linkResolver.cpp, line 759]
Event: 20.937 Thread 0x00000295e99c5b50 Exception <a 'java/lang/NoSuchMethodError'{0x0000000748c7d2c8}: 'void java.lang.invoke.DirectMethodHandle$Holder.invokeStatic(java.lang.Object, java.lang.Object, double)'> (0x0000000748c7d2c8) 
thrown [s\open\src\hotspot\share\interpreter\linkResolver.cpp, line 759]
Event: 20.981 Thread 0x00000295e99c5b50 Exception <a 'java/lang/NoSuchMethodError'{0x0000000748cd8ae0}: 'double java.lang.invoke.DirectMethodHandle$Holder.invokeStatic(java.lang.Object, java.lang.Object, java.lang.Object)'> (0x0000000748cd8ae0) 
thrown [s\open\src\hotspot\share\interpreter\linkResolver.cpp, line 759]
Event: 21.050 Thread 0x00000295e99c5b50 Exception <a 'java/lang/IncompatibleClassChangeError'{0x0000000748dd4418}: Found class java.lang.Object, but interface was expected> (0x0000000748dd4418) 
thrown [s\open\src\hotspot\share\interpreter\linkResolver.cpp, line 826]
Event: 21.056 Thread 0x00000295e99c5b50 Exception <a 'java/lang/NoSuchMethodError'{0x0000000748de8bd8}: 'java.lang.Object java.lang.invoke.DirectMethodHandle$Holder.newInvokeSpecial(java.lang.Object, java.lang.Object, int, java.lang.Object, java.lang.Object)'> (0x0000000748de8bd8) 
thrown [s\open\src\hotspot\share\interpreter\linkResolver.cpp, line 759]
Event: 21.058 Thread 0x00000295e99c5b50 Exception <a 'java/lang/NoSuchMethodError'{0x0000000748df47a0}: 'java.lang.Object java.lang.invoke.DirectMethodHandle$Holder.invokeSpecial(java.lang.Object, java.lang.Object, int, java.lang.Object, int, java.lang.Object)'> (0x0000000748df47a0) 
thrown [s\open\src\hotspot\share\interpreter\linkResolver.cpp, line 759]
Event: 21.060 Thread 0x00000295e99c5b50 Exception <a 'java/lang/NoSuchMethodError'{0x0000000748dfcda0}: 'java.lang.Object java.lang.invoke.DirectMethodHandle$Holder.newInvokeSpecial(java.lang.Object, java.lang.Object, int, java.lang.Object, int)'> (0x0000000748dfcda0) 
thrown [s\open\src\hotspot\share\interpreter\linkResolver.cpp, line 759]
Event: 21.060 Thread 0x00000295e99c5b50 Exception <a 'java/lang/NoSuchMethodError'{0x0000000748a01898}: 'java.lang.Object java.lang.invoke.DirectMethodHandle$Holder.invokeSpecial(java.lang.Object, java.lang.Object, java.lang.Object, int, java.lang.Object, int)'> (0x0000000748a01898) 
thrown [s\open\src\hotspot\share\interpreter\linkResolver.cpp, line 759]
Event: 21.153 Thread 0x00000295e99c5b50 Exception <a 'java/lang/IncompatibleClassChangeError'{0x0000000748a71e58}: Found class java.lang.Object, but interface was expected> (0x0000000748a71e58) 
thrown [s\open\src\hotspot\share\interpreter\linkResolver.cpp, line 826]
Event: 21.365 Thread 0x00000295e99c5b50 Exception <a 'java/lang/NoSuchMethodError'{0x00000007488981b0}: 'java.lang.Object java.lang.invoke.DirectMethodHandle$Holder.newInvokeSpecial(java.lang.Object, java.lang.Object, java.lang.Object, java.lang.Object, int)'> (0x00000007488981b0) 
thrown [s\open\src\hotspot\share\interpreter\linkResolver.cpp, line 759]
Event: 21.366 Thread 0x00000295e99c5b50 Exception <a 'java/lang/NoSuchMethodError'{0x000000074889c698}: 'java.lang.Object java.lang.invoke.DirectMethodHandle$Holder.invokeSpecial(java.lang.Object, java.lang.Object, java.lang.Object, java.lang.Object, java.lang.Object, int)'> (0x000000074889c698) 
thrown [s\open\src\hotspot\share\interpreter\linkResolver.cpp, line 759]
Event: 21.366 Thread 0x00000295e99c5b50 Exception <a 'java/lang/NoSuchMethodError'{0x00000007488a0428}: 'java.lang.Object java.lang.invoke.Invokers$Holder.linkToTargetMethod(java.lang.Object, java.lang.Object, java.lang.Object, int, java.lang.Object)'> (0x00000007488a0428) 
thrown [s\open\src\hotspot\share\interpreter\linkResolver.cpp, line 759]
Event: 21.534 Thread 0x00000295e99c5b50 Exception <a 'java/lang/reflect/InvocationTargetException'{0x00000007489e57b0}> (0x00000007489e57b0) 
thrown [s\open\src\hotspot\share\runtime\reflection.cpp, line 1121]
Event: 21.736 Thread 0x00000295e99c5b50 Exception <a 'java/lang/NoSuchMethodError'{0x0000000748606700}: 'void java.lang.invoke.DirectMethodHandle$Holder.invokeStatic(java.lang.Object, long)'> (0x0000000748606700) 
thrown [s\open\src\hotspot\share\interpreter\linkResolver.cpp, line 759]
Event: 21.737 Thread 0x00000295e99c5b50 Exception <a 'java/lang/NoSuchMethodError'{0x000000074860c0c0}: 'java.lang.Object java.lang.invoke.DirectMethodHandle$Holder.newInvokeSpecial(java.lang.Object, long)'> (0x000000074860c0c0) 
thrown [s\open\src\hotspot\share\interpreter\linkResolver.cpp, line 759]

VM Operations (20 events):
Event: 19.565 Executing VM operation: HandshakeAllThreads
Event: 19.565 Executing VM operation: HandshakeAllThreads done
Event: 19.567 Executing VM operation: HandshakeAllThreads
Event: 19.567 Executing VM operation: HandshakeAllThreads done
Event: 20.567 Executing VM operation: Cleanup
Event: 20.568 Executing VM operation: Cleanup done
Event: 20.702 Executing VM operation: HandshakeAllThreads
Event: 20.702 Executing VM operation: HandshakeAllThreads done
Event: 20.703 Executing VM operation: HandshakeAllThreads
Event: 20.703 Executing VM operation: HandshakeAllThreads done
Event: 20.715 Executing VM operation: HandshakeAllThreads
Event: 20.715 Executing VM operation: HandshakeAllThreads done
Event: 20.720 Executing VM operation: HandshakeAllThreads
Event: 20.720 Executing VM operation: HandshakeAllThreads done
Event: 20.740 Executing VM operation: G1CollectForAllocation
Event: 20.752 Executing VM operation: G1CollectForAllocation done
Event: 20.988 Executing VM operation: HandshakeAllThreads
Event: 20.988 Executing VM operation: HandshakeAllThreads done
Event: 21.542 Executing VM operation: HandshakeAllThreads
Event: 21.542 Executing VM operation: HandshakeAllThreads done

Events (20 events):
Event: 21.509 loading class java/security/DomainCombiner
Event: 21.509 loading class java/security/DomainCombiner done
Event: 21.511 loading class java/lang/ProcessHandle$Info
Event: 21.511 loading class java/lang/ProcessHandle$Info done
Event: 21.533 loading class java/lang/instrument/Instrumentation
Event: 21.534 loading class java/lang/instrument/Instrumentation done
Event: 21.541 loading class java/util/jar/JarInputStream
Event: 21.541 loading class java/util/jar/JarInputStream done
Event: 21.552 loading class sun/security/util/ManifestEntryVerifier
Event: 21.552 loading class sun/security/util/ManifestEntryVerifier done
Event: 21.555 loading class java/lang/ProcessBuilder
Event: 21.556 loading class java/lang/ProcessBuilder done
Event: 21.556 loading class java/lang/ProcessImpl
Event: 21.557 loading class java/lang/ProcessImpl done
Event: 21.738 loading class java/lang/ProcessImpl$2
Event: 21.738 loading class java/lang/ProcessImpl$2 done
Event: 21.738 loading class java/lang/Process$PipeInputStream
Event: 21.739 loading class java/lang/Process$PipeInputStream done
Event: 21.739 loading class jdk/internal/event/ProcessStartEvent
Event: 21.739 loading class jdk/internal/event/ProcessStartEvent done


Dynamic libraries:
0x00007ff79ef70000 - 0x00007ff79ef80000 	C:\Program Files\Java\jdk-17\bin\javaw.exe
0x00007fff10110000 - 0x00007fff10308000 	C:\WINDOWS\SYSTEM32\ntdll.dll
0x00007fff0f100000 - 0x00007fff0f1bd000 	C:\WINDOWS\System32\KERNEL32.DLL
0x00007fff0d820000 - 0x00007fff0db16000 	C:\WINDOWS\System32\KERNELBASE.dll
0x00007fff0db20000 - 0x00007fff0dc20000 	C:\WINDOWS\System32\ucrtbase.dll
0x00007fff062d0000 - 0x00007fff062e9000 	C:\Program Files\Java\jdk-17\bin\jli.dll
0x00007fff0f800000 - 0x00007fff0f8ae000 	C:\WINDOWS\System32\ADVAPI32.dll
0x00007fff0fb10000 - 0x00007fff0fbae000 	C:\WINDOWS\System32\msvcrt.dll
0x00007fff0f220000 - 0x00007fff0f2bc000 	C:\WINDOWS\System32\sechost.dll
0x00007fff0fed0000 - 0x00007fff0fff6000 	C:\WINDOWS\System32\RPCRT4.dll
0x00007fff0e2f0000 - 0x00007fff0e48e000 	C:\WINDOWS\System32\USER32.dll
0x00007fff0d7f0000 - 0x00007fff0d812000 	C:\WINDOWS\System32\win32u.dll
0x00007fff0ec60000 - 0x00007fff0ec8c000 	C:\WINDOWS\System32\GDI32.dll
0x00007fff0df70000 - 0x00007fff0e08a000 	C:\WINDOWS\System32\gdi32full.dll
0x00007fff0dc90000 - 0x00007fff0dd2d000 	C:\WINDOWS\System32\msvcp_win.dll
0x00007fff05bb0000 - 0x00007fff05bcb000 	C:\Program Files\Java\jdk-17\bin\VCRUNTIME140.dll
0x00007ffefe830000 - 0x00007ffefeaca000 	C:\WINDOWS\WinSxS\amd64_microsoft.windows.common-controls_6595b64144ccf1df_6.0.19041.1110_none_60b5254171f9507e\COMCTL32.dll
0x00007fff06110000 - 0x00007fff0611a000 	C:\WINDOWS\SYSTEM32\VERSION.dll
0x00007fff0fa30000 - 0x00007fff0fa60000 	C:\WINDOWS\System32\IMM32.DLL
0x00007fff0ab60000 - 0x00007fff0ab6c000 	C:\Program Files\Java\jdk-17\bin\vcruntime140_1.dll
0x00007ffefd340000 - 0x00007ffefd3ce000 	C:\Program Files\Java\jdk-17\bin\msvcp140.dll
0x00007ffed0d00000 - 0x00007ffed18de000 	C:\Program Files\Java\jdk-17\bin\server\jvm.dll
0x00007fff0f7d0000 - 0x00007fff0f7d8000 	C:\WINDOWS\System32\PSAPI.DLL
0x00007ffef0550000 - 0x00007ffef0559000 	C:\WINDOWS\SYSTEM32\WSOCK32.dll
0x00007fff10000000 - 0x00007fff1006b000 	C:\WINDOWS\System32\WS2_32.dll
0x00007ffeefac0000 - 0x00007ffeefae7000 	C:\WINDOWS\SYSTEM32\WINMM.dll
0x00007fff0bfd0000 - 0x00007fff0bfe2000 	C:\WINDOWS\SYSTEM32\kernel.appcore.dll
0x00007fff090c0000 - 0x00007fff090ca000 	C:\Program Files\Java\jdk-17\bin\jimage.dll
0x00007fff0bdc0000 - 0x00007fff0bfa4000 	C:\WINDOWS\SYSTEM32\DBGHELP.DLL
0x00007ffeff4b0000 - 0x00007ffeff4e4000 	C:\WINDOWS\SYSTEM32\dbgcore.DLL
0x00007fff0dd30000 - 0x00007fff0ddb2000 	C:\WINDOWS\System32\bcryptPrimitives.dll
0x00007ffefde40000 - 0x00007ffefde65000 	C:\Program Files\Java\jdk-17\bin\java.dll
0x00007ffefc930000 - 0x00007ffefca07000 	C:\Program Files\Java\jdk-17\bin\jsvml.dll
0x00007fff0e4a0000 - 0x00007fff0ebe5000 	C:\WINDOWS\System32\SHELL32.dll
0x00007fff0b4e0000 - 0x00007fff0bc7b000 	C:\WINDOWS\SYSTEM32\windows.storage.dll
0x00007fff0f2c0000 - 0x00007fff0f614000 	C:\WINDOWS\System32\combase.dll
0x00007fff0d080000 - 0x00007fff0d0ae000 	C:\WINDOWS\SYSTEM32\Wldp.dll
0x00007fff0f980000 - 0x00007fff0fa2d000 	C:\WINDOWS\System32\SHCORE.dll
0x00007fff10070000 - 0x00007fff100c5000 	C:\WINDOWS\System32\shlwapi.dll
0x00007fff0d720000 - 0x00007fff0d745000 	C:\WINDOWS\SYSTEM32\profapi.dll
0x00007ffefd5c0000 - 0x00007ffefd5d9000 	C:\Program Files\Java\jdk-17\bin\net.dll
0x00007fff02f90000 - 0x00007fff0309a000 	C:\WINDOWS\SYSTEM32\WINHTTP.dll
0x00007fff0ce60000 - 0x00007fff0ceca000 	C:\WINDOWS\system32\mswsock.dll
0x00007ffefd590000 - 0x00007ffefd5a6000 	C:\Program Files\Java\jdk-17\bin\nio.dll
0x00007fff05b70000 - 0x00007fff05b88000 	C:\Program Files\Java\jdk-17\bin\zip.dll
0x00007fff0cb70000 - 0x00007fff0cbab000 	C:\WINDOWS\SYSTEM32\IPHLPAPI.DLL
0x00007fff0e490000 - 0x00007fff0e498000 	C:\WINDOWS\System32\NSI.dll
0x00007fff02ad0000 - 0x00007fff02ae7000 	C:\WINDOWS\SYSTEM32\dhcpcsvc6.DLL
0x00007ffeffbd0000 - 0x00007ffeffbed000 	C:\WINDOWS\SYSTEM32\dhcpcsvc.DLL
0x00007fff0cbb0000 - 0x00007fff0cc7a000 	C:\WINDOWS\SYSTEM32\DNSAPI.dll
0x00007fff0d0c0000 - 0x00007fff0d0d8000 	C:\WINDOWS\SYSTEM32\CRYPTSP.dll
0x00007fff0c790000 - 0x00007fff0c7c4000 	C:\WINDOWS\system32\rsaenh.dll
0x00007fff0e140000 - 0x00007fff0e167000 	C:\WINDOWS\System32\bcrypt.dll
0x00007fff0d6e0000 - 0x00007fff0d70e000 	C:\WINDOWS\SYSTEM32\USERENV.dll
0x00007fff0cff0000 - 0x00007fff0cffc000 	C:\WINDOWS\SYSTEM32\CRYPTBASE.dll
0x00007fff06300000 - 0x00007fff06310000 	C:\Program Files\Java\jdk-17\bin\verify.dll
0x00007ffefe470000 - 0x00007ffefe47a000 	C:\Program Files\Java\jdk-17\bin\management.dll
0x00007ffefdd00000 - 0x00007ffefdd0b000 	C:\Program Files\Java\jdk-17\bin\management_ext.dll

dbghelp: loaded successfully - version: 4.0.5 - missing functions: none
symbol engine: initialized successfully - sym options: 0x614 - pdb path: .;C:\Program Files\Java\jdk-17\bin;C:\WINDOWS\SYSTEM32;C:\WINDOWS\WinSxS\amd64_microsoft.windows.common-controls_6595b64144ccf1df_6.0.19041.1110_none_60b5254171f9507e;C:\Program Files\Java\jdk-17\bin\server

VM Arguments:
jvm_args: -ea -Dfile.encoding=UTF-8 -XX:+ShowCodeDetailsInExceptionMessages 
java_command: org.eclipse.jdt.internal.junit.runner.RemoteTestRunner -version 3 -port 57363 -testLoaderClass org.eclipse.jdt.internal.junit5.runner.JUnit5TestLoader -loaderpluginname org.eclipse.jdt.junit5.runtime -classNames fr.gestionformation.web.SessionRestControllerTest
java_class_path (initial): D:\Developpement\eclipse workspace\gestion_formation_backend\target\test-classes;D:\Developpement\eclipse workspace\gestion_formation_backend\target\classes;C:\Users\moulo\.m2\repository\org\springframework\boot\spring-boot-starter-actuator\3.1.4\spring-boot-starter-actuator-3.1.4.jar;C:\Users\moulo\.m2\repository\org\springframework\boot\spring-boot-starter\3.1.4\spring-boot-starter-3.1.4.jar;C:\Users\moulo\.m2\repository\org\springframework\boot\spring-boot-starter-logging\3.1.4\spring-boot-starter-logging-3.1.4.jar;C:\Users\moulo\.m2\repository\ch\qos\logback\logback-classic\1.4.11\logback-classic-1.4.11.jar;C:\Users\moulo\.m2\repository\ch\qos\logback\logback-core\1.4.11\logback-core-1.4.11.jar;C:\Users\moulo\.m2\repository\org\apache\logging\log4j\log4j-to-slf4j\2.20.0\log4j-to-slf4j-2.20.0.jar;C:\Users\moulo\.m2\repository\org\apache\logging\log4j\log4j-api\2.20.0\log4j-api-2.20.0.jar;C:\Users\moulo\.m2\repository\org\slf4j\jul-to-slf4j\2.0.9\jul-to-slf4j-2.0.9.jar;C:\Users\moulo\.m2\repository\jakarta\annotation\jakarta.annotation-api\2.1.1\jakarta.annotation-api-2.1.1.jar;C:\Users\moulo\.m2\repository\org\yaml\snakeyaml\1.33\snakeyaml-1.33.jar;C:\Users\moulo\.m2\repository\org\springframework\boot\spring-boot-actuator-autoconfigure\3.1.4\spring-boot-actuator-autoconfigure-3.1.4.jar;C:\Users\moulo\.m2\repository\org\springframework\boot\spring-boot-actuator\3.1.4\spring-boot-actuator-3.1.4.jar;C:\Users\moulo\.m2\repository\com\fasterxml\jackson\core\jackson-databind\2.15.2\jackson-databind-2.15.2.jar;C:\Users\moulo\.m2\repository\com\fasterxml\jackson\core\jackson-annotations\2.15.2\jackson-annotations-2.15.2.jar;C:\Users\moulo\.m2\repository\com\fasterxml\jackson\core\jackson-core\2.15.2\jackson-core-2.15.2.jar;C:\Users\moulo\.m2\repository\com\fasterxml\jackson\datatype\jackson-datatype-jsr310\2.15.2\jackson-datatype-jsr310-2.15.2.jar;C:\Users\moulo\.m2\repository\io\micrometer\micrometer-observation\1.11.4\micrometer-observatio
Launcher Type: SUN_STANDARD

[Global flags]
     intx CICompilerCount                          = 3                                         {product} {ergonomic}
     uint ConcGCThreads                            = 1                                         {product} {ergonomic}
     uint G1ConcRefinementThreads                  = 4                                         {product} {ergonomic}
   size_t G1HeapRegionSize                         = 2097152                                   {product} {ergonomic}
    uintx GCDrainStackTargetSize                   = 64                                        {product} {ergonomic}
   size_t InitialHeapSize                          = 201326592                                 {product} {ergonomic}
   size_t MarkStackSize                            = 4194304                                   {product} {ergonomic}
   size_t MaxHeapSize                              = 3198156800                                {product} {ergonomic}
   size_t MaxNewSize                               = 1918894080                                {product} {ergonomic}
   size_t MinHeapDeltaBytes                        = 2097152                                   {product} {ergonomic}
   size_t MinHeapSize                              = 8388608                                   {product} {ergonomic}
    uintx NonNMethodCodeHeapSize                   = 5832780                                {pd product} {ergonomic}
    uintx NonProfiledCodeHeapSize                  = 122912730                              {pd product} {ergonomic}
    uintx ProfiledCodeHeapSize                     = 122912730                              {pd product} {ergonomic}
    uintx ReservedCodeCacheSize                    = 251658240                              {pd product} {ergonomic}
     bool SegmentedCodeCache                       = true                                      {product} {ergonomic}
     bool ShowCodeDetailsInExceptionMessages       = true                                   {manageable} {command line}
   size_t SoftMaxHeapSize                          = 3198156800                             {manageable} {ergonomic}
     bool UseCompressedClassPointers               = true                           {product lp64_product} {ergonomic}
     bool UseCompressedOops                        = true                           {product lp64_product} {ergonomic}
     bool UseG1GC                                  = true                                      {product} {ergonomic}
     bool UseLargePagesIndividualAllocation        = false                                  {pd product} {ergonomic}

Logging:
Log output configuration:
 #0: stdout all=warning uptime,level,tags
 #1: stderr all=off uptime,level,tags

Environment Variables:
JAVA_HOME=C:\Program Files\Java\jdk-17\bin
PATH=C:\Python311\Scripts\;C:\Python311\;C:\Program Files\Common Files\Oracle\Java\javapath;C:\Users\moulo\AppData\Local\Programs\Python\Python38\Scripts\;C:\Users\moulo\AppData\Local\Programs\Python\Python38\;C:\oraclexe\app\oracle\product\11.2.0\server\bin;C:\Program Files\Python38\Scripts\;C:\Program Files\Python38\;C:\Program Files\Java\jdk-11.0.2\bin;C:\WINDOWS\system32;C:\WINDOWS;C:\WINDOWS\System32\Wbem;C:\WINDOWS\System32\WindowsPowerShell\v1.0\;C:\WINDOWS\System32\OpenSSH\;C:\Program Files (x86)\Intel\Intel(R) Management Engine Components\DAL;C:\Program Files\Intel\Intel(R) Management Engine Components\DAL;C:\Program Files\PuTTY\;C:\Program Files\Git\cmd;C:\Program Files\Java\jdk-17\bin;C:\ProgramData\chocolatey\bin;C:\Program Files\dotnet\;C:\Program Files\Microsoft SQL Server\130\Tools\Binn\;C:\Program Files\nodejs\;C:\Users\moulo\anaconda3;C:\Users\moulo\anaconda3\Library\mingw-w64\bin;C:\Users\moulo\anaconda3\Library\usr\bin;C:\Users\moulo\anaconda3\Library\bin;C:\Users\moulo\anaconda3\Scripts;C:\Users\moulo\scoop\apps\nodejs\current\bin;C:\Users\moulo\scoop\apps\nodejs\current;C:\Users\moulo\scoop\apps\yarn\current\Yarn\bin;C:\Users\moulo\scoop\apps\yarn\current\global\node_modules\.bin;C:\Users\moulo\scoop\shims;C:\Users\moulo\AppData\Local\Microsoft\WindowsApps;C:\Users\moulo\AppData\Local\Programs\Microsoft VS Code\bin;C:\Tools\flutter\bin;C:\Users\moulo\AppData\Local\GitHubDesktop\bin;C:\Users\moulo\AppData\Local\Microsoft\WindowsApps;C:\Program Files\JetBrains\IntelliJ IDEA Educational Edition 2020.2.3\bin;;C:\Program Files\JetBrains\PyCharm Edu 2020.2.3\bin;;C:\Program Files\JetBrains\WebStorm 2020.2.3\bin;;C:\Users\moulo\.dotnet\tools;C:\Tools\apache-cassandra-3.11.9\bin;C:\Python27;C:\wamp64\bin\mysql\mysql5.7.24\bin;C:\Tools\apache-maven-3.8.1\bin;C:\Program Files\MongoDB\Server\4.2\bin;C:\Program Files\JetBrains\IntelliJ IDEA 2021.2\bin;;C:\Users\moulo\AppData\Roaming\npm
USERNAME=moulo
OS=Windows_NT
PROCESSOR_IDENTIFIER=Intel64 Family 6 Model 78 Stepping 3, GenuineIntel



---------------  S Y S T E M  ---------------

OS:
 Windows 10 , 64 bit Build 19041 (10.0.19041.3393)
OS uptime: 16 days 8:30 hours
Hyper-V role detected

CPU: total 4 (initial active 4) (2 cores per cpu, 2 threads per core) family 6 model 78 stepping 3 microcode 0xcc, cx8, cmov, fxsr, ht, mmx, 3dnowpref, sse, sse2, sse3, ssse3, sse4.1, sse4.2, popcnt, lzcnt, tsc, tscinvbit, avx, avx2, aes, erms, clmul, bmi1, bmi2, adx, fma, vzeroupper, clflush, clflushopt, hv

Memory: 4k page, system-wide physical 12197M (1106M free)
TotalPageFile size 27300M (AvailPageFile size 10M)
current process WorkingSet (physical memory assigned to process): 238M, peak: 248M
current process commit charge ("private bytes"): 270M, peak: 333M

vm_info: Java HotSpot(TM) 64-Bit Server VM (17.0.8+9-LTS-211) for windows-amd64 JRE (17.0.8+9-LTS-211), built on Jun 14 2023 10:34:31 by "mach5one" with MS VC++ 17.1 (VS2022)

END.
